000 (202077.001.000) 2025-05-16 11:33:59 Job submitted from host: <172.30.1.200:9618?addrs=172.30.1.200-9618&alias=tamsa2&noUDP&sock=schedd_2464_ad72>
...
001 (202077.001.000) 2025-05-16 11:34:08 Job executing on host: <172.30.1.213:9618?addrs=172.30.1.213-9618&alias=node-w13.localdomain&noUDP&sock=startd_3910_8364>
	SlotName: slot1_26@node-w13.localdomain
	CondorScratchDir = "/var/lib/condor/execute/dir_2421158"
	Cpus = 1
	Disk = 23552
	GPUs = 0
	Memory = 3968
...
006 (202077.001.000) 2025-05-16 11:34:23 Image size of job updated: 9704
	10  -  MemoryUsage of job (MB)
	9704  -  ResidentSetSize of job (KB)
...
006 (202077.001.000) 2025-05-16 11:35:42 Image size of job updated: 10440
	10  -  MemoryUsage of job (MB)
	9704  -  ResidentSetSize of job (KB)
...
005 (202077.001.000) 2025-05-16 11:35:42 Job terminated.
	(1) Normal termination (return value 2)
		Usr 0 00:00:01, Sys 0 00:00:02  -  Run Remote Usage
		Usr 0 00:00:00, Sys 0 00:00:00  -  Run Local Usage
		Usr 0 00:00:01, Sys 0 00:00:02  -  Total Remote Usage
		Usr 0 00:00:00, Sys 0 00:00:00  -  Total Local Usage
	0  -  Run Bytes Sent By Job
	0  -  Run Bytes Received By Job
	0  -  Total Bytes Sent By Job
	0  -  Total Bytes Received By Job
	Partitionable Resources :    Usage  Request Allocated 
	   Cpus                 :        0        1         1 
	   Disk (KB)            :    22500    22500     23552 
	   GPUs                 :                           0 
	   Memory (MB)          :       10     3900      3968 
	   TimeExecute (s)      :       94                    
	   TimeSlotBusy (s)     :       96                    

	Job terminated of its own accord at 2025-05-16T02:35:42Z with exit-code 2.
...
000 (202083.001.000) 2025-05-16 11:49:30 Job submitted from host: <172.30.1.200:9618?addrs=172.30.1.200-9618&alias=tamsa2&noUDP&sock=schedd_2464_ad72>
...
001 (202083.001.000) 2025-05-16 11:50:31 Job executing on host: <172.30.1.213:9618?addrs=172.30.1.213-9618&alias=node-w13.localdomain&noUDP&sock=startd_3910_8364>
	SlotName: slot1_37@node-w13.localdomain
	CondorScratchDir = "/var/lib/condor/execute/dir_2445888"
	Cpus = 1
	Disk = 23552
	GPUs = 0
	Memory = 3968
...
006 (202083.001.000) 2025-05-16 11:50:45 Image size of job updated: 77388
	76  -  MemoryUsage of job (MB)
	77388  -  ResidentSetSize of job (KB)
...
006 (202083.001.000) 2025-05-16 11:55:46 Image size of job updated: 84304
	83  -  MemoryUsage of job (MB)
	84304  -  ResidentSetSize of job (KB)
...
005 (202083.001.000) 2025-05-16 12:48:30 Job terminated.
	(1) Normal termination (return value 1)
		Usr 0 00:57:23, Sys 0 00:00:01  -  Run Remote Usage
		Usr 0 00:00:00, Sys 0 00:00:00  -  Run Local Usage
		Usr 0 00:57:23, Sys 0 00:00:01  -  Total Remote Usage
		Usr 0 00:00:00, Sys 0 00:00:00  -  Total Local Usage
	0  -  Run Bytes Sent By Job
	0  -  Run Bytes Received By Job
	0  -  Total Bytes Sent By Job
	0  -  Total Bytes Received By Job
	Partitionable Resources :    Usage  Request Allocated 
	   Cpus                 :     0.99        1         1 
	   Disk (KB)            : 22500       22500     23552 
	   GPUs                 :                           0 
	   Memory (MB)          :    83        3900      3968 
	   TimeExecute (s)      :  3479                       
	   TimeSlotBusy (s)     :  3479                       

	Job terminated of its own accord at 2025-05-16T03:48:30Z with exit-code 1.
...
