000 (303213.029.000) 2025-05-21 18:15:53 Job submitted from host: <172.30.1.200:9618?addrs=172.30.1.200-9618&alias=tamsa2&noUDP&sock=schedd_2464_ad72>
...
001 (303213.029.000) 2025-05-21 18:15:55 Job executing on host: <172.30.1.213:9618?addrs=172.30.1.213-9618&alias=node-w13.localdomain&noUDP&sock=startd_3910_8364>
	SlotName: slot1_8@node-w13.localdomain
	CondorScratchDir = "/var/lib/condor/execute/dir_118253"
	Cpus = 1
	Disk = 23552
	GPUs = 0
	Memory = 3968
...
006 (303213.029.000) 2025-05-21 18:16:09 Image size of job updated: 9404
	10  -  MemoryUsage of job (MB)
	9404  -  ResidentSetSize of job (KB)
...
006 (303213.029.000) 2025-05-21 18:21:10 Image size of job updated: 163096
	160  -  MemoryUsage of job (MB)
	163096  -  ResidentSetSize of job (KB)
...
006 (303213.029.000) 2025-05-21 18:41:12 Image size of job updated: 163100
	160  -  MemoryUsage of job (MB)
	163100  -  ResidentSetSize of job (KB)
...
006 (303213.029.000) 2025-05-21 20:21:26 Image size of job updated: 192188
	188  -  MemoryUsage of job (MB)
	192188  -  ResidentSetSize of job (KB)
...
005 (303213.029.000) 2025-05-21 20:25:11 Job terminated.
	(1) Normal termination (return value 1)
		Usr 0 02:05:34, Sys 0 00:00:03  -  Run Remote Usage
		Usr 0 00:00:00, Sys 0 00:00:00  -  Run Local Usage
		Usr 0 02:05:34, Sys 0 00:00:03  -  Total Remote Usage
		Usr 0 00:00:00, Sys 0 00:00:00  -  Total Local Usage
	0  -  Run Bytes Sent By Job
	0  -  Run Bytes Received By Job
	0  -  Total Bytes Sent By Job
	0  -  Total Bytes Received By Job
	Partitionable Resources :    Usage  Request Allocated 
	   Cpus                 :     1.00        1         1 
	   Disk (KB)            : 22500       22500     23552 
	   GPUs                 :                           0 
	   Memory (MB)          :   188        3900      3968 
	   TimeExecute (s)      :  7756                       
	   TimeSlotBusy (s)     :  7756                       

	Job terminated of its own accord at 2025-05-21T11:25:11Z with exit-code 1.
...
