LHAPDF 6.3.0 loading /cvmfs/cms.cern.ch/el9_amd64_gcc12/external/lhapdf/6.4.0-e7c4b9323f96fa15c22775e405ec99ed/share/LHAPDF/NNPDF31_nnlo_as_0118_luxqed/NNPDF31_nnlo_as_0118_luxqed_0000.dat
NNPDF31_nnlo_as_0118_luxqed PDF set, member #0, version 2; LHAPDF ID = 325100
LHAPDF 6.3.0 loading /cvmfs/cms.cern.ch/el9_amd64_gcc12/external/lhapdf/6.4.0-e7c4b9323f96fa15c22775e405ec99ed/share/LHAPDF/NNPDF31_nnlo_as_0118_luxqed/NNPDF31_nnlo_as_0118_luxqed_0001.dat
NNPDF31_nnlo_as_0118_luxqed PDF set, member #1, version 2; LHAPDF ID = 325101
LHAPDF 6.3.0 loading /cvmfs/cms.cern.ch/el9_amd64_gcc12/external/lhapdf/6.4.0-e7c4b9323f96fa15c22775e405ec99ed/share/LHAPDF/NNPDF31_nnlo_as_0118_luxqed/NNPDF31_nnlo_as_0118_luxqed_0002.dat
NNPDF31_nnlo_as_0118_luxqed PDF set, member #2, version 2; LHAPDF ID = 325102
LHAPDF 6.3.0 loading /cvmfs/cms.cern.ch/el9_amd64_gcc12/external/lhapdf/6.4.0-e7c4b9323f96fa15c22775e405ec99ed/share/LHAPDF/NNPDF31_nnlo_as_0118_luxqed/NNPDF31_nnlo_as_0118_luxqed_0003.dat
NNPDF31_nnlo_as_0118_luxqed PDF set, member #3, version 2; LHAPDF ID = 325103
LHAPDF 6.3.0 loading /cvmfs/cms.cern.ch/el9_amd64_gcc12/external/lhapdf/6.4.0-e7c4b9323f96fa15c22775e405ec99ed/share/LHAPDF/NNPDF31_nnlo_as_0118_luxqed/NNPDF31_nnlo_as_0118_luxqed_0004.dat
NNPDF31_nnlo_as_0118_luxqed PDF set, member #4, version 2; LHAPDF ID = 325104
LHAPDF 6.3.0 loading /cvmfs/cms.cern.ch/el9_amd64_gcc12/external/lhapdf/6.4.0-e7c4b9323f96fa15c22775e405ec99ed/share/LHAPDF/NNPDF31_nnlo_as_0118_luxqed/NNPDF31_nnlo_as_0118_luxqed_0005.dat
NNPDF31_nnlo_as_0118_luxqed PDF set, member #5, version 2; LHAPDF ID = 325105
LHAPDF 6.3.0 loading /cvmfs/cms.cern.ch/el9_amd64_gcc12/external/lhapdf/6.4.0-e7c4b9323f96fa15c22775e405ec99ed/share/LHAPDF/NNPDF31_nnlo_as_0118_luxqed/NNPDF31_nnlo_as_0118_luxqed_0006.dat
NNPDF31_nnlo_as_0118_luxqed PDF set, member #6, version 2; LHAPDF ID = 325106
LHAPDF 6.3.0 loading /cvmfs/cms.cern.ch/el9_amd64_gcc12/external/lhapdf/6.4.0-e7c4b9323f96fa15c22775e405ec99ed/share/LHAPDF/NNPDF31_nnlo_as_0118_luxqed/NNPDF31_nnlo_as_0118_luxqed_0007.dat
NNPDF31_nnlo_as_0118_luxqed PDF set, member #7, version 2; LHAPDF ID = 325107
LHAPDF 6.3.0 loading /cvmfs/cms.cern.ch/el9_amd64_gcc12/external/lhapdf/6.4.0-e7c4b9323f96fa15c22775e405ec99ed/share/LHAPDF/NNPDF31_nnlo_as_0118_luxqed/NNPDF31_nnlo_as_0118_luxqed_0008.dat
NNPDF31_nnlo_as_0118_luxqed PDF set, member #8, version 2; LHAPDF ID = 325108
LHAPDF 6.3.0 loading /cvmfs/cms.cern.ch/el9_amd64_gcc12/external/lhapdf/6.4.0-e7c4b9323f96fa15c22775e405ec99ed/share/LHAPDF/NNPDF31_nnlo_as_0118_luxqed/NNPDF31_nnlo_as_0118_luxqed_0009.dat
NNPDF31_nnlo_as_0118_luxqed PDF set, member #9, version 2; LHAPDF ID = 325109
LHAPDF 6.3.0 loading /cvmfs/cms.cern.ch/el9_amd64_gcc12/external/lhapdf/6.4.0-e7c4b9323f96fa15c22775e405ec99ed/share/LHAPDF/NNPDF31_nnlo_as_0118_luxqed/NNPDF31_nnlo_as_0118_luxqed_0010.dat
NNPDF31_nnlo_as_0118_luxqed PDF set, member #10, version 2; LHAPDF ID = 325110
LHAPDF 6.3.0 loading /cvmfs/cms.cern.ch/el9_amd64_gcc12/external/lhapdf/6.4.0-e7c4b9323f96fa15c22775e405ec99ed/share/LHAPDF/NNPDF31_nnlo_as_0118_luxqed/NNPDF31_nnlo_as_0118_luxqed_0011.dat
NNPDF31_nnlo_as_0118_luxqed PDF set, member #11, version 2; LHAPDF ID = 325111
LHAPDF 6.3.0 loading /cvmfs/cms.cern.ch/el9_amd64_gcc12/external/lhapdf/6.4.0-e7c4b9323f96fa15c22775e405ec99ed/share/LHAPDF/NNPDF31_nnlo_as_0118_luxqed/NNPDF31_nnlo_as_0118_luxqed_0012.dat
NNPDF31_nnlo_as_0118_luxqed PDF set, member #12, version 2; LHAPDF ID = 325112
LHAPDF 6.3.0 loading /cvmfs/cms.cern.ch/el9_amd64_gcc12/external/lhapdf/6.4.0-e7c4b9323f96fa15c22775e405ec99ed/share/LHAPDF/NNPDF31_nnlo_as_0118_luxqed/NNPDF31_nnlo_as_0118_luxqed_0013.dat
NNPDF31_nnlo_as_0118_luxqed PDF set, member #13, version 2; LHAPDF ID = 325113
LHAPDF 6.3.0 loading /cvmfs/cms.cern.ch/el9_amd64_gcc12/external/lhapdf/6.4.0-e7c4b9323f96fa15c22775e405ec99ed/share/LHAPDF/NNPDF31_nnlo_as_0118_luxqed/NNPDF31_nnlo_as_0118_luxqed_0014.dat
NNPDF31_nnlo_as_0118_luxqed PDF set, member #14, version 2; LHAPDF ID = 325114
LHAPDF 6.3.0 loading /cvmfs/cms.cern.ch/el9_amd64_gcc12/external/lhapdf/6.4.0-e7c4b9323f96fa15c22775e405ec99ed/share/LHAPDF/NNPDF31_nnlo_as_0118_luxqed/NNPDF31_nnlo_as_0118_luxqed_0015.dat
NNPDF31_nnlo_as_0118_luxqed PDF set, member #15, version 2; LHAPDF ID = 325115
LHAPDF 6.3.0 loading /cvmfs/cms.cern.ch/el9_amd64_gcc12/external/lhapdf/6.4.0-e7c4b9323f96fa15c22775e405ec99ed/share/LHAPDF/NNPDF31_nnlo_as_0118_luxqed/NNPDF31_nnlo_as_0118_luxqed_0016.dat
NNPDF31_nnlo_as_0118_luxqed PDF set, member #16, version 2; LHAPDF ID = 325116
LHAPDF 6.3.0 loading /cvmfs/cms.cern.ch/el9_amd64_gcc12/external/lhapdf/6.4.0-e7c4b9323f96fa15c22775e405ec99ed/share/LHAPDF/NNPDF31_nnlo_as_0118_luxqed/NNPDF31_nnlo_as_0118_luxqed_0017.dat
NNPDF31_nnlo_as_0118_luxqed PDF set, member #17, version 2; LHAPDF ID = 325117
LHAPDF 6.3.0 loading /cvmfs/cms.cern.ch/el9_amd64_gcc12/external/lhapdf/6.4.0-e7c4b9323f96fa15c22775e405ec99ed/share/LHAPDF/NNPDF31_nnlo_as_0118_luxqed/NNPDF31_nnlo_as_0118_luxqed_0018.dat
NNPDF31_nnlo_as_0118_luxqed PDF set, member #18, version 2; LHAPDF ID = 325118
LHAPDF 6.3.0 loading /cvmfs/cms.cern.ch/el9_amd64_gcc12/external/lhapdf/6.4.0-e7c4b9323f96fa15c22775e405ec99ed/share/LHAPDF/NNPDF31_nnlo_as_0118_luxqed/NNPDF31_nnlo_as_0118_luxqed_0019.dat
NNPDF31_nnlo_as_0118_luxqed PDF set, member #19, version 2; LHAPDF ID = 325119
LHAPDF 6.3.0 loading /cvmfs/cms.cern.ch/el9_amd64_gcc12/external/lhapdf/6.4.0-e7c4b9323f96fa15c22775e405ec99ed/share/LHAPDF/NNPDF31_nnlo_as_0118_luxqed/NNPDF31_nnlo_as_0118_luxqed_0020.dat
NNPDF31_nnlo_as_0118_luxqed PDF set, member #20, version 2; LHAPDF ID = 325120
LHAPDF 6.3.0 loading /cvmfs/cms.cern.ch/el9_amd64_gcc12/external/lhapdf/6.4.0-e7c4b9323f96fa15c22775e405ec99ed/share/LHAPDF/NNPDF31_nnlo_as_0118_luxqed/NNPDF31_nnlo_as_0118_luxqed_0021.dat
NNPDF31_nnlo_as_0118_luxqed PDF set, member #21, version 2; LHAPDF ID = 325121
LHAPDF 6.3.0 loading /cvmfs/cms.cern.ch/el9_amd64_gcc12/external/lhapdf/6.4.0-e7c4b9323f96fa15c22775e405ec99ed/share/LHAPDF/NNPDF31_nnlo_as_0118_luxqed/NNPDF31_nnlo_as_0118_luxqed_0022.dat
NNPDF31_nnlo_as_0118_luxqed PDF set, member #22, version 2; LHAPDF ID = 325122
LHAPDF 6.3.0 loading /cvmfs/cms.cern.ch/el9_amd64_gcc12/external/lhapdf/6.4.0-e7c4b9323f96fa15c22775e405ec99ed/share/LHAPDF/NNPDF31_nnlo_as_0118_luxqed/NNPDF31_nnlo_as_0118_luxqed_0023.dat
NNPDF31_nnlo_as_0118_luxqed PDF set, member #23, version 2; LHAPDF ID = 325123
LHAPDF 6.3.0 loading /cvmfs/cms.cern.ch/el9_amd64_gcc12/external/lhapdf/6.4.0-e7c4b9323f96fa15c22775e405ec99ed/share/LHAPDF/NNPDF31_nnlo_as_0118_luxqed/NNPDF31_nnlo_as_0118_luxqed_0024.dat
NNPDF31_nnlo_as_0118_luxqed PDF set, member #24, version 2; LHAPDF ID = 325124
LHAPDF 6.3.0 loading /cvmfs/cms.cern.ch/el9_amd64_gcc12/external/lhapdf/6.4.0-e7c4b9323f96fa15c22775e405ec99ed/share/LHAPDF/NNPDF31_nnlo_as_0118_luxqed/NNPDF31_nnlo_as_0118_luxqed_0025.dat
NNPDF31_nnlo_as_0118_luxqed PDF set, member #25, version 2; LHAPDF ID = 325125
LHAPDF 6.3.0 loading /cvmfs/cms.cern.ch/el9_amd64_gcc12/external/lhapdf/6.4.0-e7c4b9323f96fa15c22775e405ec99ed/share/LHAPDF/NNPDF31_nnlo_as_0118_luxqed/NNPDF31_nnlo_as_0118_luxqed_0026.dat
NNPDF31_nnlo_as_0118_luxqed PDF set, member #26, version 2; LHAPDF ID = 325126
LHAPDF 6.3.0 loading /cvmfs/cms.cern.ch/el9_amd64_gcc12/external/lhapdf/6.4.0-e7c4b9323f96fa15c22775e405ec99ed/share/LHAPDF/NNPDF31_nnlo_as_0118_luxqed/NNPDF31_nnlo_as_0118_luxqed_0027.dat
NNPDF31_nnlo_as_0118_luxqed PDF set, member #27, version 2; LHAPDF ID = 325127
LHAPDF 6.3.0 loading /cvmfs/cms.cern.ch/el9_amd64_gcc12/external/lhapdf/6.4.0-e7c4b9323f96fa15c22775e405ec99ed/share/LHAPDF/NNPDF31_nnlo_as_0118_luxqed/NNPDF31_nnlo_as_0118_luxqed_0028.dat
NNPDF31_nnlo_as_0118_luxqed PDF set, member #28, version 2; LHAPDF ID = 325128
LHAPDF 6.3.0 loading /cvmfs/cms.cern.ch/el9_amd64_gcc12/external/lhapdf/6.4.0-e7c4b9323f96fa15c22775e405ec99ed/share/LHAPDF/NNPDF31_nnlo_as_0118_luxqed/NNPDF31_nnlo_as_0118_luxqed_0029.dat
NNPDF31_nnlo_as_0118_luxqed PDF set, member #29, version 2; LHAPDF ID = 325129
LHAPDF 6.3.0 loading /cvmfs/cms.cern.ch/el9_amd64_gcc12/external/lhapdf/6.4.0-e7c4b9323f96fa15c22775e405ec99ed/share/LHAPDF/NNPDF31_nnlo_as_0118_luxqed/NNPDF31_nnlo_as_0118_luxqed_0030.dat
NNPDF31_nnlo_as_0118_luxqed PDF set, member #30, version 2; LHAPDF ID = 325130
LHAPDF 6.3.0 loading /cvmfs/cms.cern.ch/el9_amd64_gcc12/external/lhapdf/6.4.0-e7c4b9323f96fa15c22775e405ec99ed/share/LHAPDF/NNPDF31_nnlo_as_0118_luxqed/NNPDF31_nnlo_as_0118_luxqed_0031.dat
NNPDF31_nnlo_as_0118_luxqed PDF set, member #31, version 2; LHAPDF ID = 325131
LHAPDF 6.3.0 loading /cvmfs/cms.cern.ch/el9_amd64_gcc12/external/lhapdf/6.4.0-e7c4b9323f96fa15c22775e405ec99ed/share/LHAPDF/NNPDF31_nnlo_as_0118_luxqed/NNPDF31_nnlo_as_0118_luxqed_0032.dat
NNPDF31_nnlo_as_0118_luxqed PDF set, member #32, version 2; LHAPDF ID = 325132
LHAPDF 6.3.0 loading /cvmfs/cms.cern.ch/el9_amd64_gcc12/external/lhapdf/6.4.0-e7c4b9323f96fa15c22775e405ec99ed/share/LHAPDF/NNPDF31_nnlo_as_0118_luxqed/NNPDF31_nnlo_as_0118_luxqed_0033.dat
NNPDF31_nnlo_as_0118_luxqed PDF set, member #33, version 2; LHAPDF ID = 325133
LHAPDF 6.3.0 loading /cvmfs/cms.cern.ch/el9_amd64_gcc12/external/lhapdf/6.4.0-e7c4b9323f96fa15c22775e405ec99ed/share/LHAPDF/NNPDF31_nnlo_as_0118_luxqed/NNPDF31_nnlo_as_0118_luxqed_0034.dat
NNPDF31_nnlo_as_0118_luxqed PDF set, member #34, version 2; LHAPDF ID = 325134
LHAPDF 6.3.0 loading /cvmfs/cms.cern.ch/el9_amd64_gcc12/external/lhapdf/6.4.0-e7c4b9323f96fa15c22775e405ec99ed/share/LHAPDF/NNPDF31_nnlo_as_0118_luxqed/NNPDF31_nnlo_as_0118_luxqed_0035.dat
NNPDF31_nnlo_as_0118_luxqed PDF set, member #35, version 2; LHAPDF ID = 325135
LHAPDF 6.3.0 loading /cvmfs/cms.cern.ch/el9_amd64_gcc12/external/lhapdf/6.4.0-e7c4b9323f96fa15c22775e405ec99ed/share/LHAPDF/NNPDF31_nnlo_as_0118_luxqed/NNPDF31_nnlo_as_0118_luxqed_0036.dat
NNPDF31_nnlo_as_0118_luxqed PDF set, member #36, version 2; LHAPDF ID = 325136
LHAPDF 6.3.0 loading /cvmfs/cms.cern.ch/el9_amd64_gcc12/external/lhapdf/6.4.0-e7c4b9323f96fa15c22775e405ec99ed/share/LHAPDF/NNPDF31_nnlo_as_0118_luxqed/NNPDF31_nnlo_as_0118_luxqed_0037.dat
NNPDF31_nnlo_as_0118_luxqed PDF set, member #37, version 2; LHAPDF ID = 325137
LHAPDF 6.3.0 loading /cvmfs/cms.cern.ch/el9_amd64_gcc12/external/lhapdf/6.4.0-e7c4b9323f96fa15c22775e405ec99ed/share/LHAPDF/NNPDF31_nnlo_as_0118_luxqed/NNPDF31_nnlo_as_0118_luxqed_0038.dat
NNPDF31_nnlo_as_0118_luxqed PDF set, member #38, version 2; LHAPDF ID = 325138
LHAPDF 6.3.0 loading /cvmfs/cms.cern.ch/el9_amd64_gcc12/external/lhapdf/6.4.0-e7c4b9323f96fa15c22775e405ec99ed/share/LHAPDF/NNPDF31_nnlo_as_0118_luxqed/NNPDF31_nnlo_as_0118_luxqed_0039.dat
NNPDF31_nnlo_as_0118_luxqed PDF set, member #39, version 2; LHAPDF ID = 325139
LHAPDF 6.3.0 loading /cvmfs/cms.cern.ch/el9_amd64_gcc12/external/lhapdf/6.4.0-e7c4b9323f96fa15c22775e405ec99ed/share/LHAPDF/NNPDF31_nnlo_as_0118_luxqed/NNPDF31_nnlo_as_0118_luxqed_0040.dat
NNPDF31_nnlo_as_0118_luxqed PDF set, member #40, version 2; LHAPDF ID = 325140
LHAPDF 6.3.0 loading /cvmfs/cms.cern.ch/el9_amd64_gcc12/external/lhapdf/6.4.0-e7c4b9323f96fa15c22775e405ec99ed/share/LHAPDF/NNPDF31_nnlo_as_0118_luxqed/NNPDF31_nnlo_as_0118_luxqed_0041.dat
NNPDF31_nnlo_as_0118_luxqed PDF set, member #41, version 2; LHAPDF ID = 325141
LHAPDF 6.3.0 loading /cvmfs/cms.cern.ch/el9_amd64_gcc12/external/lhapdf/6.4.0-e7c4b9323f96fa15c22775e405ec99ed/share/LHAPDF/NNPDF31_nnlo_as_0118_luxqed/NNPDF31_nnlo_as_0118_luxqed_0042.dat
NNPDF31_nnlo_as_0118_luxqed PDF set, member #42, version 2; LHAPDF ID = 325142
LHAPDF 6.3.0 loading /cvmfs/cms.cern.ch/el9_amd64_gcc12/external/lhapdf/6.4.0-e7c4b9323f96fa15c22775e405ec99ed/share/LHAPDF/NNPDF31_nnlo_as_0118_luxqed/NNPDF31_nnlo_as_0118_luxqed_0043.dat
NNPDF31_nnlo_as_0118_luxqed PDF set, member #43, version 2; LHAPDF ID = 325143
LHAPDF 6.3.0 loading /cvmfs/cms.cern.ch/el9_amd64_gcc12/external/lhapdf/6.4.0-e7c4b9323f96fa15c22775e405ec99ed/share/LHAPDF/NNPDF31_nnlo_as_0118_luxqed/NNPDF31_nnlo_as_0118_luxqed_0044.dat
NNPDF31_nnlo_as_0118_luxqed PDF set, member #44, version 2; LHAPDF ID = 325144
LHAPDF 6.3.0 loading /cvmfs/cms.cern.ch/el9_amd64_gcc12/external/lhapdf/6.4.0-e7c4b9323f96fa15c22775e405ec99ed/share/LHAPDF/NNPDF31_nnlo_as_0118_luxqed/NNPDF31_nnlo_as_0118_luxqed_0045.dat
NNPDF31_nnlo_as_0118_luxqed PDF set, member #45, version 2; LHAPDF ID = 325145
LHAPDF 6.3.0 loading /cvmfs/cms.cern.ch/el9_amd64_gcc12/external/lhapdf/6.4.0-e7c4b9323f96fa15c22775e405ec99ed/share/LHAPDF/NNPDF31_nnlo_as_0118_luxqed/NNPDF31_nnlo_as_0118_luxqed_0046.dat
NNPDF31_nnlo_as_0118_luxqed PDF set, member #46, version 2; LHAPDF ID = 325146
LHAPDF 6.3.0 loading /cvmfs/cms.cern.ch/el9_amd64_gcc12/external/lhapdf/6.4.0-e7c4b9323f96fa15c22775e405ec99ed/share/LHAPDF/NNPDF31_nnlo_as_0118_luxqed/NNPDF31_nnlo_as_0118_luxqed_0047.dat
NNPDF31_nnlo_as_0118_luxqed PDF set, member #47, version 2; LHAPDF ID = 325147
LHAPDF 6.3.0 loading /cvmfs/cms.cern.ch/el9_amd64_gcc12/external/lhapdf/6.4.0-e7c4b9323f96fa15c22775e405ec99ed/share/LHAPDF/NNPDF31_nnlo_as_0118_luxqed/NNPDF31_nnlo_as_0118_luxqed_0048.dat
NNPDF31_nnlo_as_0118_luxqed PDF set, member #48, version 2; LHAPDF ID = 325148
LHAPDF 6.3.0 loading /cvmfs/cms.cern.ch/el9_amd64_gcc12/external/lhapdf/6.4.0-e7c4b9323f96fa15c22775e405ec99ed/share/LHAPDF/NNPDF31_nnlo_as_0118_luxqed/NNPDF31_nnlo_as_0118_luxqed_0049.dat
NNPDF31_nnlo_as_0118_luxqed PDF set, member #49, version 2; LHAPDF ID = 325149
LHAPDF 6.3.0 loading /cvmfs/cms.cern.ch/el9_amd64_gcc12/external/lhapdf/6.4.0-e7c4b9323f96fa15c22775e405ec99ed/share/LHAPDF/NNPDF31_nnlo_as_0118_luxqed/NNPDF31_nnlo_as_0118_luxqed_0050.dat
NNPDF31_nnlo_as_0118_luxqed PDF set, member #50, version 2; LHAPDF ID = 325150
LHAPDF 6.3.0 loading /cvmfs/cms.cern.ch/el9_amd64_gcc12/external/lhapdf/6.4.0-e7c4b9323f96fa15c22775e405ec99ed/share/LHAPDF/NNPDF31_nnlo_as_0118_luxqed/NNPDF31_nnlo_as_0118_luxqed_0051.dat
NNPDF31_nnlo_as_0118_luxqed PDF set, member #51, version 2; LHAPDF ID = 325151
LHAPDF 6.3.0 loading /cvmfs/cms.cern.ch/el9_amd64_gcc12/external/lhapdf/6.4.0-e7c4b9323f96fa15c22775e405ec99ed/share/LHAPDF/NNPDF31_nnlo_as_0118_luxqed/NNPDF31_nnlo_as_0118_luxqed_0052.dat
NNPDF31_nnlo_as_0118_luxqed PDF set, member #52, version 2; LHAPDF ID = 325152
LHAPDF 6.3.0 loading /cvmfs/cms.cern.ch/el9_amd64_gcc12/external/lhapdf/6.4.0-e7c4b9323f96fa15c22775e405ec99ed/share/LHAPDF/NNPDF31_nnlo_as_0118_luxqed/NNPDF31_nnlo_as_0118_luxqed_0053.dat
NNPDF31_nnlo_as_0118_luxqed PDF set, member #53, version 2; LHAPDF ID = 325153
LHAPDF 6.3.0 loading /cvmfs/cms.cern.ch/el9_amd64_gcc12/external/lhapdf/6.4.0-e7c4b9323f96fa15c22775e405ec99ed/share/LHAPDF/NNPDF31_nnlo_as_0118_luxqed/NNPDF31_nnlo_as_0118_luxqed_0054.dat
NNPDF31_nnlo_as_0118_luxqed PDF set, member #54, version 2; LHAPDF ID = 325154
LHAPDF 6.3.0 loading /cvmfs/cms.cern.ch/el9_amd64_gcc12/external/lhapdf/6.4.0-e7c4b9323f96fa15c22775e405ec99ed/share/LHAPDF/NNPDF31_nnlo_as_0118_luxqed/NNPDF31_nnlo_as_0118_luxqed_0055.dat
NNPDF31_nnlo_as_0118_luxqed PDF set, member #55, version 2; LHAPDF ID = 325155
LHAPDF 6.3.0 loading /cvmfs/cms.cern.ch/el9_amd64_gcc12/external/lhapdf/6.4.0-e7c4b9323f96fa15c22775e405ec99ed/share/LHAPDF/NNPDF31_nnlo_as_0118_luxqed/NNPDF31_nnlo_as_0118_luxqed_0056.dat
NNPDF31_nnlo_as_0118_luxqed PDF set, member #56, version 2; LHAPDF ID = 325156
LHAPDF 6.3.0 loading /cvmfs/cms.cern.ch/el9_amd64_gcc12/external/lhapdf/6.4.0-e7c4b9323f96fa15c22775e405ec99ed/share/LHAPDF/NNPDF31_nnlo_as_0118_luxqed/NNPDF31_nnlo_as_0118_luxqed_0057.dat
NNPDF31_nnlo_as_0118_luxqed PDF set, member #57, version 2; LHAPDF ID = 325157
LHAPDF 6.3.0 loading /cvmfs/cms.cern.ch/el9_amd64_gcc12/external/lhapdf/6.4.0-e7c4b9323f96fa15c22775e405ec99ed/share/LHAPDF/NNPDF31_nnlo_as_0118_luxqed/NNPDF31_nnlo_as_0118_luxqed_0058.dat
NNPDF31_nnlo_as_0118_luxqed PDF set, member #58, version 2; LHAPDF ID = 325158
LHAPDF 6.3.0 loading /cvmfs/cms.cern.ch/el9_amd64_gcc12/external/lhapdf/6.4.0-e7c4b9323f96fa15c22775e405ec99ed/share/LHAPDF/NNPDF31_nnlo_as_0118_luxqed/NNPDF31_nnlo_as_0118_luxqed_0059.dat
NNPDF31_nnlo_as_0118_luxqed PDF set, member #59, version 2; LHAPDF ID = 325159
LHAPDF 6.3.0 loading /cvmfs/cms.cern.ch/el9_amd64_gcc12/external/lhapdf/6.4.0-e7c4b9323f96fa15c22775e405ec99ed/share/LHAPDF/NNPDF31_nnlo_as_0118_luxqed/NNPDF31_nnlo_as_0118_luxqed_0060.dat
NNPDF31_nnlo_as_0118_luxqed PDF set, member #60, version 2; LHAPDF ID = 325160
LHAPDF 6.3.0 loading /cvmfs/cms.cern.ch/el9_amd64_gcc12/external/lhapdf/6.4.0-e7c4b9323f96fa15c22775e405ec99ed/share/LHAPDF/NNPDF31_nnlo_as_0118_luxqed/NNPDF31_nnlo_as_0118_luxqed_0061.dat
NNPDF31_nnlo_as_0118_luxqed PDF set, member #61, version 2; LHAPDF ID = 325161
LHAPDF 6.3.0 loading /cvmfs/cms.cern.ch/el9_amd64_gcc12/external/lhapdf/6.4.0-e7c4b9323f96fa15c22775e405ec99ed/share/LHAPDF/NNPDF31_nnlo_as_0118_luxqed/NNPDF31_nnlo_as_0118_luxqed_0062.dat
NNPDF31_nnlo_as_0118_luxqed PDF set, member #62, version 2; LHAPDF ID = 325162
LHAPDF 6.3.0 loading /cvmfs/cms.cern.ch/el9_amd64_gcc12/external/lhapdf/6.4.0-e7c4b9323f96fa15c22775e405ec99ed/share/LHAPDF/NNPDF31_nnlo_as_0118_luxqed/NNPDF31_nnlo_as_0118_luxqed_0063.dat
NNPDF31_nnlo_as_0118_luxqed PDF set, member #63, version 2; LHAPDF ID = 325163
LHAPDF 6.3.0 loading /cvmfs/cms.cern.ch/el9_amd64_gcc12/external/lhapdf/6.4.0-e7c4b9323f96fa15c22775e405ec99ed/share/LHAPDF/NNPDF31_nnlo_as_0118_luxqed/NNPDF31_nnlo_as_0118_luxqed_0064.dat
NNPDF31_nnlo_as_0118_luxqed PDF set, member #64, version 2; LHAPDF ID = 325164
LHAPDF 6.3.0 loading /cvmfs/cms.cern.ch/el9_amd64_gcc12/external/lhapdf/6.4.0-e7c4b9323f96fa15c22775e405ec99ed/share/LHAPDF/NNPDF31_nnlo_as_0118_luxqed/NNPDF31_nnlo_as_0118_luxqed_0065.dat
NNPDF31_nnlo_as_0118_luxqed PDF set, member #65, version 2; LHAPDF ID = 325165
LHAPDF 6.3.0 loading /cvmfs/cms.cern.ch/el9_amd64_gcc12/external/lhapdf/6.4.0-e7c4b9323f96fa15c22775e405ec99ed/share/LHAPDF/NNPDF31_nnlo_as_0118_luxqed/NNPDF31_nnlo_as_0118_luxqed_0066.dat
NNPDF31_nnlo_as_0118_luxqed PDF set, member #66, version 2; LHAPDF ID = 325166
LHAPDF 6.3.0 loading /cvmfs/cms.cern.ch/el9_amd64_gcc12/external/lhapdf/6.4.0-e7c4b9323f96fa15c22775e405ec99ed/share/LHAPDF/NNPDF31_nnlo_as_0118_luxqed/NNPDF31_nnlo_as_0118_luxqed_0067.dat
NNPDF31_nnlo_as_0118_luxqed PDF set, member #67, version 2; LHAPDF ID = 325167
LHAPDF 6.3.0 loading /cvmfs/cms.cern.ch/el9_amd64_gcc12/external/lhapdf/6.4.0-e7c4b9323f96fa15c22775e405ec99ed/share/LHAPDF/NNPDF31_nnlo_as_0118_luxqed/NNPDF31_nnlo_as_0118_luxqed_0068.dat
NNPDF31_nnlo_as_0118_luxqed PDF set, member #68, version 2; LHAPDF ID = 325168
LHAPDF 6.3.0 loading /cvmfs/cms.cern.ch/el9_amd64_gcc12/external/lhapdf/6.4.0-e7c4b9323f96fa15c22775e405ec99ed/share/LHAPDF/NNPDF31_nnlo_as_0118_luxqed/NNPDF31_nnlo_as_0118_luxqed_0069.dat
NNPDF31_nnlo_as_0118_luxqed PDF set, member #69, version 2; LHAPDF ID = 325169
LHAPDF 6.3.0 loading /cvmfs/cms.cern.ch/el9_amd64_gcc12/external/lhapdf/6.4.0-e7c4b9323f96fa15c22775e405ec99ed/share/LHAPDF/NNPDF31_nnlo_as_0118_luxqed/NNPDF31_nnlo_as_0118_luxqed_0070.dat
NNPDF31_nnlo_as_0118_luxqed PDF set, member #70, version 2; LHAPDF ID = 325170
LHAPDF 6.3.0 loading /cvmfs/cms.cern.ch/el9_amd64_gcc12/external/lhapdf/6.4.0-e7c4b9323f96fa15c22775e405ec99ed/share/LHAPDF/NNPDF31_nnlo_as_0118_luxqed/NNPDF31_nnlo_as_0118_luxqed_0071.dat
NNPDF31_nnlo_as_0118_luxqed PDF set, member #71, version 2; LHAPDF ID = 325171
LHAPDF 6.3.0 loading /cvmfs/cms.cern.ch/el9_amd64_gcc12/external/lhapdf/6.4.0-e7c4b9323f96fa15c22775e405ec99ed/share/LHAPDF/NNPDF31_nnlo_as_0118_luxqed/NNPDF31_nnlo_as_0118_luxqed_0072.dat
NNPDF31_nnlo_as_0118_luxqed PDF set, member #72, version 2; LHAPDF ID = 325172
LHAPDF 6.3.0 loading /cvmfs/cms.cern.ch/el9_amd64_gcc12/external/lhapdf/6.4.0-e7c4b9323f96fa15c22775e405ec99ed/share/LHAPDF/NNPDF31_nnlo_as_0118_luxqed/NNPDF31_nnlo_as_0118_luxqed_0073.dat
NNPDF31_nnlo_as_0118_luxqed PDF set, member #73, version 2; LHAPDF ID = 325173
LHAPDF 6.3.0 loading /cvmfs/cms.cern.ch/el9_amd64_gcc12/external/lhapdf/6.4.0-e7c4b9323f96fa15c22775e405ec99ed/share/LHAPDF/NNPDF31_nnlo_as_0118_luxqed/NNPDF31_nnlo_as_0118_luxqed_0074.dat
NNPDF31_nnlo_as_0118_luxqed PDF set, member #74, version 2; LHAPDF ID = 325174
LHAPDF 6.3.0 loading /cvmfs/cms.cern.ch/el9_amd64_gcc12/external/lhapdf/6.4.0-e7c4b9323f96fa15c22775e405ec99ed/share/LHAPDF/NNPDF31_nnlo_as_0118_luxqed/NNPDF31_nnlo_as_0118_luxqed_0075.dat
NNPDF31_nnlo_as_0118_luxqed PDF set, member #75, version 2; LHAPDF ID = 325175
LHAPDF 6.3.0 loading /cvmfs/cms.cern.ch/el9_amd64_gcc12/external/lhapdf/6.4.0-e7c4b9323f96fa15c22775e405ec99ed/share/LHAPDF/NNPDF31_nnlo_as_0118_luxqed/NNPDF31_nnlo_as_0118_luxqed_0076.dat
NNPDF31_nnlo_as_0118_luxqed PDF set, member #76, version 2; LHAPDF ID = 325176
LHAPDF 6.3.0 loading /cvmfs/cms.cern.ch/el9_amd64_gcc12/external/lhapdf/6.4.0-e7c4b9323f96fa15c22775e405ec99ed/share/LHAPDF/NNPDF31_nnlo_as_0118_luxqed/NNPDF31_nnlo_as_0118_luxqed_0077.dat
NNPDF31_nnlo_as_0118_luxqed PDF set, member #77, version 2; LHAPDF ID = 325177
LHAPDF 6.3.0 loading /cvmfs/cms.cern.ch/el9_amd64_gcc12/external/lhapdf/6.4.0-e7c4b9323f96fa15c22775e405ec99ed/share/LHAPDF/NNPDF31_nnlo_as_0118_luxqed/NNPDF31_nnlo_as_0118_luxqed_0078.dat
NNPDF31_nnlo_as_0118_luxqed PDF set, member #78, version 2; LHAPDF ID = 325178
LHAPDF 6.3.0 loading /cvmfs/cms.cern.ch/el9_amd64_gcc12/external/lhapdf/6.4.0-e7c4b9323f96fa15c22775e405ec99ed/share/LHAPDF/NNPDF31_nnlo_as_0118_luxqed/NNPDF31_nnlo_as_0118_luxqed_0079.dat
NNPDF31_nnlo_as_0118_luxqed PDF set, member #79, version 2; LHAPDF ID = 325179
LHAPDF 6.3.0 loading /cvmfs/cms.cern.ch/el9_amd64_gcc12/external/lhapdf/6.4.0-e7c4b9323f96fa15c22775e405ec99ed/share/LHAPDF/NNPDF31_nnlo_as_0118_luxqed/NNPDF31_nnlo_as_0118_luxqed_0080.dat
NNPDF31_nnlo_as_0118_luxqed PDF set, member #80, version 2; LHAPDF ID = 325180
LHAPDF 6.3.0 loading /cvmfs/cms.cern.ch/el9_amd64_gcc12/external/lhapdf/6.4.0-e7c4b9323f96fa15c22775e405ec99ed/share/LHAPDF/NNPDF31_nnlo_as_0118_luxqed/NNPDF31_nnlo_as_0118_luxqed_0081.dat
NNPDF31_nnlo_as_0118_luxqed PDF set, member #81, version 2; LHAPDF ID = 325181
LHAPDF 6.3.0 loading /cvmfs/cms.cern.ch/el9_amd64_gcc12/external/lhapdf/6.4.0-e7c4b9323f96fa15c22775e405ec99ed/share/LHAPDF/NNPDF31_nnlo_as_0118_luxqed/NNPDF31_nnlo_as_0118_luxqed_0082.dat
NNPDF31_nnlo_as_0118_luxqed PDF set, member #82, version 2; LHAPDF ID = 325182
LHAPDF 6.3.0 loading /cvmfs/cms.cern.ch/el9_amd64_gcc12/external/lhapdf/6.4.0-e7c4b9323f96fa15c22775e405ec99ed/share/LHAPDF/NNPDF31_nnlo_as_0118_luxqed/NNPDF31_nnlo_as_0118_luxqed_0083.dat
NNPDF31_nnlo_as_0118_luxqed PDF set, member #83, version 2; LHAPDF ID = 325183
LHAPDF 6.3.0 loading /cvmfs/cms.cern.ch/el9_amd64_gcc12/external/lhapdf/6.4.0-e7c4b9323f96fa15c22775e405ec99ed/share/LHAPDF/NNPDF31_nnlo_as_0118_luxqed/NNPDF31_nnlo_as_0118_luxqed_0084.dat
NNPDF31_nnlo_as_0118_luxqed PDF set, member #84, version 2; LHAPDF ID = 325184
LHAPDF 6.3.0 loading /cvmfs/cms.cern.ch/el9_amd64_gcc12/external/lhapdf/6.4.0-e7c4b9323f96fa15c22775e405ec99ed/share/LHAPDF/NNPDF31_nnlo_as_0118_luxqed/NNPDF31_nnlo_as_0118_luxqed_0085.dat
NNPDF31_nnlo_as_0118_luxqed PDF set, member #85, version 2; LHAPDF ID = 325185
LHAPDF 6.3.0 loading /cvmfs/cms.cern.ch/el9_amd64_gcc12/external/lhapdf/6.4.0-e7c4b9323f96fa15c22775e405ec99ed/share/LHAPDF/NNPDF31_nnlo_as_0118_luxqed/NNPDF31_nnlo_as_0118_luxqed_0086.dat
NNPDF31_nnlo_as_0118_luxqed PDF set, member #86, version 2; LHAPDF ID = 325186
LHAPDF 6.3.0 loading /cvmfs/cms.cern.ch/el9_amd64_gcc12/external/lhapdf/6.4.0-e7c4b9323f96fa15c22775e405ec99ed/share/LHAPDF/NNPDF31_nnlo_as_0118_luxqed/NNPDF31_nnlo_as_0118_luxqed_0087.dat
NNPDF31_nnlo_as_0118_luxqed PDF set, member #87, version 2; LHAPDF ID = 325187
LHAPDF 6.3.0 loading /cvmfs/cms.cern.ch/el9_amd64_gcc12/external/lhapdf/6.4.0-e7c4b9323f96fa15c22775e405ec99ed/share/LHAPDF/NNPDF31_nnlo_as_0118_luxqed/NNPDF31_nnlo_as_0118_luxqed_0088.dat
NNPDF31_nnlo_as_0118_luxqed PDF set, member #88, version 2; LHAPDF ID = 325188
LHAPDF 6.3.0 loading /cvmfs/cms.cern.ch/el9_amd64_gcc12/external/lhapdf/6.4.0-e7c4b9323f96fa15c22775e405ec99ed/share/LHAPDF/NNPDF31_nnlo_as_0118_luxqed/NNPDF31_nnlo_as_0118_luxqed_0089.dat
NNPDF31_nnlo_as_0118_luxqed PDF set, member #89, version 2; LHAPDF ID = 325189
LHAPDF 6.3.0 loading /cvmfs/cms.cern.ch/el9_amd64_gcc12/external/lhapdf/6.4.0-e7c4b9323f96fa15c22775e405ec99ed/share/LHAPDF/NNPDF31_nnlo_as_0118_luxqed/NNPDF31_nnlo_as_0118_luxqed_0090.dat
NNPDF31_nnlo_as_0118_luxqed PDF set, member #90, version 2; LHAPDF ID = 325190
LHAPDF 6.3.0 loading /cvmfs/cms.cern.ch/el9_amd64_gcc12/external/lhapdf/6.4.0-e7c4b9323f96fa15c22775e405ec99ed/share/LHAPDF/NNPDF31_nnlo_as_0118_luxqed/NNPDF31_nnlo_as_0118_luxqed_0091.dat
NNPDF31_nnlo_as_0118_luxqed PDF set, member #91, version 2; LHAPDF ID = 325191
LHAPDF 6.3.0 loading /cvmfs/cms.cern.ch/el9_amd64_gcc12/external/lhapdf/6.4.0-e7c4b9323f96fa15c22775e405ec99ed/share/LHAPDF/NNPDF31_nnlo_as_0118_luxqed/NNPDF31_nnlo_as_0118_luxqed_0092.dat
NNPDF31_nnlo_as_0118_luxqed PDF set, member #92, version 2; LHAPDF ID = 325192
LHAPDF 6.3.0 loading /cvmfs/cms.cern.ch/el9_amd64_gcc12/external/lhapdf/6.4.0-e7c4b9323f96fa15c22775e405ec99ed/share/LHAPDF/NNPDF31_nnlo_as_0118_luxqed/NNPDF31_nnlo_as_0118_luxqed_0093.dat
NNPDF31_nnlo_as_0118_luxqed PDF set, member #93, version 2; LHAPDF ID = 325193
LHAPDF 6.3.0 loading /cvmfs/cms.cern.ch/el9_amd64_gcc12/external/lhapdf/6.4.0-e7c4b9323f96fa15c22775e405ec99ed/share/LHAPDF/NNPDF31_nnlo_as_0118_luxqed/NNPDF31_nnlo_as_0118_luxqed_0094.dat
NNPDF31_nnlo_as_0118_luxqed PDF set, member #94, version 2; LHAPDF ID = 325194
LHAPDF 6.3.0 loading /cvmfs/cms.cern.ch/el9_amd64_gcc12/external/lhapdf/6.4.0-e7c4b9323f96fa15c22775e405ec99ed/share/LHAPDF/NNPDF31_nnlo_as_0118_luxqed/NNPDF31_nnlo_as_0118_luxqed_0095.dat
NNPDF31_nnlo_as_0118_luxqed PDF set, member #95, version 2; LHAPDF ID = 325195
LHAPDF 6.3.0 loading /cvmfs/cms.cern.ch/el9_amd64_gcc12/external/lhapdf/6.4.0-e7c4b9323f96fa15c22775e405ec99ed/share/LHAPDF/NNPDF31_nnlo_as_0118_luxqed/NNPDF31_nnlo_as_0118_luxqed_0096.dat
NNPDF31_nnlo_as_0118_luxqed PDF set, member #96, version 2; LHAPDF ID = 325196
LHAPDF 6.3.0 loading /cvmfs/cms.cern.ch/el9_amd64_gcc12/external/lhapdf/6.4.0-e7c4b9323f96fa15c22775e405ec99ed/share/LHAPDF/NNPDF31_nnlo_as_0118_luxqed/NNPDF31_nnlo_as_0118_luxqed_0097.dat
NNPDF31_nnlo_as_0118_luxqed PDF set, member #97, version 2; LHAPDF ID = 325197
LHAPDF 6.3.0 loading /cvmfs/cms.cern.ch/el9_amd64_gcc12/external/lhapdf/6.4.0-e7c4b9323f96fa15c22775e405ec99ed/share/LHAPDF/NNPDF31_nnlo_as_0118_luxqed/NNPDF31_nnlo_as_0118_luxqed_0098.dat
NNPDF31_nnlo_as_0118_luxqed PDF set, member #98, version 2; LHAPDF ID = 325198
LHAPDF 6.3.0 loading /cvmfs/cms.cern.ch/el9_amd64_gcc12/external/lhapdf/6.4.0-e7c4b9323f96fa15c22775e405ec99ed/share/LHAPDF/NNPDF31_nnlo_as_0118_luxqed/NNPDF31_nnlo_as_0118_luxqed_0099.dat
NNPDF31_nnlo_as_0118_luxqed PDF set, member #99, version 2; LHAPDF ID = 325199
LHAPDF 6.3.0 loading /cvmfs/cms.cern.ch/el9_amd64_gcc12/external/lhapdf/6.4.0-e7c4b9323f96fa15c22775e405ec99ed/share/LHAPDF/NNPDF31_nnlo_as_0118_luxqed/NNPDF31_nnlo_as_0118_luxqed_0100.dat
NNPDF31_nnlo_as_0118_luxqed PDF set, member #100, version 2; LHAPDF ID = 325200
Vegas input parameters:
  ndim 11
  ncomp 1
  epsrel 0
  epsabs 0
  flags 291
  seed 13
  mineval 1
  maxeval 1
  nstart 100000
  nincrease 50000
  nbatch 1000
  gridno 1
  statefile "vegas_last_iter2"

Iteration 1:  100000 integrand evaluations so far
[1] 1815.97 +- 106.253  	chisq 0 (0 df)

Saving state to vegas_last_iter1.
Vegas input parameters:
  ndim 11
  ncomp 1
  epsrel 0
  epsabs 0
  flags 291
  seed 13
  mineval 1
  maxeval 1
  nstart 100000
  nincrease 50000
  nbatch 1000
  gridno 1
  statefile "vegas_last_iter1"

Restoring state from vegas_last_iter1.

Iteration 2:  250000 integrand evaluations so far
[1] 1777.41 +- 20.0456  	chisq 0.136534 (1 df)

Saving state to vegas_last_iter1.
Vegas input parameters:
  ndim 11
  ncomp 1
  epsrel 0
  epsabs 0
  flags 291
  seed 14
  mineval 1
  maxeval 1
  nstart 100000
  nincrease 50000
  nbatch 1000
  gridno 1
  statefile "vegas_last_iter1"

Restoring state from vegas_last_iter1.

Iteration 3:  450000 integrand evaluations so far
[1] 1792.65 +- 5.44222  	chisq 0.760257 (2 df)

Saving state to vegas_last_iter1.
Vegas input parameters:
  ndim 11
  ncomp 1
  epsrel 0
  epsabs 0
  flags 291
  seed 15
  mineval 1
  maxeval 1
  nstart 100000
  nincrease 50000
  nbatch 1000
  gridno 1
  statefile "vegas_last_iter1"

Restoring state from vegas_last_iter1.

Iteration 4:  700000 integrand evaluations so far
[1] 1796.16 +- 2.74316  	chisq 1.31666 (3 df)

Saving state to vegas_last_iter1.
Vegas input parameters:
  ndim 11
  ncomp 1
  epsrel 0
  epsabs 0
  flags 291
  seed 16
  mineval 1
  maxeval 1
  nstart 100000
  nincrease 50000
  nbatch 1000
  gridno 1
  statefile "vegas_last_iter1"

Restoring state from vegas_last_iter1.

Iteration 5:  1000000 integrand evaluations so far
[1] 1792.37 +- 1.72962  	chisq 4.47659 (4 df)

Saving state to vegas_last_iter1.
Vegas input parameters:
  ndim 11
  ncomp 1
  epsrel 0
  epsabs 0
  flags 291
  seed 17
  mineval 1
  maxeval 1
  nstart 100000
  nincrease 50000
  nbatch 1000
  gridno 1
  statefile "vegas_last_iter1"

Restoring state from vegas_last_iter1.

Iteration 6:  1350000 integrand evaluations so far
[1] 1792.66 +- 1.25382  	chisq 4.53556 (5 df)

Saving state to vegas_last_iter1.
Vegas input parameters:
  ndim 11
  ncomp 1
  epsrel 0
  epsabs 0
  flags 291
  seed 18
  mineval 1
  maxeval 1
  nstart 100000
  nincrease 50000
  nbatch 1000
  gridno 1
  statefile "vegas_last_iter1"

Restoring state from vegas_last_iter1.

Iteration 7:  1750000 integrand evaluations so far
[1] 1792.35 +- 1.00206  	chisq 4.70388 (6 df)

Saving state to vegas_last_iter1.
Vegas input parameters:
  ndim 11
  ncomp 1
  epsrel 0
  epsabs 0
  flags 291
  seed 19
  mineval 1
  maxeval 1
  nstart 100000
  nincrease 50000
  nbatch 1000
  gridno 1
  statefile "vegas_last_iter1"

Restoring state from vegas_last_iter1.

Iteration 8:  2200000 integrand evaluations so far
[1] 1791.79 +- 0.830105  	chisq 5.7141 (7 df)

Saving state to vegas_last_iter1.
Vegas input parameters:
  ndim 11
  ncomp 1
  epsrel 0
  epsabs 0
  flags 291
  seed 20
  mineval 1
  maxeval 1
  nstart 100000
  nincrease 50000
  nbatch 1000
  gridno 1
  statefile "vegas_last_iter1"

Restoring state from vegas_last_iter1.

Iteration 9:  2700000 integrand evaluations so far
[1] 1791.94 +- 0.711913  	chisq 5.83974 (8 df)

Saving state to vegas_last_iter1.
Vegas input parameters:
  ndim 11
  ncomp 1
  epsrel 0
  epsabs 0
  flags 291
  seed 21
  mineval 1
  maxeval 1
  nstart 100000
  nincrease 50000
  nbatch 1000
  gridno 1
  statefile "vegas_last_iter1"

Restoring state from vegas_last_iter1.

Iteration 10:  3250000 integrand evaluations so far
[1] 1792.03 +- 0.623349  	chisq 5.90974 (9 df)

Saving state to vegas_last_iter1.
Vegas input parameters:
  ndim 11
  ncomp 1
  epsrel 0
  epsabs 0
  flags 291
  seed 22
  mineval 1
  maxeval 1
  nstart 100000
  nincrease 50000
  nbatch 1000
  gridno 1
  statefile "vegas_last_iter1"

Restoring state from vegas_last_iter1.

Iteration 11:  3850000 integrand evaluations so far
[1] 1792.51 +- 0.557193  	chisq 8.86047 (10 df)

Saving state to vegas_last_iter1.
Vegas input parameters:
  ndim 11
  ncomp 1
  epsrel 0
  epsabs 0
  flags 291
  seed 23
  mineval 1
  maxeval 1
  nstart 100000
  nincrease 50000
  nbatch 1000
  gridno 1
  statefile "vegas_last_iter1"

Restoring state from vegas_last_iter1.

Iteration 12:  4500000 integrand evaluations so far
[1] 1792.68 +- 0.504594  	chisq 9.35459 (11 df)

Saving state to vegas_last_iter1.
Vegas input parameters:
  ndim 11
  ncomp 1
  epsrel 0
  epsabs 0
  flags 291
  seed 24
  mineval 1
  maxeval 1
  nstart 100000
  nincrease 50000
  nbatch 1000
  gridno 1
  statefile "vegas_last_iter1"

Restoring state from vegas_last_iter1.

Iteration 13:  5200000 integrand evaluations so far
[1] 1792.75 +- 0.462813  	chisq 9.50781 (12 df)

Saving state to vegas_last_iter1.
Vegas input parameters:
  ndim 11
  ncomp 1
  epsrel 0
  epsabs 0
  flags 291
  seed 25
  mineval 1
  maxeval 1
  nstart 100000
  nincrease 50000
  nbatch 1000
  gridno 1
  statefile "vegas_last_iter1"

Restoring state from vegas_last_iter1.

Iteration 14:  5950000 integrand evaluations so far
[1] 1792.65 +- 0.42651  	chisq 9.84139 (13 df)

Saving state to vegas_last_iter1.
Vegas input parameters:
  ndim 11
  ncomp 1
  epsrel 0
  epsabs 0
  flags 291
  seed 26
  mineval 1
  maxeval 1
  nstart 100000
  nincrease 50000
  nbatch 1000
  gridno 1
  statefile "vegas_last_iter1"

Restoring state from vegas_last_iter1.

Iteration 15:  6750000 integrand evaluations so far
[1] 1792.78 +- 0.396988  	chisq 10.5688 (14 df)

Saving state to vegas_last_iter1.
Vegas input parameters:
  ndim 11
  ncomp 1
  epsrel 0
  epsabs 0
  flags 291
  seed 27
  mineval 1
  maxeval 1
  nstart 100000
  nincrease 50000
  nbatch 1000
  gridno 1
  statefile "vegas_last_iter1"

Restoring state from vegas_last_iter1.

Iteration 16:  7600000 integrand evaluations so far
[1] 1792.57 +- 0.371075  	chisq 12.9052 (15 df)

Saving state to vegas_last_iter1.
Vegas input parameters:
  ndim 11
  ncomp 1
  epsrel 0
  epsabs 0
  flags 291
  seed 28
  mineval 1
  maxeval 1
  nstart 100000
  nincrease 50000
  nbatch 1000
  gridno 1
  statefile "vegas_last_iter1"

Restoring state from vegas_last_iter1.

Iteration 17:  8500000 integrand evaluations so far
[1] 1792.45 +- 0.349849  	chisq 13.8456 (16 df)

Saving state to vegas_last_iter1.
Vegas input parameters:
  ndim 11
  ncomp 1
  epsrel 0
  epsabs 0
  flags 291
  seed 29
  mineval 1
  maxeval 1
  nstart 100000
  nincrease 50000
  nbatch 1000
  gridno 1
  statefile "vegas_last_iter1"

Restoring state from vegas_last_iter1.

Iteration 18:  9450000 integrand evaluations so far
[1] 1792.46 +- 0.329879  	chisq 13.8557 (17 df)

Saving state to vegas_last_iter1.
Vegas input parameters:
  ndim 11
  ncomp 1
  epsrel 0
  epsabs 0
  flags 291
  seed 30
  mineval 1
  maxeval 1
  nstart 100000
  nincrease 50000
  nbatch 1000
  gridno 1
  statefile "vegas_last_iter1"

Restoring state from vegas_last_iter1.

Iteration 19:  10450000 integrand evaluations so far
[1] 1792.57 +- 0.31211  	chisq 14.9893 (18 df)

Saving state to vegas_last_iter1.
Vegas input parameters:
  ndim 11
  ncomp 1
  epsrel 0
  epsabs 0
  flags 291
  seed 31
  mineval 1
  maxeval 1
  nstart 100000
  nincrease 50000
  nbatch 1000
  gridno 1
  statefile "vegas_last_iter1"

Restoring state from vegas_last_iter1.

Iteration 20:  11500000 integrand evaluations so far
[1] 1792.7 +- 0.296177  	chisq 16.5825 (19 df)

Saving state to vegas_last_iter1.
Vegas input parameters:
  ndim 11
  ncomp 1
  epsrel 0
  epsabs 0
  flags 291
  seed 32
  mineval 1
  maxeval 1
  nstart 100000
  nincrease 50000
  nbatch 1000
  gridno 1
  statefile "vegas_last_iter1"

Restoring state from vegas_last_iter1.

Iteration 21:  12600000 integrand evaluations so far
[1] 1792.8 +- 0.282151  	chisq 17.8767 (20 df)

Saving state to vegas_last_iter1.
Vegas input parameters:
  ndim 11
  ncomp 1
  epsrel 0
  epsabs 0
  flags 291
  seed 33
  mineval 1
  maxeval 1
  nstart 100000
  nincrease 50000
  nbatch 1000
  gridno 1
  statefile "vegas_last_iter1"

Restoring state from vegas_last_iter1.

Iteration 22:  13750000 integrand evaluations so far
[1] 1792.72 +- 0.269443  	chisq 18.8318 (21 df)

Saving state to vegas_last_iter1.
Vegas input parameters:
  ndim 11
  ncomp 1
  epsrel 0
  epsabs 0
  flags 291
  seed 34
  mineval 1
  maxeval 1
  nstart 100000
  nincrease 50000
  nbatch 1000
  gridno 1
  statefile "vegas_last_iter1"

Restoring state from vegas_last_iter1.

Iteration 23:  14950000 integrand evaluations so far
[1] 1792.51 +- 0.257681  	chisq 25.6163 (22 df)

Saving state to vegas_last_iter1.
Vegas input parameters:
  ndim 11
  ncomp 1
  epsrel 0
  epsabs 0
  flags 291
  seed 35
  mineval 1
  maxeval 1
  nstart 100000
  nincrease 50000
  nbatch 1000
  gridno 1
  statefile "vegas_last_iter1"

Restoring state from vegas_last_iter1.

Iteration 24:  16200000 integrand evaluations so far
[1] 1792.55 +- 0.246795  	chisq 25.8492 (23 df)

Saving state to vegas_last_iter1.
Vegas input parameters:
  ndim 11
  ncomp 1
  epsrel 0
  epsabs 0
  flags 291
  seed 36
  mineval 1
  maxeval 1
  nstart 100000
  nincrease 50000
  nbatch 1000
  gridno 1
  statefile "vegas_last_iter1"

Restoring state from vegas_last_iter1.

Iteration 25:  17500000 integrand evaluations so far
[1] 1792.6 +- 0.236756  	chisq 26.3274 (24 df)

Saving state to vegas_last_iter1.
Vegas input parameters:
  ndim 11
  ncomp 1
  epsrel 0
  epsabs 0
  flags 291
  seed 37
  mineval 1
  maxeval 1
  nstart 100000
  nincrease 50000
  nbatch 1000
  gridno 1
  statefile "vegas_last_iter1"

Restoring state from vegas_last_iter1.

Iteration 26:  18850000 integrand evaluations so far
[1] 1792.65 +- 0.227421  	chisq 26.8736 (25 df)

Saving state to vegas_last_iter1.
Vegas input parameters:
  ndim 11
  ncomp 1
  epsrel 0
  epsabs 0
  flags 291
  seed 38
  mineval 1
  maxeval 1
  nstart 100000
  nincrease 50000
  nbatch 1000
  gridno 1
  statefile "vegas_last_iter1"

Restoring state from vegas_last_iter1.

Iteration 27:  20250000 integrand evaluations so far
[1] 1792.57 +- 0.219013  	chisq 28.4738 (26 df)

Saving state to vegas_last_iter1.
Thanks for using LHAPDF 6.3.0. Please make sure to cite the paper:
  Eur.Phys.J. C75 (2015) 3, 132  (http://arxiv.org/abs/1412.7420)
 method   =Vegas  
 nregions =           1
 neval    =    20250000
 fail     =           1
   1792.56876544     +-   0.219013226206       p =    0.613
egrand evaluations so far
[1] -0.00022881 +- 0.000519979  	chisq 24.4947 (26 df)

Saving state to vegas_last_iter125.
Thanks for using LHAPDF 6.3.0. Please make sure to cite the paper:
  Eur.Phys.J. C75 (2015) 3, 132  (http://arxiv.org/abs/1412.7420)
 method   =Vegas  
 nregions =           1
 neval    =    20250000
 fail     =           1
 -0.228810284281E-03 +-   0.519979096506E-03   p =    0.397
