000 (202077.108.000) 2025-05-16 11:33:59 Job submitted from host: <172.30.1.200:9618?addrs=172.30.1.200-9618&alias=tamsa2&noUDP&sock=schedd_2464_ad72>
...
001 (202077.108.000) 2025-05-16 11:34:06 Job executing on host: <172.30.1.206:9618?addrs=172.30.1.206-9618&alias=node-w6.localdomain&noUDP&sock=startd_3756_e1cf>
	SlotName: slot1_45@node-w6.localdomain
	CondorScratchDir = "/var/lib/condor/execute/dir_2184255"
	Cpus = 1
	Disk = 23552
	GPUs = 0
	Memory = 3968
...
006 (202077.108.000) 2025-05-16 11:34:20 Image size of job updated: 9116
	9  -  MemoryUsage of job (MB)
	9116  -  ResidentSetSize of job (KB)
...
006 (202077.108.000) 2025-05-16 11:36:17 Image size of job updated: 9932
	9  -  MemoryUsage of job (MB)
	9116  -  ResidentSetSize of job (KB)
...
005 (202077.108.000) 2025-05-16 11:36:18 Job terminated.
	(1) Normal termination (return value 2)
		Usr 0 00:00:01, Sys 0 00:00:02  -  Run Remote Usage
		Usr 0 00:00:00, Sys 0 00:00:00  -  Run Local Usage
		Usr 0 00:00:01, Sys 0 00:00:02  -  Total Remote Usage
		Usr 0 00:00:00, Sys 0 00:00:00  -  Total Local Usage
	0  -  Run Bytes Sent By Job
	0  -  Run Bytes Received By Job
	0  -  Total Bytes Sent By Job
	0  -  Total Bytes Received By Job
	Partitionable Resources :    Usage  Request Allocated 
	   Cpus                 :     0.01        1         1 
	   Disk (KB)            : 22500       22500     23552 
	   GPUs                 :                           0 
	   Memory (MB)          :     9        3900      3968 
	   TimeExecute (s)      :   131                       
	   TimeSlotBusy (s)     :   131                       

	Job terminated of its own accord at 2025-05-16T02:36:17Z with exit-code 2.
...
000 (202083.108.000) 2025-05-16 11:49:31 Job submitted from host: <172.30.1.200:9618?addrs=172.30.1.200-9618&alias=tamsa2&noUDP&sock=schedd_2464_ad72>
...
001 (202083.108.000) 2025-05-16 11:50:33 Job executing on host: <172.30.1.201:9618?addrs=172.30.1.201-9618&alias=node-w1.localdomain&noUDP&sock=startd_3918_0026>
	SlotName: slot1_32@node-w1.localdomain
	CondorScratchDir = "/var/lib/condor/execute/dir_1277173"
	Cpus = 1
	Disk = 23552
	GPUs = 0
	Memory = 3968
...
006 (202083.108.000) 2025-05-16 11:50:47 Image size of job updated: 18700
	2  -  MemoryUsage of job (MB)
	1388  -  ResidentSetSize of job (KB)
...
006 (202083.108.000) 2025-05-16 11:55:48 Image size of job updated: 84312
	83  -  MemoryUsage of job (MB)
	84312  -  ResidentSetSize of job (KB)
...
006 (202083.108.000) 2025-05-16 13:20:59 Image size of job updated: 117980
	116  -  MemoryUsage of job (MB)
	117980  -  ResidentSetSize of job (KB)
...
005 (202083.108.000) 2025-05-16 13:27:00 Job terminated.
	(1) Normal termination (return value 1)
		Usr 0 01:35:44, Sys 0 00:00:01  -  Run Remote Usage
		Usr 0 00:00:00, Sys 0 00:00:00  -  Run Local Usage
		Usr 0 01:35:44, Sys 0 00:00:01  -  Total Remote Usage
		Usr 0 00:00:00, Sys 0 00:00:00  -  Total Local Usage
	0  -  Run Bytes Sent By Job
	0  -  Run Bytes Received By Job
	0  -  Total Bytes Sent By Job
	0  -  Total Bytes Received By Job
	Partitionable Resources :    Usage  Request Allocated 
	   Cpus                 :     1.00        1         1 
	   Disk (KB)            : 22500       22500     23552 
	   GPUs                 :                           0 
	   Memory (MB)          :   116        3900      3968 
	   TimeExecute (s)      :  5787                       
	   TimeSlotBusy (s)     :  5788                       

	Job terminated of its own accord at 2025-05-16T04:27:00Z with exit-code 1.
...
