000 (202077.004.000) 2025-05-16 11:33:59 Job submitted from host: <172.30.1.200:9618?addrs=172.30.1.200-9618&alias=tamsa2&noUDP&sock=schedd_2464_ad72>
...
001 (202077.004.000) 2025-05-16 11:34:07 Job executing on host: <172.30.1.213:9618?addrs=172.30.1.213-9618&alias=node-w13.localdomain&noUDP&sock=startd_3910_8364>
	SlotName: slot1_17@node-w13.localdomain
	CondorScratchDir = "/var/lib/condor/execute/dir_2421151"
	Cpus = 1
	Disk = 23552
	GPUs = 0
	Memory = 3968
...
006 (202077.004.000) 2025-05-16 11:34:20 Image size of job updated: 9708
	10  -  MemoryUsage of job (MB)
	9708  -  ResidentSetSize of job (KB)
...
006 (202077.004.000) 2025-05-16 11:35:19 Image size of job updated: 10576
	10  -  MemoryUsage of job (MB)
	9708  -  ResidentSetSize of job (KB)
...
005 (202077.004.000) 2025-05-16 11:35:19 Job terminated.
	(1) Normal termination (return value 2)
		Usr 0 00:00:01, Sys 0 00:00:02  -  Run Remote Usage
		Usr 0 00:00:00, Sys 0 00:00:00  -  Run Local Usage
		Usr 0 00:00:01, Sys 0 00:00:02  -  Total Remote Usage
		Usr 0 00:00:00, Sys 0 00:00:00  -  Total Local Usage
	0  -  Run Bytes Sent By Job
	0  -  Run Bytes Received By Job
	0  -  Total Bytes Sent By Job
	0  -  Total Bytes Received By Job
	Partitionable Resources :    Usage  Request Allocated 
	   Cpus                 :        0        1         1 
	   Disk (KB)            :    22500    22500     23552 
	   GPUs                 :                           0 
	   Memory (MB)          :       10     3900      3968 
	   TimeExecute (s)      :       72                    
	   TimeSlotBusy (s)     :       74                    

	Job terminated of its own accord at 2025-05-16T02:35:19Z with exit-code 2.
...
000 (202083.004.000) 2025-05-16 11:49:30 Job submitted from host: <172.30.1.200:9618?addrs=172.30.1.200-9618&alias=tamsa2&noUDP&sock=schedd_2464_ad72>
...
001 (202083.004.000) 2025-05-16 11:50:31 Job executing on host: <172.30.1.206:9618?addrs=172.30.1.206-9618&alias=node-w6.localdomain&noUDP&sock=startd_3756_e1cf>
	SlotName: slot1_9@node-w6.localdomain
	CondorScratchDir = "/var/lib/condor/execute/dir_2221660"
	Cpus = 1
	Disk = 23552
	GPUs = 0
	Memory = 3968
...
006 (202083.004.000) 2025-05-16 11:50:46 Image size of job updated: 18960
	6  -  MemoryUsage of job (MB)
	5528  -  ResidentSetSize of job (KB)
...
006 (202083.004.000) 2025-05-16 11:55:46 Image size of job updated: 85892
	84  -  MemoryUsage of job (MB)
	85892  -  ResidentSetSize of job (KB)
...
