000 (202077.036.000) 2025-05-16 11:33:59 Job submitted from host: <172.30.1.200:9618?addrs=172.30.1.200-9618&alias=tamsa2&noUDP&sock=schedd_2464_ad72>
...
001 (202077.036.000) 2025-05-16 11:34:08 Job executing on host: <172.30.1.213:9618?addrs=172.30.1.213-9618&alias=node-w13.localdomain&noUDP&sock=startd_3910_8364>
	SlotName: slot1_53@node-w13.localdomain
	CondorScratchDir = "/var/lib/condor/execute/dir_2421185"
	Cpus = 1
	Disk = 23552
	GPUs = 0
	Memory = 3968
...
006 (202077.036.000) 2025-05-16 11:34:22 Image size of job updated: 9712
	10  -  MemoryUsage of job (MB)
	9712  -  ResidentSetSize of job (KB)
...
006 (202077.036.000) 2025-05-16 11:35:47 Image size of job updated: 10556
	10  -  MemoryUsage of job (MB)
	9712  -  ResidentSetSize of job (KB)
...
005 (202077.036.000) 2025-05-16 11:35:49 Job terminated.
	(1) Normal termination (return value 2)
		Usr 0 00:00:02, Sys 0 00:00:03  -  Run Remote Usage
		Usr 0 00:00:00, Sys 0 00:00:00  -  Run Local Usage
		Usr 0 00:00:02, Sys 0 00:00:03  -  Total Remote Usage
		Usr 0 00:00:00, Sys 0 00:00:00  -  Total Local Usage
	0  -  Run Bytes Sent By Job
	0  -  Run Bytes Received By Job
	0  -  Total Bytes Sent By Job
	0  -  Total Bytes Received By Job
	Partitionable Resources :    Usage  Request Allocated 
	   Cpus                 :        0        1         1 
	   Disk (KB)            :    22500    22500     23552 
	   GPUs                 :                           0 
	   Memory (MB)          :       10     3900      3968 
	   TimeExecute (s)      :       99                    
	   TimeSlotBusy (s)     :      100                    

	Job terminated of its own accord at 2025-05-16T02:35:47Z with exit-code 2.
...
000 (202083.036.000) 2025-05-16 11:49:31 Job submitted from host: <172.30.1.200:9618?addrs=172.30.1.200-9618&alias=tamsa2&noUDP&sock=schedd_2464_ad72>
...
001 (202083.036.000) 2025-05-16 11:50:34 Job executing on host: <172.30.1.218:9618?addrs=172.30.1.218-9618&alias=node-w18.localdomain&noUDP&sock=startd_10356_eedf>
	SlotName: slot1_32@node-w18.localdomain
	CondorScratchDir = "/var/lib/condor/execute/dir_4023544"
	Cpus = 1
	Disk = 23552
	GPUs = 0
	Memory = 3968
...
006 (202083.036.000) 2025-05-16 11:50:47 Image size of job updated: 9116
	9  -  MemoryUsage of job (MB)
	9116  -  ResidentSetSize of job (KB)
...
006 (202083.036.000) 2025-05-16 11:55:47 Image size of job updated: 84340
	83  -  MemoryUsage of job (MB)
	84340  -  ResidentSetSize of job (KB)
...
006 (202083.036.000) 2025-05-16 12:15:49 Image size of job updated: 84344
	83  -  MemoryUsage of job (MB)
	84344  -  ResidentSetSize of job (KB)
...
006 (202083.036.000) 2025-05-16 13:45:55 Image size of job updated: 114252
	112  -  MemoryUsage of job (MB)
	114252  -  ResidentSetSize of job (KB)
...
005 (202083.036.000) 2025-05-16 16:05:07 Job terminated.
	(1) Normal termination (return value 1)
		Usr 0 04:12:56, Sys 0 00:00:01  -  Run Remote Usage
		Usr 0 00:00:00, Sys 0 00:00:00  -  Run Local Usage
		Usr 0 04:12:56, Sys 0 00:00:01  -  Total Remote Usage
		Usr 0 00:00:00, Sys 0 00:00:00  -  Total Local Usage
	0  -  Run Bytes Sent By Job
	0  -  Run Bytes Received By Job
	0  -  Total Bytes Sent By Job
	0  -  Total Bytes Received By Job
	Partitionable Resources :    Usage  Request Allocated 
	   Cpus                 :     1.00        1         1 
	   Disk (KB)            : 22500       22500     23552 
	   GPUs                 :                           0 
	   Memory (MB)          :   112        3900      3968 
	   TimeExecute (s)      : 15273                       
	   TimeSlotBusy (s)     : 15274                       

	Job terminated of its own accord at 2025-05-16T07:05:07Z with exit-code 1.
...
