000 (303213.063.000) 2025-05-21 18:15:53 Job submitted from host: <172.30.1.200:9618?addrs=172.30.1.200-9618&alias=tamsa2&noUDP&sock=schedd_2464_ad72>
...
001 (303213.063.000) 2025-05-21 18:15:56 Job executing on host: <172.30.1.220:9618?addrs=172.30.1.220-9618&alias=node-w20.localdomain&noUDP&sock=startd_10373_97fb>
	SlotName: slot1_44@node-w20.localdomain
	CondorScratchDir = "/var/lib/condor/execute/dir_1057440"
	Cpus = 1
	Disk = 23552
	GPUs = 0
	Memory = 3968
...
006 (303213.063.000) 2025-05-21 18:16:10 Image size of job updated: 9400
	10  -  MemoryUsage of job (MB)
	9400  -  ResidentSetSize of job (KB)
...
006 (303213.063.000) 2025-05-21 18:21:11 Image size of job updated: 163052
	160  -  MemoryUsage of job (MB)
	163052  -  ResidentSetSize of job (KB)
...
006 (303213.063.000) 2025-05-21 19:26:17 Image size of job updated: 165416
	162  -  MemoryUsage of job (MB)
	165416  -  ResidentSetSize of job (KB)
...
006 (303213.063.000) 2025-05-21 19:31:18 Image size of job updated: 168504
	165  -  MemoryUsage of job (MB)
	168504  -  ResidentSetSize of job (KB)
...
005 (303213.063.000) 2025-05-21 19:35:46 Job terminated.
	(1) Normal termination (return value 1)
		Usr 0 01:16:04, Sys 0 00:00:04  -  Run Remote Usage
		Usr 0 00:00:00, Sys 0 00:00:00  -  Run Local Usage
		Usr 0 01:16:04, Sys 0 00:00:04  -  Total Remote Usage
		Usr 0 00:00:00, Sys 0 00:00:00  -  Total Local Usage
	0  -  Run Bytes Sent By Job
	0  -  Run Bytes Received By Job
	0  -  Total Bytes Sent By Job
	0  -  Total Bytes Received By Job
	Partitionable Resources :    Usage  Request Allocated 
	   Cpus                 :     0.99        1         1 
	   Disk (KB)            : 22500       22500     23552 
	   GPUs                 :                           0 
	   Memory (MB)          :   165        3900      3968 
	   TimeExecute (s)      :  4790                       
	   TimeSlotBusy (s)     :  4790                       

	Job terminated of its own accord at 2025-05-21T10:35:46Z with exit-code 1.
...
