000 (303213.082.000) 2025-05-21 18:15:53 Job submitted from host: <172.30.1.200:9618?addrs=172.30.1.200-9618&alias=tamsa2&noUDP&sock=schedd_2464_ad72>
...
001 (303213.082.000) 2025-05-21 18:16:01 Job executing on host: <172.30.1.218:9618?addrs=172.30.1.218-9618&alias=node-w18.localdomain&noUDP&sock=startd_10356_eedf>
	SlotName: slot1_48@node-w18.localdomain
	CondorScratchDir = "/var/lib/condor/execute/dir_2301242"
	Cpus = 1
	Disk = 23552
	GPUs = 0
	Memory = 3968
...
006 (303213.082.000) 2025-05-21 18:16:16 Image size of job updated: 9396
	10  -  MemoryUsage of job (MB)
	9396  -  ResidentSetSize of job (KB)
...
006 (303213.082.000) 2025-05-21 18:21:17 Image size of job updated: 155596
	152  -  MemoryUsage of job (MB)
	155596  -  ResidentSetSize of job (KB)
...
006 (303213.082.000) 2025-05-21 18:26:18 Image size of job updated: 163096
	160  -  MemoryUsage of job (MB)
	163096  -  ResidentSetSize of job (KB)
...
005 (303213.082.000) 2025-05-21 21:11:31 Job terminated.
	(1) Normal termination (return value 1)
		Usr 0 02:50:09, Sys 0 00:00:05  -  Run Remote Usage
		Usr 0 00:00:00, Sys 0 00:00:00  -  Run Local Usage
		Usr 0 02:50:09, Sys 0 00:00:05  -  Total Remote Usage
		Usr 0 00:00:00, Sys 0 00:00:00  -  Total Local Usage
	0  -  Run Bytes Sent By Job
	0  -  Run Bytes Received By Job
	0  -  Total Bytes Sent By Job
	0  -  Total Bytes Received By Job
	Partitionable Resources :    Usage  Request Allocated 
	   Cpus                 :     1.00        1         1 
	   Disk (KB)            : 22500       22500     23552 
	   GPUs                 :                           0 
	   Memory (MB)          :   160        3900      3968 
	   TimeExecute (s)      : 10530                       
	   TimeSlotBusy (s)     : 10533                       

	Job terminated of its own accord at 2025-05-21T12:11:31Z with exit-code 1.
...
