000 (303213.033.000) 2025-05-21 18:15:53 Job submitted from host: <172.30.1.200:9618?addrs=172.30.1.200-9618&alias=tamsa2&noUDP&sock=schedd_2464_ad72>
...
001 (303213.033.000) 2025-05-21 18:15:56 Job executing on host: <172.30.1.213:9618?addrs=172.30.1.213-9618&alias=node-w13.localdomain&noUDP&sock=startd_3910_8364>
	SlotName: slot1_25@node-w13.localdomain
	CondorScratchDir = "/var/lib/condor/execute/dir_118257"
	Cpus = 1
	Disk = 23552
	GPUs = 0
	Memory = 3968
...
006 (303213.033.000) 2025-05-21 18:16:09 Image size of job updated: 9396
	10  -  MemoryUsage of job (MB)
	9396  -  ResidentSetSize of job (KB)
...
006 (303213.033.000) 2025-05-21 18:21:09 Image size of job updated: 164276
	161  -  MemoryUsage of job (MB)
	164276  -  ResidentSetSize of job (KB)
...
005 (303213.033.000) 2025-05-21 19:49:43 Job terminated.
	(1) Normal termination (return value 1)
		Usr 0 01:30:14, Sys 0 00:00:03  -  Run Remote Usage
		Usr 0 00:00:00, Sys 0 00:00:00  -  Run Local Usage
		Usr 0 01:30:14, Sys 0 00:00:03  -  Total Remote Usage
		Usr 0 00:00:00, Sys 0 00:00:00  -  Total Local Usage
	0  -  Run Bytes Sent By Job
	0  -  Run Bytes Received By Job
	0  -  Total Bytes Sent By Job
	0  -  Total Bytes Received By Job
	Partitionable Resources :    Usage  Request Allocated 
	   Cpus                 :     1.00        1         1 
	   Disk (KB)            : 22500       22500     23552 
	   GPUs                 :                           0 
	   Memory (MB)          :   161        3900      3968 
	   TimeExecute (s)      :  5627                       
	   TimeSlotBusy (s)     :  5627                       

	Job terminated of its own accord at 2025-05-21T10:49:43Z with exit-code 1.
...
