000 (303213.019.000) 2025-05-21 18:15:53 Job submitted from host: <172.30.1.200:9618?addrs=172.30.1.200-9618&alias=tamsa2&noUDP&sock=schedd_2464_ad72>
...
001 (303213.019.000) 2025-05-21 18:15:56 Job executing on host: <172.30.1.215:9618?addrs=172.30.1.215-9618&alias=node-w15.localdomain&noUDP&sock=startd_3940_173c>
	SlotName: slot1_35@node-w15.localdomain
	CondorScratchDir = "/var/lib/condor/execute/dir_2299962"
	Cpus = 1
	Disk = 23552
	GPUs = 0
	Memory = 3968
...
006 (303213.019.000) 2025-05-21 18:16:09 Image size of job updated: 9404
	10  -  MemoryUsage of job (MB)
	9404  -  ResidentSetSize of job (KB)
...
006 (303213.019.000) 2025-05-21 18:21:09 Image size of job updated: 163064
	160  -  MemoryUsage of job (MB)
	163064  -  ResidentSetSize of job (KB)
...
006 (303213.019.000) 2025-05-21 18:31:10 Image size of job updated: 164212
	161  -  MemoryUsage of job (MB)
	164212  -  ResidentSetSize of job (KB)
...
006 (303213.019.000) 2025-05-21 18:36:10 Image size of job updated: 165008
	162  -  MemoryUsage of job (MB)
	165008  -  ResidentSetSize of job (KB)
...
006 (303213.019.000) 2025-05-21 18:41:10 Image size of job updated: 169048
	166  -  MemoryUsage of job (MB)
	169048  -  ResidentSetSize of job (KB)
...
005 (303213.019.000) 2025-05-21 19:28:02 Job terminated.
	(1) Normal termination (return value 1)
		Usr 0 01:08:37, Sys 0 00:00:04  -  Run Remote Usage
		Usr 0 00:00:00, Sys 0 00:00:00  -  Run Local Usage
		Usr 0 01:08:37, Sys 0 00:00:04  -  Total Remote Usage
		Usr 0 00:00:00, Sys 0 00:00:00  -  Total Local Usage
	0  -  Run Bytes Sent By Job
	0  -  Run Bytes Received By Job
	0  -  Total Bytes Sent By Job
	0  -  Total Bytes Received By Job
	Partitionable Resources :    Usage  Request Allocated 
	   Cpus                 :     1.00        1         1 
	   Disk (KB)            : 22500       22500     23552 
	   GPUs                 :                           0 
	   Memory (MB)          :   166        3900      3968 
	   TimeExecute (s)      :  4326                       
	   TimeSlotBusy (s)     :  4327                       

	Job terminated of its own accord at 2025-05-21T10:28:02Z with exit-code 1.
...
