000 (202077.063.000) 2025-05-16 11:33:59 Job submitted from host: <172.30.1.200:9618?addrs=172.30.1.200-9618&alias=tamsa2&noUDP&sock=schedd_2464_ad72>
...
001 (202077.063.000) 2025-05-16 11:34:08 Job executing on host: <172.30.1.213:9618?addrs=172.30.1.213-9618&alias=node-w13.localdomain&noUDP&sock=startd_3910_8364>
	SlotName: slot1_80@node-w13.localdomain
	CondorScratchDir = "/var/lib/condor/execute/dir_2421212"
	Cpus = 1
	Disk = 23552
	GPUs = 0
	Memory = 3968
...
006 (202077.063.000) 2025-05-16 11:34:21 Image size of job updated: 9700
	10  -  MemoryUsage of job (MB)
	9700  -  ResidentSetSize of job (KB)
...
006 (202077.063.000) 2025-05-16 11:35:24 Image size of job updated: 16548
	10  -  MemoryUsage of job (MB)
	9700  -  ResidentSetSize of job (KB)
...
005 (202077.063.000) 2025-05-16 11:35:24 Job terminated.
	(1) Normal termination (return value 2)
		Usr 0 00:00:01, Sys 0 00:00:02  -  Run Remote Usage
		Usr 0 00:00:00, Sys 0 00:00:00  -  Run Local Usage
		Usr 0 00:00:01, Sys 0 00:00:02  -  Total Remote Usage
		Usr 0 00:00:00, Sys 0 00:00:00  -  Total Local Usage
	0  -  Run Bytes Sent By Job
	0  -  Run Bytes Received By Job
	0  -  Total Bytes Sent By Job
	0  -  Total Bytes Received By Job
	Partitionable Resources :    Usage  Request Allocated 
	   Cpus                 :        0        1         1 
	   Disk (KB)            :    22500    22500     23552 
	   GPUs                 :                           0 
	   Memory (MB)          :       10     3900      3968 
	   TimeExecute (s)      :       76                    
	   TimeSlotBusy (s)     :       76                    

	Job terminated of its own accord at 2025-05-16T02:35:24Z with exit-code 2.
...
000 (202083.063.000) 2025-05-16 11:49:31 Job submitted from host: <172.30.1.200:9618?addrs=172.30.1.200-9618&alias=tamsa2&noUDP&sock=schedd_2464_ad72>
...
001 (202083.063.000) 2025-05-16 11:50:37 Job executing on host: <172.30.1.221:9618?addrs=172.30.1.221-9618&alias=node-w21.localdomain&noUDP&sock=startd_10362_0c71>
	SlotName: slot1_30@node-w21.localdomain
	CondorScratchDir = "/var/lib/condor/execute/dir_428319"
	Cpus = 1
	Disk = 23552
	GPUs = 0
	Memory = 3968
...
006 (202083.063.000) 2025-05-16 11:50:52 Image size of job updated: 9104
	9  -  MemoryUsage of job (MB)
	9104  -  ResidentSetSize of job (KB)
...
006 (202083.063.000) 2025-05-16 11:55:52 Image size of job updated: 84300
	83  -  MemoryUsage of job (MB)
	84300  -  ResidentSetSize of job (KB)
...
