000 (303213.079.000) 2025-05-21 18:15:53 Job submitted from host: <172.30.1.200:9618?addrs=172.30.1.200-9618&alias=tamsa2&noUDP&sock=schedd_2464_ad72>
...
001 (303213.079.000) 2025-05-21 18:16:01 Job executing on host: <172.30.1.218:9618?addrs=172.30.1.218-9618&alias=node-w18.localdomain&noUDP&sock=startd_10356_eedf>
	SlotName: slot1_45@node-w18.localdomain
	CondorScratchDir = "/var/lib/condor/execute/dir_2301239"
	Cpus = 1
	Disk = 23552
	GPUs = 0
	Memory = 3968
...
006 (303213.079.000) 2025-05-21 18:16:16 Image size of job updated: 9408
	10  -  MemoryUsage of job (MB)
	9408  -  ResidentSetSize of job (KB)
...
006 (303213.079.000) 2025-05-21 18:21:17 Image size of job updated: 155612
	152  -  MemoryUsage of job (MB)
	155612  -  ResidentSetSize of job (KB)
...
006 (303213.079.000) 2025-05-21 18:26:18 Image size of job updated: 163112
	160  -  MemoryUsage of job (MB)
	163112  -  ResidentSetSize of job (KB)
...
006 (303213.079.000) 2025-05-21 21:16:37 Image size of job updated: 192996
	189  -  MemoryUsage of job (MB)
	192996  -  ResidentSetSize of job (KB)
...
005 (303213.079.000) 2025-05-21 21:48:35 Job terminated.
	(1) Normal termination (return value 1)
		Usr 0 03:27:09, Sys 0 00:00:04  -  Run Remote Usage
		Usr 0 00:00:00, Sys 0 00:00:00  -  Run Local Usage
		Usr 0 03:27:09, Sys 0 00:00:04  -  Total Remote Usage
		Usr 0 00:00:00, Sys 0 00:00:00  -  Total Local Usage
	0  -  Run Bytes Sent By Job
	0  -  Run Bytes Received By Job
	0  -  Total Bytes Sent By Job
	0  -  Total Bytes Received By Job
	Partitionable Resources :    Usage  Request Allocated 
	   Cpus                 :     1.00        1         1 
	   Disk (KB)            : 22500       22500     23552 
	   GPUs                 :                           0 
	   Memory (MB)          :   189        3900      3968 
	   TimeExecute (s)      : 12754                       
	   TimeSlotBusy (s)     : 12757                       

	Job terminated of its own accord at 2025-05-21T12:48:35Z with exit-code 1.
...
