000 (303213.055.000) 2025-05-21 18:15:53 Job submitted from host: <172.30.1.200:9618?addrs=172.30.1.200-9618&alias=tamsa2&noUDP&sock=schedd_2464_ad72>
...
001 (303213.055.000) 2025-05-21 18:15:55 Job executing on host: <172.30.1.217:9618?addrs=172.30.1.217-9618&alias=node-w17.localdomain&noUDP&sock=startd_425538_4072>
	SlotName: slot1_62@node-w17.localdomain
	CondorScratchDir = "/var/lib/condor/execute/dir_1683152"
	Cpus = 1
	Disk = 23552
	GPUs = 0
	Memory = 3968
...
006 (303213.055.000) 2025-05-21 18:16:09 Image size of job updated: 9392
	10  -  MemoryUsage of job (MB)
	9392  -  ResidentSetSize of job (KB)
...
006 (303213.055.000) 2025-05-21 18:21:10 Image size of job updated: 167952
	165  -  MemoryUsage of job (MB)
	167952  -  ResidentSetSize of job (KB)
...
006 (303213.055.000) 2025-05-21 18:26:10 Image size of job updated: 170708
	167  -  MemoryUsage of job (MB)
	170708  -  ResidentSetSize of job (KB)
...
005 (303213.055.000) 2025-05-21 19:20:15 Job terminated.
	(1) Normal termination (return value 1)
		Usr 0 01:02:15, Sys 0 00:00:02  -  Run Remote Usage
		Usr 0 00:00:00, Sys 0 00:00:00  -  Run Local Usage
		Usr 0 01:02:15, Sys 0 00:00:02  -  Total Remote Usage
		Usr 0 00:00:00, Sys 0 00:00:00  -  Total Local Usage
	0  -  Run Bytes Sent By Job
	0  -  Run Bytes Received By Job
	0  -  Total Bytes Sent By Job
	0  -  Total Bytes Received By Job
	Partitionable Resources :    Usage  Request Allocated 
	   Cpus                 :     1.00        1         1 
	   Disk (KB)            : 22500       22500     23552 
	   GPUs                 :                           0 
	   Memory (MB)          :   167        3900      3968 
	   TimeExecute (s)      :  3860                       
	   TimeSlotBusy (s)     :  3860                       

	Job terminated of its own accord at 2025-05-21T10:20:15Z with exit-code 1.
...
