000 (303213.078.000) 2025-05-21 18:15:53 Job submitted from host: <172.30.1.200:9618?addrs=172.30.1.200-9618&alias=tamsa2&noUDP&sock=schedd_2464_ad72>
...
001 (303213.078.000) 2025-05-21 18:16:01 Job executing on host: <172.30.1.218:9618?addrs=172.30.1.218-9618&alias=node-w18.localdomain&noUDP&sock=startd_10356_eedf>
	SlotName: slot1_36@node-w18.localdomain
	CondorScratchDir = "/var/lib/condor/execute/dir_2301238"
	Cpus = 1
	Disk = 23552
	GPUs = 0
	Memory = 3968
...
006 (303213.078.000) 2025-05-21 18:16:15 Image size of job updated: 9404
	10  -  MemoryUsage of job (MB)
	9404  -  ResidentSetSize of job (KB)
...
006 (303213.078.000) 2025-05-21 18:21:15 Image size of job updated: 155608
	152  -  MemoryUsage of job (MB)
	155608  -  ResidentSetSize of job (KB)
...
006 (303213.078.000) 2025-05-21 18:26:16 Image size of job updated: 163108
	160  -  MemoryUsage of job (MB)
	163108  -  ResidentSetSize of job (KB)
...
006 (303213.078.000) 2025-05-21 21:06:30 Image size of job updated: 169180
	166  -  MemoryUsage of job (MB)
	169180  -  ResidentSetSize of job (KB)
...
005 (303213.078.000) 2025-05-21 21:51:17 Job terminated.
	(1) Normal termination (return value 1)
		Usr 0 03:29:56, Sys 0 00:00:04  -  Run Remote Usage
		Usr 0 00:00:00, Sys 0 00:00:00  -  Run Local Usage
		Usr 0 03:29:56, Sys 0 00:00:04  -  Total Remote Usage
		Usr 0 00:00:00, Sys 0 00:00:00  -  Total Local Usage
	0  -  Run Bytes Sent By Job
	0  -  Run Bytes Received By Job
	0  -  Total Bytes Sent By Job
	0  -  Total Bytes Received By Job
	Partitionable Resources :    Usage  Request Allocated 
	   Cpus                 :     1.00        1         1 
	   Disk (KB)            : 22500       22500     23552 
	   GPUs                 :                           0 
	   Memory (MB)          :   166        3900      3968 
	   TimeExecute (s)      : 12916                       
	   TimeSlotBusy (s)     : 12919                       

	Job terminated of its own accord at 2025-05-21T12:51:17Z with exit-code 1.
...
