000 (303213.044.000) 2025-05-21 18:15:53 Job submitted from host: <172.30.1.200:9618?addrs=172.30.1.200-9618&alias=tamsa2&noUDP&sock=schedd_2464_ad72>
...
001 (303213.044.000) 2025-05-21 18:15:55 Job executing on host: <172.30.1.206:9618?addrs=172.30.1.206-9618&alias=node-w6.localdomain&noUDP&sock=startd_3756_e1cf>
	SlotName: slot1_10@node-w6.localdomain
	CondorScratchDir = "/var/lib/condor/execute/dir_950694"
	Cpus = 1
	Disk = 23552
	GPUs = 0
	Memory = 3968
...
006 (303213.044.000) 2025-05-21 18:16:09 Image size of job updated: 9408
	10  -  MemoryUsage of job (MB)
	9408  -  ResidentSetSize of job (KB)
...
006 (303213.044.000) 2025-05-21 18:21:09 Image size of job updated: 163508
	160  -  MemoryUsage of job (MB)
	163508  -  ResidentSetSize of job (KB)
...
006 (303213.044.000) 2025-05-21 18:26:09 Image size of job updated: 165872
	162  -  MemoryUsage of job (MB)
	165872  -  ResidentSetSize of job (KB)
...
006 (303213.044.000) 2025-05-21 18:31:10 Image size of job updated: 178736
	175  -  MemoryUsage of job (MB)
	178736  -  ResidentSetSize of job (KB)
...
006 (303213.044.000) 2025-05-21 18:36:10 Image size of job updated: 187596
	184  -  MemoryUsage of job (MB)
	187596  -  ResidentSetSize of job (KB)
...
005 (303213.044.000) 2025-05-21 18:54:32 Job terminated.
	(1) Normal termination (return value 1)
		Usr 0 00:35:34, Sys 0 00:00:02  -  Run Remote Usage
		Usr 0 00:00:00, Sys 0 00:00:00  -  Run Local Usage
		Usr 0 00:35:34, Sys 0 00:00:02  -  Total Remote Usage
		Usr 0 00:00:00, Sys 0 00:00:00  -  Total Local Usage
	0  -  Run Bytes Sent By Job
	0  -  Run Bytes Received By Job
	0  -  Total Bytes Sent By Job
	0  -  Total Bytes Received By Job
	Partitionable Resources :    Usage  Request Allocated 
	   Cpus                 :     1.00        1         1 
	   Disk (KB)            : 22500       22500     23552 
	   GPUs                 :                           0 
	   Memory (MB)          :   184        3900      3968 
	   TimeExecute (s)      :  2317                       
	   TimeSlotBusy (s)     :  2317                       

	Job terminated of its own accord at 2025-05-21T09:54:32Z with exit-code 1.
...
