000 (202077.008.000) 2025-05-16 11:33:59 Job submitted from host: <172.30.1.200:9618?addrs=172.30.1.200-9618&alias=tamsa2&noUDP&sock=schedd_2464_ad72>
...
001 (202077.008.000) 2025-05-16 11:34:08 Job executing on host: <172.30.1.213:9618?addrs=172.30.1.213-9618&alias=node-w13.localdomain&noUDP&sock=startd_3910_8364>
	SlotName: slot1_23@node-w13.localdomain
	CondorScratchDir = "/var/lib/condor/execute/dir_2421155"
	Cpus = 1
	Disk = 23552
	GPUs = 0
	Memory = 3968
...
006 (202077.008.000) 2025-05-16 11:34:22 Image size of job updated: 9708
	10  -  MemoryUsage of job (MB)
	9708  -  ResidentSetSize of job (KB)
...
006 (202077.008.000) 2025-05-16 11:35:43 Image size of job updated: 10400
	10  -  MemoryUsage of job (MB)
	9708  -  ResidentSetSize of job (KB)
...
005 (202077.008.000) 2025-05-16 11:35:43 Job terminated.
	(1) Normal termination (return value 2)
		Usr 0 00:00:01, Sys 0 00:00:02  -  Run Remote Usage
		Usr 0 00:00:00, Sys 0 00:00:00  -  Run Local Usage
		Usr 0 00:00:01, Sys 0 00:00:02  -  Total Remote Usage
		Usr 0 00:00:00, Sys 0 00:00:00  -  Total Local Usage
	0  -  Run Bytes Sent By Job
	0  -  Run Bytes Received By Job
	0  -  Total Bytes Sent By Job
	0  -  Total Bytes Received By Job
	Partitionable Resources :    Usage  Request Allocated 
	   Cpus                 :        0        1         1 
	   Disk (KB)            :    22500    22500     23552 
	   GPUs                 :                           0 
	   Memory (MB)          :       10     3900      3968 
	   TimeExecute (s)      :       95                    
	   TimeSlotBusy (s)     :       97                    

	Job terminated of its own accord at 2025-05-16T02:35:43Z with exit-code 2.
...
000 (202083.008.000) 2025-05-16 11:49:30 Job submitted from host: <172.30.1.200:9618?addrs=172.30.1.200-9618&alias=tamsa2&noUDP&sock=schedd_2464_ad72>
...
001 (202083.008.000) 2025-05-16 11:50:32 Job executing on host: <172.30.1.206:9618?addrs=172.30.1.206-9618&alias=node-w6.localdomain&noUDP&sock=startd_3756_e1cf>
	SlotName: slot1_13@node-w6.localdomain
	CondorScratchDir = "/var/lib/condor/execute/dir_2221664"
	Cpus = 1
	Disk = 23552
	GPUs = 0
	Memory = 3968
...
006 (202083.008.000) 2025-05-16 11:50:45 Image size of job updated: 12760
	4  -  MemoryUsage of job (MB)
	3484  -  ResidentSetSize of job (KB)
...
006 (202083.008.000) 2025-05-16 11:55:45 Image size of job updated: 85120
	84  -  MemoryUsage of job (MB)
	85120  -  ResidentSetSize of job (KB)
...
