000 (303213.097.000) 2025-05-21 18:15:53 Job submitted from host: <172.30.1.200:9618?addrs=172.30.1.200-9618&alias=tamsa2&noUDP&sock=schedd_2464_ad72>
...
001 (303213.097.000) 2025-05-21 18:16:02 Job executing on host: <172.30.1.218:9618?addrs=172.30.1.218-9618&alias=node-w18.localdomain&noUDP&sock=startd_10356_eedf>
	SlotName: slot1_69@node-w18.localdomain
	CondorScratchDir = "/var/lib/condor/execute/dir_2301260"
	Cpus = 1
	Disk = 23552
	GPUs = 0
	Memory = 3968
...
006 (303213.097.000) 2025-05-21 18:16:16 Image size of job updated: 9408
	10  -  MemoryUsage of job (MB)
	9408  -  ResidentSetSize of job (KB)
...
006 (303213.097.000) 2025-05-21 18:21:17 Image size of job updated: 166732
	163  -  MemoryUsage of job (MB)
	166732  -  ResidentSetSize of job (KB)
...
005 (303213.097.000) 2025-05-21 20:11:15 Job terminated.
	(1) Normal termination (return value 1)
		Usr 0 01:50:15, Sys 0 00:00:03  -  Run Remote Usage
		Usr 0 00:00:00, Sys 0 00:00:00  -  Run Local Usage
		Usr 0 01:50:15, Sys 0 00:00:03  -  Total Remote Usage
		Usr 0 00:00:00, Sys 0 00:00:00  -  Total Local Usage
	0  -  Run Bytes Sent By Job
	0  -  Run Bytes Received By Job
	0  -  Total Bytes Sent By Job
	0  -  Total Bytes Received By Job
	Partitionable Resources :    Usage  Request Allocated 
	   Cpus                 :     0.99        1         1 
	   Disk (KB)            : 22500       22500     23552 
	   GPUs                 :                           0 
	   Memory (MB)          :   163        3900      3968 
	   TimeExecute (s)      :  6914                       
	   TimeSlotBusy (s)     :  6916                       

	Job terminated of its own accord at 2025-05-21T11:11:15Z with exit-code 1.
...
