000 (202077.082.000) 2025-05-16 11:33:59 Job submitted from host: <172.30.1.200:9618?addrs=172.30.1.200-9618&alias=tamsa2&noUDP&sock=schedd_2464_ad72>
...
001 (202077.082.000) 2025-05-16 11:34:06 Job executing on host: <172.30.1.206:9618?addrs=172.30.1.206-9618&alias=node-w6.localdomain&noUDP&sock=startd_3756_e1cf>
	SlotName: slot1_19@node-w6.localdomain
	CondorScratchDir = "/var/lib/condor/execute/dir_2184229"
	Cpus = 1
	Disk = 23552
	GPUs = 0
	Memory = 3968
...
006 (202077.082.000) 2025-05-16 11:34:20 Image size of job updated: 9108
	9  -  MemoryUsage of job (MB)
	9108  -  ResidentSetSize of job (KB)
...
006 (202077.082.000) 2025-05-16 11:36:18 Image size of job updated: 20080
	9  -  MemoryUsage of job (MB)
	9108  -  ResidentSetSize of job (KB)
...
005 (202077.082.000) 2025-05-16 11:36:18 Job terminated.
	(1) Normal termination (return value 2)
		Usr 0 00:00:00, Sys 0 00:00:01  -  Run Remote Usage
		Usr 0 00:00:00, Sys 0 00:00:00  -  Run Local Usage
		Usr 0 00:00:00, Sys 0 00:00:01  -  Total Remote Usage
		Usr 0 00:00:00, Sys 0 00:00:00  -  Total Local Usage
	0  -  Run Bytes Sent By Job
	0  -  Run Bytes Received By Job
	0  -  Total Bytes Sent By Job
	0  -  Total Bytes Received By Job
	Partitionable Resources :    Usage  Request Allocated 
	   Cpus                 :     0.01        1         1 
	   Disk (KB)            : 22500       22500     23552 
	   GPUs                 :                           0 
	   Memory (MB)          :     9        3900      3968 
	   TimeExecute (s)      :   132                       
	   TimeSlotBusy (s)     :   133                       

	Job terminated of its own accord at 2025-05-16T02:36:18Z with exit-code 2.
...
000 (202083.082.000) 2025-05-16 11:49:31 Job submitted from host: <172.30.1.200:9618?addrs=172.30.1.200-9618&alias=tamsa2&noUDP&sock=schedd_2464_ad72>
...
001 (202083.082.000) 2025-05-16 11:50:37 Job executing on host: <172.30.1.221:9618?addrs=172.30.1.221-9618&alias=node-w21.localdomain&noUDP&sock=startd_10362_0c71>
	SlotName: slot1_76@node-w21.localdomain
	CondorScratchDir = "/var/lib/condor/execute/dir_428338"
	Cpus = 1
	Disk = 23552
	GPUs = 0
	Memory = 3968
...
006 (202083.082.000) 2025-05-16 11:50:52 Image size of job updated: 9108
	9  -  MemoryUsage of job (MB)
	9108  -  ResidentSetSize of job (KB)
...
006 (202083.082.000) 2025-05-16 11:55:52 Image size of job updated: 84348
	83  -  MemoryUsage of job (MB)
	84348  -  ResidentSetSize of job (KB)
...
006 (202083.082.000) 2025-05-16 13:21:00 Image size of job updated: 88696
	87  -  MemoryUsage of job (MB)
	88696  -  ResidentSetSize of job (KB)
...
006 (202083.082.000) 2025-05-16 13:26:01 Image size of job updated: 89492
	88  -  MemoryUsage of job (MB)
	89492  -  ResidentSetSize of job (KB)
...
006 (202083.082.000) 2025-05-16 16:06:14 Image size of job updated: 101080
	99  -  MemoryUsage of job (MB)
	101080  -  ResidentSetSize of job (KB)
...
006 (202083.082.000) 2025-05-16 16:11:14 Image size of job updated: 114256
	112  -  MemoryUsage of job (MB)
	114256  -  ResidentSetSize of job (KB)
...
005 (202083.082.000) 2025-05-16 20:12:58 Job terminated.
	(1) Normal termination (return value 1)
		Usr 0 08:20:03, Sys 0 00:00:02  -  Run Remote Usage
		Usr 0 00:00:00, Sys 0 00:00:00  -  Run Local Usage
		Usr 0 08:20:03, Sys 0 00:00:02  -  Total Remote Usage
		Usr 0 00:00:00, Sys 0 00:00:00  -  Total Local Usage
	0  -  Run Bytes Sent By Job
	0  -  Run Bytes Received By Job
	0  -  Total Bytes Sent By Job
	0  -  Total Bytes Received By Job
	Partitionable Resources :    Usage  Request Allocated 
	   Cpus                 :     1.00        1         1 
	   Disk (KB)            : 22500       22500     23552 
	   GPUs                 :                           0 
	   Memory (MB)          :   112        3900      3968 
	   TimeExecute (s)      : 30141                       
	   TimeSlotBusy (s)     : 30142                       

	Job terminated of its own accord at 2025-05-16T11:12:58Z with exit-code 1.
...
