000 (303213.028.000) 2025-05-21 18:15:53 Job submitted from host: <172.30.1.200:9618?addrs=172.30.1.200-9618&alias=tamsa2&noUDP&sock=schedd_2464_ad72>
...
001 (303213.028.000) 2025-05-21 18:15:55 Job executing on host: <172.30.1.213:9618?addrs=172.30.1.213-9618&alias=node-w13.localdomain&noUDP&sock=startd_3910_8364>
	SlotName: slot1_1@node-w13.localdomain
	CondorScratchDir = "/var/lib/condor/execute/dir_118252"
	Cpus = 1
	Disk = 23552
	GPUs = 0
	Memory = 3968
...
006 (303213.028.000) 2025-05-21 18:16:09 Image size of job updated: 9392
	10  -  MemoryUsage of job (MB)
	9392  -  ResidentSetSize of job (KB)
...
006 (303213.028.000) 2025-05-21 18:21:10 Image size of job updated: 163096
	160  -  MemoryUsage of job (MB)
	163096  -  ResidentSetSize of job (KB)
...
006 (303213.028.000) 2025-05-21 18:31:11 Image size of job updated: 177880
	174  -  MemoryUsage of job (MB)
	177880  -  ResidentSetSize of job (KB)
...
006 (303213.028.000) 2025-05-21 18:36:12 Image size of job updated: 185616
	182  -  MemoryUsage of job (MB)
	185616  -  ResidentSetSize of job (KB)
...
006 (303213.028.000) 2025-05-21 18:46:13 Image size of job updated: 186116
	182  -  MemoryUsage of job (MB)
	186116  -  ResidentSetSize of job (KB)
...
005 (303213.028.000) 2025-05-21 20:27:41 Job terminated.
	(1) Normal termination (return value 1)
		Usr 0 02:08:06, Sys 0 00:00:03  -  Run Remote Usage
		Usr 0 00:00:00, Sys 0 00:00:00  -  Run Local Usage
		Usr 0 02:08:06, Sys 0 00:00:03  -  Total Remote Usage
		Usr 0 00:00:00, Sys 0 00:00:00  -  Total Local Usage
	0  -  Run Bytes Sent By Job
	0  -  Run Bytes Received By Job
	0  -  Total Bytes Sent By Job
	0  -  Total Bytes Received By Job
	Partitionable Resources :    Usage  Request Allocated 
	   Cpus                 :     1.00        1         1 
	   Disk (KB)            : 22500       22500     23552 
	   GPUs                 :                           0 
	   Memory (MB)          :   182        3900      3968 
	   TimeExecute (s)      :  7906                       
	   TimeSlotBusy (s)     :  7906                       

	Job terminated of its own accord at 2025-05-21T11:27:41Z with exit-code 1.
...
