000 (202077.011.000) 2025-05-16 11:33:59 Job submitted from host: <172.30.1.200:9618?addrs=172.30.1.200-9618&alias=tamsa2&noUDP&sock=schedd_2464_ad72>
...
001 (202077.011.000) 2025-05-16 11:34:08 Job executing on host: <172.30.1.213:9618?addrs=172.30.1.213-9618&alias=node-w13.localdomain&noUDP&sock=startd_3910_8364>
	SlotName: slot1_28@node-w13.localdomain
	CondorScratchDir = "/var/lib/condor/execute/dir_2421160"
	Cpus = 1
	Disk = 23552
	GPUs = 0
	Memory = 3968
...
006 (202077.011.000) 2025-05-16 11:34:22 Image size of job updated: 9708
	10  -  MemoryUsage of job (MB)
	9708  -  ResidentSetSize of job (KB)
...
006 (202077.011.000) 2025-05-16 11:35:46 Image size of job updated: 19464
	10  -  MemoryUsage of job (MB)
	9708  -  ResidentSetSize of job (KB)
...
005 (202077.011.000) 2025-05-16 11:35:46 Job terminated.
	(1) Normal termination (return value 2)
		Usr 0 00:00:01, Sys 0 00:00:02  -  Run Remote Usage
		Usr 0 00:00:00, Sys 0 00:00:00  -  Run Local Usage
		Usr 0 00:00:01, Sys 0 00:00:02  -  Total Remote Usage
		Usr 0 00:00:00, Sys 0 00:00:00  -  Total Local Usage
	0  -  Run Bytes Sent By Job
	0  -  Run Bytes Received By Job
	0  -  Total Bytes Sent By Job
	0  -  Total Bytes Received By Job
	Partitionable Resources :    Usage  Request Allocated 
	   Cpus                 :        0        1         1 
	   Disk (KB)            :    22500    22500     23552 
	   GPUs                 :                           0 
	   Memory (MB)          :       10     3900      3968 
	   TimeExecute (s)      :       98                    
	   TimeSlotBusy (s)     :      100                    

	Job terminated of its own accord at 2025-05-16T02:35:46Z with exit-code 2.
...
000 (202083.011.000) 2025-05-16 11:49:30 Job submitted from host: <172.30.1.200:9618?addrs=172.30.1.200-9618&alias=tamsa2&noUDP&sock=schedd_2464_ad72>
...
001 (202083.011.000) 2025-05-16 11:50:32 Job executing on host: <172.30.1.220:9618?addrs=172.30.1.220-9618&alias=node-w20.localdomain&noUDP&sock=startd_10373_97fb>
	SlotName: slot1_42@node-w20.localdomain
	CondorScratchDir = "/var/lib/condor/execute/dir_3298"
	Cpus = 1
	Disk = 23552
	GPUs = 0
	Memory = 3968
...
006 (202083.011.000) 2025-05-16 11:50:46 Image size of job updated: 10444
	11  -  MemoryUsage of job (MB)
	10444  -  ResidentSetSize of job (KB)
...
006 (202083.011.000) 2025-05-16 11:55:47 Image size of job updated: 84312
	83  -  MemoryUsage of job (MB)
	84312  -  ResidentSetSize of job (KB)
...
006 (202083.011.000) 2025-05-16 13:15:56 Image size of job updated: 86672
	85  -  MemoryUsage of job (MB)
	86672  -  ResidentSetSize of job (KB)
...
006 (202083.011.000) 2025-05-16 13:20:57 Image size of job updated: 114220
	112  -  MemoryUsage of job (MB)
	114220  -  ResidentSetSize of job (KB)
...
005 (202083.011.000) 2025-05-16 13:21:10 Job terminated.
	(1) Normal termination (return value 1)
		Usr 0 01:29:51, Sys 0 00:00:02  -  Run Remote Usage
		Usr 0 00:00:00, Sys 0 00:00:00  -  Run Local Usage
		Usr 0 01:29:51, Sys 0 00:00:02  -  Total Remote Usage
		Usr 0 00:00:00, Sys 0 00:00:00  -  Total Local Usage
	0  -  Run Bytes Sent By Job
	0  -  Run Bytes Received By Job
	0  -  Total Bytes Sent By Job
	0  -  Total Bytes Received By Job
	Partitionable Resources :    Usage  Request Allocated 
	   Cpus                 :     1.00        1         1 
	   Disk (KB)            : 22500       22500     23552 
	   GPUs                 :                           0 
	   Memory (MB)          :   112        3900      3968 
	   TimeExecute (s)      :  5438                       
	   TimeSlotBusy (s)     :  5438                       

	Job terminated of its own accord at 2025-05-16T04:21:10Z with exit-code 1.
...
