This file contains any messages produced by compilers while
running configure, to aid debugging if configure makes a mistake.

It was created by Cuba configure 3.0, which was
generated by GNU Autoconf 2.68.  Invocation command line was

  $ ./configure 

## --------- ##
## Platform. ##
## --------- ##

hostname = tamsa2
uname -m = x86_64
uname -r = 5.14.0-503.31.1.el9_5.x86_64
uname -s = Linux
uname -v = #1 SMP PREEMPT_DYNAMIC Thu Mar 13 06:50:51 EDT 2025

/usr/bin/uname -p = x86_64
/bin/uname -X     = unknown

/bin/arch              = x86_64
/usr/bin/arch -k       = unknown
/usr/convex/getsysinfo = unknown
/usr/bin/hostinfo      = unknown
/bin/machine           = unknown
/usr/bin/oslevel       = unknown
/bin/universe          = unknown

PATH: /cvmfs/cms.cern.ch/share/overrides/bin
PATH: /data6/Users/snuintern1/FEWZ/CMSSW_15_0_5/bin/el9_amd64_gcc12/scram_x86-64-v2
PATH: /data6/Users/snuintern1/FEWZ/CMSSW_15_0_5/bin/el9_amd64_gcc12
PATH: /data6/Users/snuintern1/FEWZ/CMSSW_15_0_5/external/el9_amd64_gcc12/bin/scram_x86-64-v2
PATH: /data6/Users/snuintern1/FEWZ/CMSSW_15_0_5/external/el9_amd64_gcc12/bin
PATH: /cvmfs/cms.cern.ch/el9_amd64_gcc12/cms/cmssw/CMSSW_15_0_5/bin/el9_amd64_gcc12/scram_x86-64-v2
PATH: /cvmfs/cms.cern.ch/el9_amd64_gcc12/cms/cmssw/CMSSW_15_0_5/bin/el9_amd64_gcc12
PATH: /cvmfs/cms.cern.ch/el9_amd64_gcc12/cms/cmssw/CMSSW_15_0_5/external/el9_amd64_gcc12/bin/scram_x86-64-v2
PATH: /cvmfs/cms.cern.ch/el9_amd64_gcc12/cms/cmssw/CMSSW_15_0_5/external/el9_amd64_gcc12/bin
PATH: /cvmfs/cms.cern.ch/el9_amd64_gcc12/external/llvm/18.1.6-46165be3f70ec2619c579730b86daad1/bin
PATH: /cvmfs/cms.cern.ch/el9_amd64_gcc12/external/gcc/12.3.1-40d504be6370b5a30e3947a6e575ca28/bin
PATH: /home/snuintern1//envs/fewz_py2/bin
PATH: /home/snuintern1//condabin
PATH: /cvmfs/cms.cern.ch/common
PATH: /usr/local/bin
PATH: /usr/bin
PATH: /usr/local/sbin
PATH: /usr/sbin
PATH: /opt/pbs/bin
PATH: /var/lib/snapd/snap/bin
PATH: /home/snuintern1/.local/bin
PATH: /home/snuintern1/bin


## ----------- ##
## Core tests. ##
## ----------- ##

configure:1946: checking for gcc
configure:1962: found /cvmfs/cms.cern.ch/el9_amd64_gcc12/external/gcc/12.3.1-40d504be6370b5a30e3947a6e575ca28/bin/gcc
configure:1973: result: gcc
configure:2202: checking for C compiler version
configure:2211: gcc --version >&5
gcc (GCC) 12.3.1 20230527
Copyright (C) 2022 Free Software Foundation, Inc.
This is free software; see the source for copying conditions.  There is NO
warranty; not even for MERCHANTABILITY or FITNESS FOR A PARTICULAR PURPOSE.

configure:2222: $? = 0
configure:2211: gcc -v >&5
Using built-in specs.
COLLECT_GCC=gcc
COLLECT_LTO_WRAPPER=/cvmfs/cms.cern.ch/el9_amd64_gcc12/external/gcc/12.3.1-40d504be6370b5a30e3947a6e575ca28/bin/../libexec/gcc/x86_64-redhat-linux-gnu/12.3.1/lto-wrapper
Target: x86_64-redhat-linux-gnu
Configured with: ../configure --prefix=/data/cmsbld/jenkins/workspace/jenkins-test-bootstrap/bootstrap/tmp/BUILDROOT/40d504be6370b5a30e3947a6e575ca28/opt/cmssw/el9_amd64_gcc12/external/gcc/12.3.1-40d504be6370b5a30e3947a6e575ca28 --disable-multilib --disable-nls --disable-dssi --enable-languages=c,c++,fortran --enable-gnu-indirect-function --enable-__cxa_atexit --disable-libunwind-exceptions --enable-gnu-unique-object --enable-plugin --with-linker-hash-style=gnu --enable-linker-build-id --enable-ld=default --enable-lto --enable-gold=yes --with-gmp=/data/cmsbld/jenkins/workspace/jenkins-test-bootstrap/bootstrap/tmp/BUILDROOT/40d504be6370b5a30e3947a6e575ca28/opt/cmssw/el9_amd64_gcc12/external/gcc/12.3.1-40d504be6370b5a30e3947a6e575ca28 --with-mpfr=/data/cmsbld/jenkins/workspace/jenkins-test-bootstrap/bootstrap/tmp/BUILDROOT/40d504be6370b5a30e3947a6e575ca28/opt/cmssw/el9_amd64_gcc12/external/gcc/12.3.1-40d504be6370b5a30e3947a6e575ca28 --enable-bootstrap --with-mpc=/data/cmsbld/jenkins/workspace/jenkins-test-bootstrap/bootstrap/tmp/BUILDROOT/40d504be6370b5a30e3947a6e575ca28/opt/cmssw/el9_amd64_gcc12/external/gcc/12.3.1-40d504be6370b5a30e3947a6e575ca28 --with-isl=/data/cmsbld/jenkins/workspace/jenkins-test-bootstrap/bootstrap/tmp/BUILDROOT/40d504be6370b5a30e3947a6e575ca28/opt/cmssw/el9_amd64_gcc12/external/gcc/12.3.1-40d504be6370b5a30e3947a6e575ca28 --enable-checking=release --build=x86_64-redhat-linux-gnu --host=x86_64-redhat-linux-gnu --enable-libstdcxx-time=rt --enable-shared --disable-libgcj --with-zstd=/data/cmsbld/jenkins/workspace/jenkins-test-bootstrap/bootstrap/tmp/BUILDROOT/40d504be6370b5a30e3947a6e575ca28/opt/cmssw/el9_amd64_gcc12/external/gcc/12.3.1-40d504be6370b5a30e3947a6e575ca28/tmp/sw CC='gcc -fPIC' CXX='c++ -fPIC' CPP=cpp CXXCPP='c++ -E' CFLAGS=-I/data/cmsbld/jenkins/workspace/jenkins-test-bootstrap/bootstrap/tmp/BUILDROOT/40d504be6370b5a30e3947a6e575ca28/opt/cmssw/el9_amd64_gcc12/external/gcc/12.3.1-40d504be6370b5a30e3947a6e575ca28/tmp/sw/include CXXFLAGS=-I/data/cmsbld/jenkins/workspace/jenkins-test-bootstrap/bootstrap/tmp/BUILDROOT/40d504be6370b5a30e3947a6e575ca28/opt/cmssw/el9_amd64_gcc12/external/gcc/12.3.1-40d504be6370b5a30e3947a6e575ca28/tmp/sw/include LDFLAGS=-L/data/cmsbld/jenkins/workspace/jenkins-test-bootstrap/bootstrap/tmp/BUILDROOT/40d504be6370b5a30e3947a6e575ca28/opt/cmssw/el9_amd64_gcc12/external/gcc/12.3.1-40d504be6370b5a30e3947a6e575ca28/tmp/sw/lib
Thread model: posix
Supported LTO compression algorithms: zlib zstd
gcc version 12.3.1 20230527 (GCC) 
configure:2222: $? = 0
configure:2211: gcc -V >&5
gcc: error: unrecognized command-line option '-V'
gcc: fatal error: no input files
compilation terminated.
configure:2222: $? = 1
configure:2211: gcc -qversion >&5
gcc: error: unrecognized command-line option '-qversion'; did you mean '--version'?
gcc: fatal error: no input files
compilation terminated.
configure:2222: $? = 1
configure:2242: checking whether the C compiler works
configure:2264: gcc    conftest.c -lm >&5
configure:2268: $? = 0
configure:2316: result: yes
configure:2319: checking for C compiler default output file name
configure:2321: result: a.out
configure:2327: checking for suffix of executables
configure:2334: gcc -o conftest    conftest.c -lm >&5
configure:2338: $? = 0
configure:2360: result: 
configure:2382: checking whether we are cross compiling
configure:2390: gcc -o conftest    conftest.c -lm >&5
configure:2394: $? = 0
configure:2401: ./conftest
configure:2405: $? = 0
configure:2420: result: no
configure:2425: checking for suffix of object files
configure:2447: gcc -c   conftest.c >&5
configure:2451: $? = 0
configure:2472: result: o
configure:2476: checking whether we are using the GNU C compiler
configure:2495: gcc -c   conftest.c >&5
configure:2495: $? = 0
configure:2504: result: yes
configure:2513: checking whether gcc accepts -g
configure:2533: gcc -c -g  conftest.c >&5
configure:2533: $? = 0
configure:2574: result: yes
configure:2591: checking for gcc option to accept ISO C89
configure:2655: gcc  -c -g -O2  conftest.c >&5
configure:2655: $? = 0
configure:2668: result: none needed
configure:2741: checking for g77
configure:2771: result: no
configure:2741: checking for xlf
configure:2771: result: no
configure:2741: checking for f77
configure:2771: result: no
configure:2741: checking for frt
configure:2771: result: no
configure:2741: checking for pgf77
configure:2771: result: no
configure:2741: checking for cf77
configure:2771: result: no
configure:2741: checking for fort77
configure:2771: result: no
configure:2741: checking for fl32
configure:2771: result: no
configure:2741: checking for af77
configure:2771: result: no
configure:2741: checking for xlf90
configure:2771: result: no
configure:2741: checking for f90
configure:2771: result: no
configure:2741: checking for pgf90
configure:2771: result: no
configure:2741: checking for pghpf
configure:2771: result: no
configure:2741: checking for epcf90
configure:2771: result: no
configure:2741: checking for gfortran
configure:2757: found /cvmfs/cms.cern.ch/el9_amd64_gcc12/external/gcc/12.3.1-40d504be6370b5a30e3947a6e575ca28/bin/gfortran
configure:2768: result: gfortran
configure:2794: checking for Fortran 77 compiler version
configure:2803: gfortran --version >&5
GNU Fortran (GCC) 12.3.1 20230527
Copyright (C) 2022 Free Software Foundation, Inc.
This is free software; see the source for copying conditions.  There is NO
warranty; not even for MERCHANTABILITY or FITNESS FOR A PARTICULAR PURPOSE.

configure:2814: $? = 0
configure:2803: gfortran -v >&5
Using built-in specs.
COLLECT_GCC=gfortran
COLLECT_LTO_WRAPPER=/cvmfs/cms.cern.ch/el9_amd64_gcc12/external/gcc/12.3.1-40d504be6370b5a30e3947a6e575ca28/bin/../libexec/gcc/x86_64-redhat-linux-gnu/12.3.1/lto-wrapper
Target: x86_64-redhat-linux-gnu
Configured with: ../configure --prefix=/data/cmsbld/jenkins/workspace/jenkins-test-bootstrap/bootstrap/tmp/BUILDROOT/40d504be6370b5a30e3947a6e575ca28/opt/cmssw/el9_amd64_gcc12/external/gcc/12.3.1-40d504be6370b5a30e3947a6e575ca28 --disable-multilib --disable-nls --disable-dssi --enable-languages=c,c++,fortran --enable-gnu-indirect-function --enable-__cxa_atexit --disable-libunwind-exceptions --enable-gnu-unique-object --enable-plugin --with-linker-hash-style=gnu --enable-linker-build-id --enable-ld=default --enable-lto --enable-gold=yes --with-gmp=/data/cmsbld/jenkins/workspace/jenkins-test-bootstrap/bootstrap/tmp/BUILDROOT/40d504be6370b5a30e3947a6e575ca28/opt/cmssw/el9_amd64_gcc12/external/gcc/12.3.1-40d504be6370b5a30e3947a6e575ca28 --with-mpfr=/data/cmsbld/jenkins/workspace/jenkins-test-bootstrap/bootstrap/tmp/BUILDROOT/40d504be6370b5a30e3947a6e575ca28/opt/cmssw/el9_amd64_gcc12/external/gcc/12.3.1-40d504be6370b5a30e3947a6e575ca28 --enable-bootstrap --with-mpc=/data/cmsbld/jenkins/workspace/jenkins-test-bootstrap/bootstrap/tmp/BUILDROOT/40d504be6370b5a30e3947a6e575ca28/opt/cmssw/el9_amd64_gcc12/external/gcc/12.3.1-40d504be6370b5a30e3947a6e575ca28 --with-isl=/data/cmsbld/jenkins/workspace/jenkins-test-bootstrap/bootstrap/tmp/BUILDROOT/40d504be6370b5a30e3947a6e575ca28/opt/cmssw/el9_amd64_gcc12/external/gcc/12.3.1-40d504be6370b5a30e3947a6e575ca28 --enable-checking=release --build=x86_64-redhat-linux-gnu --host=x86_64-redhat-linux-gnu --enable-libstdcxx-time=rt --enable-shared --disable-libgcj --with-zstd=/data/cmsbld/jenkins/workspace/jenkins-test-bootstrap/bootstrap/tmp/BUILDROOT/40d504be6370b5a30e3947a6e575ca28/opt/cmssw/el9_amd64_gcc12/external/gcc/12.3.1-40d504be6370b5a30e3947a6e575ca28/tmp/sw CC='gcc -fPIC' CXX='c++ -fPIC' CPP=cpp CXXCPP='c++ -E' CFLAGS=-I/data/cmsbld/jenkins/workspace/jenkins-test-bootstrap/bootstrap/tmp/BUILDROOT/40d504be6370b5a30e3947a6e575ca28/opt/cmssw/el9_amd64_gcc12/external/gcc/12.3.1-40d504be6370b5a30e3947a6e575ca28/tmp/sw/include CXXFLAGS=-I/data/cmsbld/jenkins/workspace/jenkins-test-bootstrap/bootstrap/tmp/BUILDROOT/40d504be6370b5a30e3947a6e575ca28/opt/cmssw/el9_amd64_gcc12/external/gcc/12.3.1-40d504be6370b5a30e3947a6e575ca28/tmp/sw/include LDFLAGS=-L/data/cmsbld/jenkins/workspace/jenkins-test-bootstrap/bootstrap/tmp/BUILDROOT/40d504be6370b5a30e3947a6e575ca28/opt/cmssw/el9_amd64_gcc12/external/gcc/12.3.1-40d504be6370b5a30e3947a6e575ca28/tmp/sw/lib
Thread model: posix
Supported LTO compression algorithms: zlib zstd
gcc version 12.3.1 20230527 (GCC) 
configure:2814: $? = 0
configure:2803: gfortran -V >&5
gfortran: error: unrecognized command-line option '-V'
gfortran: fatal error: no input files
compilation terminated.
configure:2814: $? = 1
configure:2803: gfortran -qversion >&5
gfortran: error: unrecognized command-line option '-qversion'; did you mean '--version'?
gfortran: fatal error: no input files
compilation terminated.
configure:2814: $? = 1
configure:2823: checking whether we are using the GNU Fortran 77 compiler
configure:2836: gfortran -c  conftest.F >&5
configure:2836: $? = 0
configure:2845: result: yes
configure:2851: checking whether gfortran accepts -g
configure:2862: gfortran -c -g conftest.f >&5
configure:2862: $? = 0
configure:2870: result: yes
configure:2942: checking for ranlib
configure:2958: found /cvmfs/cms.cern.ch/el9_amd64_gcc12/external/gcc/12.3.1-40d504be6370b5a30e3947a6e575ca28/bin/ranlib
configure:2969: result: ranlib
configure:3034: checking for a BSD-compatible install
configure:3102: result: /usr/bin/install -c
configure:3129: checking for an ANSI C-conforming const
configure:3194: gcc -c -O3 -fomit-frame-pointer -ffast-math -Wall  conftest.c >&5
conftest.c: In function 'main':
conftest.c:38:7: warning: 't' is used uninitialized [-Wuninitialized]
   38 |     *t++ = 0;
      |      ~^~
conftest.c:35:11: note: 't' was declared here
   35 |     char *t;
      |           ^
conftest.c:54:23: warning: 'b' is used uninitialized [-Wuninitialized]
   54 |     struct s *b; b->j = 5;
      |                  ~~~~~^~~
conftest.c:54:15: note: 'b' was declared here
   54 |     struct s *b; b->j = 5;
      |               ^
conftest.c:60:13: warning: 'cs' is used uninitialized [-Wuninitialized]
   60 |   return !cs[0] && !zero.x;
      |           ~~^~~
conftest.c:17:17: note: 'cs' declared here
   17 |   const charset cs;
      |                 ^~
configure:3194: $? = 0
configure:3201: result: yes
configure:3209: checking for inline
configure:3225: gcc -c -O3 -fomit-frame-pointer -ffast-math -Wall  conftest.c >&5
configure:3225: $? = 0
configure:3233: result: inline
configure:3253: checking for long double with more range or precision than double
configure:3288: gcc -c -O3 -fomit-frame-pointer -ffast-math -Wall  conftest.c >&5
conftest.c: In function 'main':
conftest.c:25:12: warning: variable 'test_array' set but not used [-Wunused-but-set-variable]
   25 | static int test_array [1 - 2 * !((0 < ((DBL_MAX_EXP < LDBL_MAX_EXP)
      |            ^~~~~~~~~~
configure:3288: $? = 0
configure:3295: result: yes
configure:3313: checking for powl
configure:3313: gcc -o conftest -O3 -fomit-frame-pointer -ffast-math -Wall   conftest.c -lm >&5
conftest.c:34:6: warning: conflicting types for built-in function 'powl'; expected 'long double(long double,  long double)' [-Wbuiltin-declaration-mismatch]
   34 | char powl ();
      |      ^~~~
conftest.c:22:1: note: 'powl' is declared in header '<math.h>'
   21 | # include <limits.h>
   22 | #else
configure:3313: $? = 0
configure:3313: result: yes
configure:3324: checking for erf
configure:3324: gcc -o conftest -O3 -fomit-frame-pointer -ffast-math -Wall   conftest.c -lm >&5
conftest.c:35:6: warning: conflicting types for built-in function 'erf'; expected 'double(double)' [-Wbuiltin-declaration-mismatch]
   35 | char erf ();
      |      ^~~
conftest.c:23:1: note: 'erf' is declared in header '<math.h>'
   22 | # include <limits.h>
   23 | #else
configure:3324: $? = 0
configure:3324: result: yes
configure:3335: checking for fork
configure:3335: gcc -o conftest -O3 -fomit-frame-pointer -ffast-math -Wall   conftest.c -lm >&5
conftest.c:36:6: warning: conflicting types for built-in function 'fork'; expected 'int(void)' [-Wbuiltin-declaration-mismatch]
   36 | char fork ();
      |      ^~~~
configure:3335: $? = 0
configure:3335: result: yes
configure:3346: checking for shmget
configure:3346: gcc -o conftest -O3 -fomit-frame-pointer -ffast-math -Wall   conftest.c -lm >&5
configure:3346: $? = 0
configure:3346: result: yes
configure:3357: checking for getloadavg
configure:3357: gcc -o conftest -O3 -fomit-frame-pointer -ffast-math -Wall   conftest.c -lm >&5
configure:3357: $? = 0
configure:3357: result: yes
configure:3383: checking for variable-size arrays
configure:3389: gcc -c -O3 -fomit-frame-pointer -ffast-math -Wall  conftest.c >&5
configure:3389: $? = 0
configure:3390: result: yes
configure:3409: checking for MathLink
configure:3437: result: no
configure:3446: checking for qmake
configure:3476: result: no
configure:3601: creating ./config.status

## ---------------------- ##
## Running config.status. ##
## ---------------------- ##

This file was extended by Cuba config.status 3.0, which was
generated by GNU Autoconf 2.68.  Invocation command line was

  CONFIG_FILES    = 
  CONFIG_HEADERS  = 
  CONFIG_LINKS    = 
  CONFIG_COMMANDS = 
  $ ./config.status 

on tamsa2

config.status:816: creating makefile
config.status:816: creating config.h
config.status:991: config.h is unchanged

## ---------------- ##
## Cache variables. ##
## ---------------- ##

ac_cv_c_compiler_gnu=yes
ac_cv_c_const=yes
ac_cv_c_inline=inline
ac_cv_c_long_double=yes
ac_cv_env_CC_set=
ac_cv_env_CC_value=
ac_cv_env_CFLAGS_set=
ac_cv_env_CFLAGS_value=
ac_cv_env_CPPFLAGS_set=
ac_cv_env_CPPFLAGS_value=
ac_cv_env_F77_set=
ac_cv_env_F77_value=
ac_cv_env_FFLAGS_set=
ac_cv_env_FFLAGS_value=
ac_cv_env_LDFLAGS_set=
ac_cv_env_LDFLAGS_value=
ac_cv_env_LIBS_set=
ac_cv_env_LIBS_value=
ac_cv_env_MCFLAGS_set=
ac_cv_env_MCFLAGS_value=
ac_cv_env_build_alias_set=
ac_cv_env_build_alias_value=
ac_cv_env_host_alias_set=
ac_cv_env_host_alias_value=
ac_cv_env_target_alias_set=
ac_cv_env_target_alias_value=
ac_cv_f77_compiler_gnu=yes
ac_cv_func_erf=yes
ac_cv_func_fork=yes
ac_cv_func_getloadavg=yes
ac_cv_func_powl=yes
ac_cv_func_shmget=yes
ac_cv_objext=o
ac_cv_path_install='/usr/bin/install -c'
ac_cv_prog_ac_ct_CC=gcc
ac_cv_prog_ac_ct_F77=gfortran
ac_cv_prog_ac_ct_RANLIB=ranlib
ac_cv_prog_cc_c89=
ac_cv_prog_cc_g=yes
ac_cv_prog_f77_g=yes
ac_cv_type_long_double_wider=yes

## ----------------- ##
## Output variables. ##
## ----------------- ##

CC='gcc'
CFLAGS='-O3 -fomit-frame-pointer -ffast-math -Wall'
CPPFLAGS=''
DEFS='-DHAVE_CONFIG_H'
DEMO_FORTRAN_DEFAULT='demo-fortran'
ECHO_C=''
ECHO_N='-n'
ECHO_T=''
EXEEXT=''
F77='gfortran'
FFLAGS='-g -O2'
HAVE_QMAKE=''
INSTALL_DATA='${INSTALL} -m 644'
INSTALL_PROGRAM='${INSTALL}'
INSTALL_SCRIPT='${INSTALL}'
LDFLAGS=''
LIBOBJS=''
LIBS='-lm'
LTLIBOBJS=''
MATH_DEFAULT=''
MCFLAGS=''
OBJEXT='o'
PACKAGE_BUGREPORT='hahn@feynarts.de'
PACKAGE_NAME='Cuba'
PACKAGE_STRING='Cuba 3.0'
PACKAGE_TARNAME='cuba'
PACKAGE_URL=''
PACKAGE_VERSION='3.0'
PATH_SEPARATOR=':'
RANLIB='ranlib'
SHELL='/bin/sh'
TOOLS_DEFAULT=''
ac_ct_CC='gcc'
ac_ct_F77='gfortran'
bindir='${exec_prefix}/bin'
build_alias=''
datadir='${datarootdir}'
datarootdir='${prefix}/share'
docdir='${datarootdir}/doc/${PACKAGE_TARNAME}'
dvidir='${docdir}'
exec_prefix='${prefix}'
host_alias=''
htmldir='${docdir}'
includedir='${prefix}/include'
infodir='${datarootdir}/info'
libdir='${exec_prefix}/lib'
libexecdir='${exec_prefix}/libexec'
localedir='${datarootdir}/locale'
localstatedir='${prefix}/var'
mandir='${datarootdir}/man'
oldincludedir='/usr/include'
pdfdir='${docdir}'
prefix='/usr/local'
program_transform_name='s,x,x,'
psdir='${docdir}'
sbindir='${exec_prefix}/sbin'
sharedstatedir='${prefix}/com'
sysconfdir='${prefix}/etc'
target_alias=''

## ----------- ##
## confdefs.h. ##
## ----------- ##

/* confdefs.h */
#define PACKAGE_NAME "Cuba"
#define PACKAGE_TARNAME "cuba"
#define PACKAGE_VERSION "3.0"
#define PACKAGE_STRING "Cuba 3.0"
#define PACKAGE_BUGREPORT "hahn@feynarts.de"
#define PACKAGE_URL ""
#define HAVE_LONG_DOUBLE_WIDER 1
#define HAVE_LONG_DOUBLE 1
#define HAVE_POWL 1
#define HAVE_ERF 1
#define HAVE_FORK 1
#define HAVE_SHMGET 1
#define HAVE_GETLOADAVG 1

configure: exit 0
