LHAPDF 6.3.0 loading /cvmfs/cms.cern.ch/el9_amd64_gcc12/external/lhapdf/6.4.0-e7c4b9323f96fa15c22775e405ec99ed/share/LHAPDF/NNPDF31_nnlo_as_0118_luxqed/NNPDF31_nnlo_as_0118_luxqed_0000.dat
NNPDF31_nnlo_as_0118_luxqed PDF set, member #0, version 2; LHAPDF ID = 325100
Vegas input parameters:
  ndim 11
  ncomp 1
  epsrel 0
  epsabs 0
  flags 291
  seed 127
  mineval 1
  maxeval 1
  nstart 1000000
  nincrease 500000
  nbatch 1000
  gridno 1
  statefile "vegas_last_iter116"

Iteration 1:  1000000 integrand evaluations so far
[1] -0.0249935 +- 0.00473502  	chisq 0 (0 df)

Saving state to vegas_last_iter125.
Vegas input parameters:
  ndim 11
  ncomp 1
  epsrel 0
  epsabs 0
  flags 291
  seed 261
  mineval 1
  maxeval 1
  nstart 1000000
  nincrease 500000
  nbatch 1000
  gridno 1
  statefile "vegas_last_iter125"

Restoring state from vegas_last_

Iter
It
Iteration 2:  2500000 integrand evaluations so far
[1] -0.0229733 +- 0.0016105  	chisq 0.20585 (1 df)

Saving state to vegas_last_iter125.
Vegas input parameters:
  ndim 11
  ncomp 1
  epsrel 0
  epsabs 0
  flags 291
  seed 386
  mineval 1
  maxeval 1
  nstart 1000000
  nincrease 500000
  nbatch 1000
  gridno 1
  statefile "vegas_last_iter125"

Restoring state from vegas_l
Iteration
Iteration 3:  4500000 integrand evaluations so far
[1] -0.701614 +- 0.00433517  	chisq 1.63684 (2 df)

Saving state to vegas_last_iter100.
Vegas input parameters:
  ndim 11
  ncomp 1
  epsrel 0
  epsabs 0
  flags 291
  seed 411
  mineval 1
  maxeval 1
  nstart 1000000
  nincrease 500000
  nbatch 1000
  gridno 1
  statefile "vegas_last_iter100"

Restoring state from vegas_last_iter100.
000 integrand evaluations so far
[1] 24.965 +- 0.110462  	chisq 5.35044 (3 df)

Saving state to vegas_last_iter97.
Vegas input parameters:
  ndim 11
  ncomp 1
  epsrel 0
  epsabs 0
  flags 291
  seed 496
  mineval 1
  maxeval 1
  nstart 1000000
  nincrease 500000
  nbatch 1000
  gridno 1
  statefile "vegas_last_iter97"

Restoring state from vegas_last_iter97.
last_iter12
Iteration 5:  10000000 integrand evaluations so far
[1] 14.5346 +- 0.217556  	chisq 1.22784 (4 df)

Saving state to vegas_last_iter101.
Vegas input parameters:
  ndim 11
  ncomp 1
  epsrel 0
  epsabs 0
  flags 291
  seed 617
  mineval 1
  maxeval 1
  nstart 1000000
  nincrease 500000
  nbatch 1000
  gridno 1
  statefile "vegas_last_iter101"

Restoring state from vegas_last_iter101.

r
Iter
Iteration 6:  1350000
Iteration 6:  13500000 integrand evaluations so far
[1] -0.91705 +- 0.00036146  	chisq 2.31441 (5 df)

Saving state to vegas_last_iter126.
Vegas input parameters:
  ndim 11
  ncomp 1
  epsrel 0
  epsabs 0
  flags 291
  seed 893
  mineval 1
  maxeval 1
  nstart 1000000
  nincrease 500000
  nbatch 1000
  gridno 1
  statefile "vegas_last_iter126"

Restoring state from vegas_last_iter126.
ntegrand evaluations so far
[1] -28.2319 +- 0.0130299  	chisq 10.8782 (6 df)

Saving state to vegas_last_iter110.
Vegas input parameters:
  ndim 11
  ncomp 1
  epsrel 0
  epsabs 0
  flags 291
  seed 891
  mineval 1
  maxeval 1
  nstart 1000000
  nincrease 500000
  nbatch 1000
  gridno 1
  statefile "vegas_last_iter110"

Restoring state from vegas_last_ite
Itera
Iteration 8:  22000000 integrand evaluations so far
[1] -28.2297 +- 0.0114969  	chisq 11.0085 (7 df)

Saving state to vegas_last_iter110.
Vegas input parameters:
  ndim 11
  ncomp 1
  epsrel 0
  epsabs 0
  flags 291
  seed 1001
  mineval 1
  maxeval 1
  nstart 1000000
  nincrease 500000
  nbatch 1000
  gridno 1
  statefile "vegas_last_iter110"

Restoring state from vegas_last_iter110
Iteratio
Iteration 9:  27000000 integrand evaluations so far
[1] 3.07669 +- 0.000639631  	chisq 10.1177 (8 df)

Saving state to vegas_lasVegas inputVegas input parameters:
  ndim 11
  ncomp 1
  epsrel 0
  epsabs 0
  flags 291
  seed 1081
  mineval 1
  maxeval 1
  nstart 1000000
  nincrease 500000
  nbatch 1000
  gridno 1
  statefile "vegas_last_iter107"

Restoring state from vegas_last_iter107.
n 10:  32500000 integrand evaluations so far
[1] -11.9934 +- 0.0275234  	chisq 16.8978 (9 df)

Saving state to vegas_last_iter114.
Vegas put parameters:
  ndim 11
  ncomp 1
  epsrel 0
  epsabs 0
  flags 291
  seed 759
  mineval 1
  maxeval 1
  nstart 1000000
  nincrease 500000
  nbatch 1000
  gridno 1
  statefile "vegas_last_iter68"

Restoring state from vegas_last_iter68.
ter5
Iteration 11:  38500000 integrand evaluations so far
[1] 0.0189226 +- 0.000213992  	chisq 10.4775 (10 df)

Saving state to vegas_last_iter70.
Vegas input parameters:
  ndim 11
  ncomp 1
  epsrel 0
  epsabs 0
  flags 291
  seed 851
  mineval 1
  maxeval 1
  nstart 1000000
  nincrease 500000
  nbatch 1000
  gridno 1
  statefile "vegas_last_iter70"

Restoring state from vegas_last_iter
Iteration 12:  45000000 integrand evaluations so far
[1] 0.0144706 +- 0.000678848  	chisq 3.49989 (11 df)

Saving state to vegas_last_iter71.
Vegas input parameters:
  ndim 11
  ncomp 1
  epsrel 0
  epsabs 0
  flags 291
  seed 934
  mineval 1
  maxeval 1
  nstart 1000000
  nincrease 500000
  nbatch 1000
  gridno 1
  statefile "vegas_last_iter71"

Restoring state from vegas_last_iter71.

It
Iteration 13:  52000000 integrand evaluations so far
[1] 0.0539239 +- 7.60892e-06  	chisq 15.9668 (12 df)

Saving state to vegas_last_iter41.
Vegas input parameters:
  ndim 11
  ncomp 1
  epsrel 0
  epsabs 0
  flags 291
  seed 585
  mineval 1
  maxeval 1
  nstart 1000000
  nincrease 500000
  nbatch 1000
  gridno 1
  statefile "vegas_last_iter41"

Restoring state from vegas_last_iter41.

Restoring state from vegas
Iteration 14:  59500000 integrand evaluations so far
[1] 3.15648e-06 +- 4.25911e-06  	chisq 15.2539 (13 df)

Saving state to vegas_last_iter10.
Vegas input parameters:
  ndim 11
  ncomp 1
  epsrel 0
  epsabs 0
  flags 291
  seed 161
  mineval 1
  maxeval 1
  nstart 1000000
  nincrease 500000
  nbatch 1000
  gridno 1
  statefile "vegas_last_iter10"

Restoring state from vegas_last_iter10.
2  	chisq 15.9993 (14 df)

Saving state to vegas_last_iter48.
Vegas input parameters:
  ndim 11
  ncomp 1
  epsrel 0
  epsabs 0
  flags 291
  seed 779
  mineval 1
  maxeval 1
  nstart 1000000
  nincrease 500000
  nbatch 1000
  gridno 1
  statefile "vegas_last_iter48"

Restoring state from vegas_last_iter48.
ch 1000
  gridno 1
  statefile "vegas_last_iter57"

Restoring state from vegas_last_iter57.

Iteration 16:  76000000 integrand evaluations so far
[1] 1.25749e-06 +- 2.56636e-06  	chisq 12.99 (15 df)

Saving state to vegas_last_iter57.
Vegas input parameters:
  ndim 11
  ncomp 1
  epsrel 0
  epsabs 0
  flags 291
  seed 980
  mineval 1
  maxeval 1
  nstart 1000000
  nincrease 500000
  nbatch 1000
  gridno 1
  statefile "vegas_last_iter57"

Restoring state from vegas_last_iter57.

Iteration 17:  85000000 integrand evaluations so far
[1] 2.0028e-06 +- 2.42242e-06  	chisq 13.7636 (16 df)

Saving state to vegas_last_iter57.
Vegas input parameters:
  ndim 11
  ncomp 1
  epsrel 0
  epsabs 0
  flags 291
  seed 1037
  mineval 1
  maxeval 1
  nstart 1000000
  nincrease 500000
  nbatch 1000
  gridno 1
  statefile "vegas_last_iter57"

Restoring state from vegas_last_iter57.
7 (17 df)

Saving state to vegas_last_iter62.
Vegas input parameters:
  ndim 11
  ncomp 1
  epsrel 0
  epsabs 0
  flags 291
  seed 1189
  mineval 1
  maxeval 1
  nstart 1000000
  nincrease 500000
  nbatch 1000
  gridno 1
  statefile "vegas_last_iter62"

Restoring state from vegas_last_iter62.
