000 (202077.103.000) 2025-05-16 11:33:59 Job submitted from host: <172.30.1.200:9618?addrs=172.30.1.200-9618&alias=tamsa2&noUDP&sock=schedd_2464_ad72>
...
001 (202077.103.000) 2025-05-16 11:34:06 Job executing on host: <172.30.1.206:9618?addrs=172.30.1.206-9618&alias=node-w6.localdomain&noUDP&sock=startd_3756_e1cf>
	SlotName: slot1_40@node-w6.localdomain
	CondorScratchDir = "/var/lib/condor/execute/dir_2184250"
	Cpus = 1
	Disk = 23552
	GPUs = 0
	Memory = 3968
...
006 (202077.103.000) 2025-05-16 11:34:20 Image size of job updated: 9108
	9  -  MemoryUsage of job (MB)
	9108  -  ResidentSetSize of job (KB)
...
006 (202077.103.000) 2025-05-16 11:36:16 Image size of job updated: 9976
	9  -  MemoryUsage of job (MB)
	9108  -  ResidentSetSize of job (KB)
...
005 (202077.103.000) 2025-05-16 11:36:16 Job terminated.
	(1) Normal termination (return value 2)
		Usr 0 00:00:01, Sys 0 00:00:02  -  Run Remote Usage
		Usr 0 00:00:00, Sys 0 00:00:00  -  Run Local Usage
		Usr 0 00:00:01, Sys 0 00:00:02  -  Total Remote Usage
		Usr 0 00:00:00, Sys 0 00:00:00  -  Total Local Usage
	0  -  Run Bytes Sent By Job
	0  -  Run Bytes Received By Job
	0  -  Total Bytes Sent By Job
	0  -  Total Bytes Received By Job
	Partitionable Resources :    Usage  Request Allocated 
	   Cpus                 :     0.01        1         1 
	   Disk (KB)            : 22500       22500     23552 
	   GPUs                 :                           0 
	   Memory (MB)          :     9        3900      3968 
	   TimeExecute (s)      :   130                       
	   TimeSlotBusy (s)     :   130                       

	Job terminated of its own accord at 2025-05-16T02:36:16Z with exit-code 2.
...
000 (202083.103.000) 2025-05-16 11:49:31 Job submitted from host: <172.30.1.200:9618?addrs=172.30.1.200-9618&alias=tamsa2&noUDP&sock=schedd_2464_ad72>
...
001 (202083.103.000) 2025-05-16 11:50:33 Job executing on host: <172.30.1.201:9618?addrs=172.30.1.201-9618&alias=node-w1.localdomain&noUDP&sock=startd_3918_0026>
	SlotName: slot1_27@node-w1.localdomain
	CondorScratchDir = "/var/lib/condor/execute/dir_1277168"
	Cpus = 1
	Disk = 23552
	GPUs = 0
	Memory = 3968
...
006 (202083.103.000) 2025-05-16 11:50:47 Image size of job updated: 18704
	2  -  MemoryUsage of job (MB)
	1388  -  ResidentSetSize of job (KB)
...
006 (202083.103.000) 2025-05-16 11:55:48 Image size of job updated: 84316
	83  -  MemoryUsage of job (MB)
	84316  -  ResidentSetSize of job (KB)
...
006 (202083.103.000) 2025-05-16 13:30:58 Image size of job updated: 117984
	116  -  MemoryUsage of job (MB)
	117984  -  ResidentSetSize of job (KB)
...
005 (202083.103.000) 2025-05-16 14:57:27 Job terminated.
	(1) Normal termination (return value 1)
		Usr 0 03:05:57, Sys 0 00:00:01  -  Run Remote Usage
		Usr 0 00:00:00, Sys 0 00:00:00  -  Run Local Usage
		Usr 0 03:05:57, Sys 0 00:00:01  -  Total Remote Usage
		Usr 0 00:00:00, Sys 0 00:00:00  -  Total Local Usage
	0  -  Run Bytes Sent By Job
	0  -  Run Bytes Received By Job
	0  -  Total Bytes Sent By Job
	0  -  Total Bytes Received By Job
	Partitionable Resources :    Usage  Request Allocated 
	   Cpus                 :     1.00        1         1 
	   Disk (KB)            : 22500       22500     23552 
	   GPUs                 :                           0 
	   Memory (MB)          :   116        3900      3968 
	   TimeExecute (s)      : 11214                       
	   TimeSlotBusy (s)     : 11215                       

	Job terminated of its own accord at 2025-05-16T05:57:27Z with exit-code 1.
...
