000 (202077.083.000) 2025-05-16 11:33:59 Job submitted from host: <172.30.1.200:9618?addrs=172.30.1.200-9618&alias=tamsa2&noUDP&sock=schedd_2464_ad72>
...
001 (202077.083.000) 2025-05-16 11:34:06 Job executing on host: <172.30.1.206:9618?addrs=172.30.1.206-9618&alias=node-w6.localdomain&noUDP&sock=startd_3756_e1cf>
	SlotName: slot1_20@node-w6.localdomain
	CondorScratchDir = "/var/lib/condor/execute/dir_2184230"
	Cpus = 1
	Disk = 23552
	GPUs = 0
	Memory = 3968
...
006 (202077.083.000) 2025-05-16 11:34:20 Image size of job updated: 9112
	9  -  MemoryUsage of job (MB)
	9112  -  ResidentSetSize of job (KB)
...
006 (202077.083.000) 2025-05-16 11:36:16 Image size of job updated: 9900
	9  -  MemoryUsage of job (MB)
	9112  -  ResidentSetSize of job (KB)
...
005 (202077.083.000) 2025-05-16 11:36:16 Job terminated.
	(1) Normal termination (return value 2)
		Usr 0 00:00:00, Sys 0 00:00:02  -  Run Remote Usage
		Usr 0 00:00:00, Sys 0 00:00:00  -  Run Local Usage
		Usr 0 00:00:00, Sys 0 00:00:02  -  Total Remote Usage
		Usr 0 00:00:00, Sys 0 00:00:00  -  Total Local Usage
	0  -  Run Bytes Sent By Job
	0  -  Run Bytes Received By Job
	0  -  Total Bytes Sent By Job
	0  -  Total Bytes Received By Job
	Partitionable Resources :    Usage  Request Allocated 
	   Cpus                 :     0.01        1         1 
	   Disk (KB)            : 22500       22500     23552 
	   GPUs                 :                           0 
	   Memory (MB)          :     9        3900      3968 
	   TimeExecute (s)      :   130                       
	   TimeSlotBusy (s)     :   131                       

	Job terminated of its own accord at 2025-05-16T02:36:16Z with exit-code 2.
...
000 (202083.083.000) 2025-05-16 11:49:31 Job submitted from host: <172.30.1.200:9618?addrs=172.30.1.200-9618&alias=tamsa2&noUDP&sock=schedd_2464_ad72>
...
001 (202083.083.000) 2025-05-16 11:50:37 Job executing on host: <172.30.1.221:9618?addrs=172.30.1.221-9618&alias=node-w21.localdomain&noUDP&sock=startd_10362_0c71>
	SlotName: slot1_79@node-w21.localdomain
	CondorScratchDir = "/var/lib/condor/execute/dir_428339"
	Cpus = 1
	Disk = 23552
	GPUs = 0
	Memory = 3968
...
006 (202083.083.000) 2025-05-16 11:50:52 Image size of job updated: 9116
	9  -  MemoryUsage of job (MB)
	9116  -  ResidentSetSize of job (KB)
...
006 (202083.083.000) 2025-05-16 11:55:52 Image size of job updated: 84324
	83  -  MemoryUsage of job (MB)
	84324  -  ResidentSetSize of job (KB)
...
006 (202083.083.000) 2025-05-16 13:26:01 Image size of job updated: 91536
	90  -  MemoryUsage of job (MB)
	91536  -  ResidentSetSize of job (KB)
...
006 (202083.083.000) 2025-05-16 15:06:13 Image size of job updated: 97740
	96  -  MemoryUsage of job (MB)
	97740  -  ResidentSetSize of job (KB)
...
006 (202083.083.000) 2025-05-16 15:11:13 Image size of job updated: 107368
	105  -  MemoryUsage of job (MB)
	107368  -  ResidentSetSize of job (KB)
...
006 (202083.083.000) 2025-05-16 16:11:19 Image size of job updated: 113436
	111  -  MemoryUsage of job (MB)
	113436  -  ResidentSetSize of job (KB)
...
005 (202083.083.000) 2025-05-16 17:57:06 Job terminated.
	(1) Normal termination (return value 1)
		Usr 0 06:04:37, Sys 0 00:00:02  -  Run Remote Usage
		Usr 0 00:00:00, Sys 0 00:00:00  -  Run Local Usage
		Usr 0 06:04:37, Sys 0 00:00:02  -  Total Remote Usage
		Usr 0 00:00:00, Sys 0 00:00:00  -  Total Local Usage
	0  -  Run Bytes Sent By Job
	0  -  Run Bytes Received By Job
	0  -  Total Bytes Sent By Job
	0  -  Total Bytes Received By Job
	Partitionable Resources :    Usage  Request Allocated 
	   Cpus                 :     1.00        1         1 
	   Disk (KB)            : 22500       22500     23552 
	   GPUs                 :                           0 
	   Memory (MB)          :   111        3900      3968 
	   TimeExecute (s)      : 21989                       
	   TimeSlotBusy (s)     : 21990                       

	Job terminated of its own accord at 2025-05-16T08:57:06Z with exit-code 1.
...
