000 (202077.000.000) 2025-05-16 11:33:59 Job submitted from host: <172.30.1.200:9618?addrs=172.30.1.200-9618&alias=tamsa2&noUDP&sock=schedd_2464_ad72>
...
001 (202077.000.000) 2025-05-16 11:34:06 Job executing on host: <172.30.1.213:9618?addrs=172.30.1.213-9618&alias=node-w13.localdomain&noUDP&sock=startd_3910_8364>
	SlotName: slot1_15@node-w13.localdomain
	CondorScratchDir = "/var/lib/condor/execute/dir_2421142"
	Cpus = 1
	Disk = 23552
	GPUs = 0
	Memory = 3968
...
006 (202077.000.000) 2025-05-16 11:34:20 Image size of job updated: 9712
	10  -  MemoryUsage of job (MB)
	9352  -  ResidentSetSize of job (KB)
...
006 (202077.000.000) 2025-05-16 11:35:11 Image size of job updated: 10604
	10  -  MemoryUsage of job (MB)
	9352  -  ResidentSetSize of job (KB)
...
005 (202077.000.000) 2025-05-16 11:35:11 Job terminated.
	(1) Normal termination (return value 2)
		Usr 0 00:00:01, Sys 0 00:00:02  -  Run Remote Usage
		Usr 0 00:00:00, Sys 0 00:00:00  -  Run Local Usage
		Usr 0 00:00:01, Sys 0 00:00:02  -  Total Remote Usage
		Usr 0 00:00:00, Sys 0 00:00:00  -  Total Local Usage
	0  -  Run Bytes Sent By Job
	0  -  Run Bytes Received By Job
	0  -  Total Bytes Sent By Job
	0  -  Total Bytes Received By Job
	Partitionable Resources :    Usage  Request Allocated 
	   Cpus                 :                 1         1 
	   Disk (KB)            :    22500    22500     23552 
	   GPUs                 :                           0 
	   Memory (MB)          :       10     3900      3968 
	   TimeExecute (s)      :       65                    
	   TimeSlotBusy (s)     :       66                    

	Job terminated of its own accord at 2025-05-16T02:35:11Z with exit-code 2.
...
000 (202083.000.000) 2025-05-16 11:49:30 Job submitted from host: <172.30.1.200:9618?addrs=172.30.1.200-9618&alias=tamsa2&noUDP&sock=schedd_2464_ad72>
...
001 (202083.000.000) 2025-05-16 11:50:31 Job executing on host: <172.30.1.213:9618?addrs=172.30.1.213-9618&alias=node-w13.localdomain&noUDP&sock=startd_3910_8364>
	SlotName: slot1_38@node-w13.localdomain
	CondorScratchDir = "/var/lib/condor/execute/dir_2445889"
	Cpus = 1
	Disk = 23552
	GPUs = 0
	Memory = 3968
...
006 (202083.000.000) 2025-05-16 11:50:45 Image size of job updated: 77648
	76  -  MemoryUsage of job (MB)
	77648  -  ResidentSetSize of job (KB)
...
006 (202083.000.000) 2025-05-16 11:55:46 Image size of job updated: 84564
	83  -  MemoryUsage of job (MB)
	84564  -  ResidentSetSize of job (KB)
...
006 (202083.000.000) 2025-05-16 13:15:55 Image size of job updated: 113556
	111  -  MemoryUsage of job (MB)
	113556  -  ResidentSetSize of job (KB)
...
006 (202083.000.000) 2025-05-16 15:11:03 Image size of job updated: 114472
	112  -  MemoryUsage of job (MB)
	114472  -  ResidentSetSize of job (KB)
...
005 (202083.000.000) 2025-05-17 03:14:01 Job terminated.
	(1) Normal termination (return value 1)
		Usr 0 15:18:20, Sys 0 00:00:03  -  Run Remote Usage
		Usr 0 00:00:00, Sys 0 00:00:00  -  Run Local Usage
		Usr 0 15:18:20, Sys 0 00:00:03  -  Total Remote Usage
		Usr 0 00:00:00, Sys 0 00:00:00  -  Total Local Usage
	0  -  Run Bytes Sent By Job
	0  -  Run Bytes Received By Job
	0  -  Total Bytes Sent By Job
	0  -  Total Bytes Received By Job
	Partitionable Resources :    Usage  Request Allocated 
	   Cpus                 :     1.00        1         1 
	   Disk (KB)            : 22500       22500     23552 
	   GPUs                 :                           0 
	   Memory (MB)          :   112        3900      3968 
	   TimeExecute (s)      : 55410                       
	   TimeSlotBusy (s)     : 55410                       

	Job terminated of its own accord at 2025-05-16T18:14:01Z with exit-code 1.
...
