000 (202077.061.000) 2025-05-16 11:33:59 Job submitted from host: <172.30.1.200:9618?addrs=172.30.1.200-9618&alias=tamsa2&noUDP&sock=schedd_2464_ad72>
...
001 (202077.061.000) 2025-05-16 11:34:08 Job executing on host: <172.30.1.213:9618?addrs=172.30.1.213-9618&alias=node-w13.localdomain&noUDP&sock=startd_3910_8364>
	SlotName: slot1_78@node-w13.localdomain
	CondorScratchDir = "/var/lib/condor/execute/dir_2421210"
	Cpus = 1
	Disk = 23552
	GPUs = 0
	Memory = 3968
...
006 (202077.061.000) 2025-05-16 11:34:22 Image size of job updated: 9712
	10  -  MemoryUsage of job (MB)
	9712  -  ResidentSetSize of job (KB)
...
006 (202077.061.000) 2025-05-16 11:35:46 Image size of job updated: 10576
	10  -  MemoryUsage of job (MB)
	9712  -  ResidentSetSize of job (KB)
...
005 (202077.061.000) 2025-05-16 11:35:47 Job terminated.
	(1) Normal termination (return value 2)
		Usr 0 00:00:02, Sys 0 00:00:02  -  Run Remote Usage
		Usr 0 00:00:00, Sys 0 00:00:00  -  Run Local Usage
		Usr 0 00:00:02, Sys 0 00:00:02  -  Total Remote Usage
		Usr 0 00:00:00, Sys 0 00:00:00  -  Total Local Usage
	0  -  Run Bytes Sent By Job
	0  -  Run Bytes Received By Job
	0  -  Total Bytes Sent By Job
	0  -  Total Bytes Received By Job
	Partitionable Resources :    Usage  Request Allocated 
	   Cpus                 :        0        1         1 
	   Disk (KB)            :    22500    22500     23552 
	   GPUs                 :                           0 
	   Memory (MB)          :       10     3900      3968 
	   TimeExecute (s)      :       98                    
	   TimeSlotBusy (s)     :       98                    

	Job terminated of its own accord at 2025-05-16T02:35:46Z with exit-code 2.
...
000 (202083.061.000) 2025-05-16 11:49:31 Job submitted from host: <172.30.1.200:9618?addrs=172.30.1.200-9618&alias=tamsa2&noUDP&sock=schedd_2464_ad72>
...
001 (202083.061.000) 2025-05-16 11:50:37 Job executing on host: <172.30.1.221:9618?addrs=172.30.1.221-9618&alias=node-w21.localdomain&noUDP&sock=startd_10362_0c71>
	SlotName: slot1_27@node-w21.localdomain
	CondorScratchDir = "/var/lib/condor/execute/dir_428317"
	Cpus = 1
	Disk = 23552
	GPUs = 0
	Memory = 3968
...
006 (202083.061.000) 2025-05-16 11:50:52 Image size of job updated: 9108
	9  -  MemoryUsage of job (MB)
	9108  -  ResidentSetSize of job (KB)
...
006 (202083.061.000) 2025-05-16 11:55:52 Image size of job updated: 84292
	83  -  MemoryUsage of job (MB)
	84292  -  ResidentSetSize of job (KB)
...
005 (202083.061.000) 2025-05-16 12:22:36 Job terminated.
	(1) Normal termination (return value 1)
		Usr 0 00:31:22, Sys 0 00:00:02  -  Run Remote Usage
		Usr 0 00:00:00, Sys 0 00:00:00  -  Run Local Usage
		Usr 0 00:31:22, Sys 0 00:00:02  -  Total Remote Usage
		Usr 0 00:00:00, Sys 0 00:00:00  -  Total Local Usage
	0  -  Run Bytes Sent By Job
	0  -  Run Bytes Received By Job
	0  -  Total Bytes Sent By Job
	0  -  Total Bytes Received By Job
	Partitionable Resources :    Usage  Request Allocated 
	   Cpus                 :     1.00        1         1 
	   Disk (KB)            : 22500       22500     23552 
	   GPUs                 :                           0 
	   Memory (MB)          :    83        3900      3968 
	   TimeExecute (s)      :  1919                       
	   TimeSlotBusy (s)     :  1922                       

	Job terminated of its own accord at 2025-05-16T03:22:36Z with exit-code 1.
...
