000 (303213.045.000) 2025-05-21 18:15:53 Job submitted from host: <172.30.1.200:9618?addrs=172.30.1.200-9618&alias=tamsa2&noUDP&sock=schedd_2464_ad72>
...
001 (303213.045.000) 2025-05-21 18:15:56 Job executing on host: <172.30.1.206:9618?addrs=172.30.1.206-9618&alias=node-w6.localdomain&noUDP&sock=startd_3756_e1cf>
	SlotName: slot1_13@node-w6.localdomain
	CondorScratchDir = "/var/lib/condor/execute/dir_950695"
	Cpus = 1
	Disk = 23552
	GPUs = 0
	Memory = 3968
...
006 (303213.045.000) 2025-05-21 18:16:09 Image size of job updated: 9404
	10  -  MemoryUsage of job (MB)
	9404  -  ResidentSetSize of job (KB)
...
006 (303213.045.000) 2025-05-21 18:21:09 Image size of job updated: 167564
	164  -  MemoryUsage of job (MB)
	167564  -  ResidentSetSize of job (KB)
...
006 (303213.045.000) 2025-05-21 18:41:10 Image size of job updated: 169928
	166  -  MemoryUsage of job (MB)
	169928  -  ResidentSetSize of job (KB)
...
006 (303213.045.000) 2025-05-21 18:46:11 Image size of job updated: 197276
	193  -  MemoryUsage of job (MB)
	197276  -  ResidentSetSize of job (KB)
...
005 (303213.045.000) 2025-05-21 20:48:59 Job terminated.
	(1) Normal termination (return value 1)
		Usr 0 02:29:27, Sys 0 00:00:02  -  Run Remote Usage
		Usr 0 00:00:00, Sys 0 00:00:00  -  Run Local Usage
		Usr 0 02:29:27, Sys 0 00:00:02  -  Total Remote Usage
		Usr 0 00:00:00, Sys 0 00:00:00  -  Total Local Usage
	0  -  Run Bytes Sent By Job
	0  -  Run Bytes Received By Job
	0  -  Total Bytes Sent By Job
	0  -  Total Bytes Received By Job
	Partitionable Resources :    Usage  Request Allocated 
	   Cpus                 :     1.00        1         1 
	   Disk (KB)            : 22500       22500     23552 
	   GPUs                 :                           0 
	   Memory (MB)          :   193        3900      3968 
	   TimeExecute (s)      :  9183                       
	   TimeSlotBusy (s)     :  9184                       

	Job terminated of its own accord at 2025-05-21T11:48:59Z with exit-code 1.
...
