000 (303213.050.000) 2025-05-21 18:15:53 Job submitted from host: <172.30.1.200:9618?addrs=172.30.1.200-9618&alias=tamsa2&noUDP&sock=schedd_2464_ad72>
...
001 (303213.050.000) 2025-05-21 18:15:56 Job executing on host: <172.30.1.206:9618?addrs=172.30.1.206-9618&alias=node-w6.localdomain&noUDP&sock=startd_3756_e1cf>
	SlotName: slot1_58@node-w6.localdomain
	CondorScratchDir = "/var/lib/condor/execute/dir_950700"
	Cpus = 1
	Disk = 23552
	GPUs = 0
	Memory = 3968
...
006 (303213.050.000) 2025-05-21 18:16:10 Image size of job updated: 9400
	10  -  MemoryUsage of job (MB)
	9400  -  ResidentSetSize of job (KB)
...
006 (303213.050.000) 2025-05-21 18:21:11 Image size of job updated: 163064
	160  -  MemoryUsage of job (MB)
	163064  -  ResidentSetSize of job (KB)
...
006 (303213.050.000) 2025-05-21 18:46:14 Image size of job updated: 165428
	162  -  MemoryUsage of job (MB)
	165428  -  ResidentSetSize of job (KB)
...
006 (303213.050.000) 2025-05-21 18:51:15 Image size of job updated: 187676
	184  -  MemoryUsage of job (MB)
	187676  -  ResidentSetSize of job (KB)
...
005 (303213.050.000) 2025-05-21 19:34:34 Job terminated.
	(1) Normal termination (return value 1)
		Usr 0 01:15:24, Sys 0 00:00:02  -  Run Remote Usage
		Usr 0 00:00:00, Sys 0 00:00:00  -  Run Local Usage
		Usr 0 01:15:24, Sys 0 00:00:02  -  Total Remote Usage
		Usr 0 00:00:00, Sys 0 00:00:00  -  Total Local Usage
	0  -  Run Bytes Sent By Job
	0  -  Run Bytes Received By Job
	0  -  Total Bytes Sent By Job
	0  -  Total Bytes Received By Job
	Partitionable Resources :    Usage  Request Allocated 
	   Cpus                 :     0.96        1         1 
	   Disk (KB)            : 22500       22500     23552 
	   GPUs                 :                           0 
	   Memory (MB)          :   184        3900      3968 
	   TimeExecute (s)      :  4718                       
	   TimeSlotBusy (s)     :  4718                       

	Job terminated of its own accord at 2025-05-21T10:34:34Z with exit-code 1.
...
