000 (202077.080.000) 2025-05-16 11:33:59 Job submitted from host: <172.30.1.200:9618?addrs=172.30.1.200-9618&alias=tamsa2&noUDP&sock=schedd_2464_ad72>
...
001 (202077.080.000) 2025-05-16 11:34:06 Job executing on host: <172.30.1.206:9618?addrs=172.30.1.206-9618&alias=node-w6.localdomain&noUDP&sock=startd_3756_e1cf>
	SlotName: slot1_17@node-w6.localdomain
	CondorScratchDir = "/var/lib/condor/execute/dir_2184227"
	Cpus = 1
	Disk = 23552
	GPUs = 0
	Memory = 3968
...
006 (202077.080.000) 2025-05-16 11:34:20 Image size of job updated: 9116
	9  -  MemoryUsage of job (MB)
	9116  -  ResidentSetSize of job (KB)
...
006 (202077.080.000) 2025-05-16 11:36:17 Image size of job updated: 12064
	9  -  MemoryUsage of job (MB)
	9116  -  ResidentSetSize of job (KB)
...
005 (202077.080.000) 2025-05-16 11:36:18 Job terminated.
	(1) Normal termination (return value 2)
		Usr 0 00:00:00, Sys 0 00:00:02  -  Run Remote Usage
		Usr 0 00:00:00, Sys 0 00:00:00  -  Run Local Usage
		Usr 0 00:00:00, Sys 0 00:00:02  -  Total Remote Usage
		Usr 0 00:00:00, Sys 0 00:00:00  -  Total Local Usage
	0  -  Run Bytes Sent By Job
	0  -  Run Bytes Received By Job
	0  -  Total Bytes Sent By Job
	0  -  Total Bytes Received By Job
	Partitionable Resources :    Usage  Request Allocated 
	   Cpus                 :     0.01        1         1 
	   Disk (KB)            : 22500       22500     23552 
	   GPUs                 :                           0 
	   Memory (MB)          :     9        3900      3968 
	   TimeExecute (s)      :   131                       
	   TimeSlotBusy (s)     :   132                       

	Job terminated of its own accord at 2025-05-16T02:36:17Z with exit-code 2.
...
000 (202083.080.000) 2025-05-16 11:49:31 Job submitted from host: <172.30.1.200:9618?addrs=172.30.1.200-9618&alias=tamsa2&noUDP&sock=schedd_2464_ad72>
...
001 (202083.080.000) 2025-05-16 11:50:37 Job executing on host: <172.30.1.221:9618?addrs=172.30.1.221-9618&alias=node-w21.localdomain&noUDP&sock=startd_10362_0c71>
	SlotName: slot1_70@node-w21.localdomain
	CondorScratchDir = "/var/lib/condor/execute/dir_428336"
	Cpus = 1
	Disk = 23552
	GPUs = 0
	Memory = 3968
...
006 (202083.080.000) 2025-05-16 11:50:52 Image size of job updated: 9112
	9  -  MemoryUsage of job (MB)
	9112  -  ResidentSetSize of job (KB)
...
006 (202083.080.000) 2025-05-16 11:55:52 Image size of job updated: 84332
	83  -  MemoryUsage of job (MB)
	84332  -  ResidentSetSize of job (KB)
...
006 (202083.080.000) 2025-05-16 13:41:02 Image size of job updated: 86692
	85  -  MemoryUsage of job (MB)
	86692  -  ResidentSetSize of job (KB)
...
006 (202083.080.000) 2025-05-16 13:46:02 Image size of job updated: 114240
	112  -  MemoryUsage of job (MB)
	114240  -  ResidentSetSize of job (KB)
...
005 (202083.080.000) 2025-05-16 16:40:10 Job terminated.
	(1) Normal termination (return value 1)
		Usr 0 04:47:55, Sys 0 00:00:03  -  Run Remote Usage
		Usr 0 00:00:00, Sys 0 00:00:00  -  Run Local Usage
		Usr 0 04:47:55, Sys 0 00:00:03  -  Total Remote Usage
		Usr 0 00:00:00, Sys 0 00:00:00  -  Total Local Usage
	0  -  Run Bytes Sent By Job
	0  -  Run Bytes Received By Job
	0  -  Total Bytes Sent By Job
	0  -  Total Bytes Received By Job
	Partitionable Resources :    Usage  Request Allocated 
	   Cpus                 :     0.99        1         1 
	   Disk (KB)            : 22500       22500     23552 
	   GPUs                 :                           0 
	   Memory (MB)          :   112        3900      3968 
	   TimeExecute (s)      : 17373                       
	   TimeSlotBusy (s)     : 17374                       

	Job terminated of its own accord at 2025-05-16T07:40:10Z with exit-code 1.
...
