000 (202077.086.000) 2025-05-16 11:33:59 Job submitted from host: <172.30.1.200:9618?addrs=172.30.1.200-9618&alias=tamsa2&noUDP&sock=schedd_2464_ad72>
...
001 (202077.086.000) 2025-05-16 11:34:06 Job executing on host: <172.30.1.206:9618?addrs=172.30.1.206-9618&alias=node-w6.localdomain&noUDP&sock=startd_3756_e1cf>
	SlotName: slot1_23@node-w6.localdomain
	CondorScratchDir = "/var/lib/condor/execute/dir_2184233"
	Cpus = 1
	Disk = 23552
	GPUs = 0
	Memory = 3968
...
006 (202077.086.000) 2025-05-16 11:34:20 Image size of job updated: 9116
	9  -  MemoryUsage of job (MB)
	9116  -  ResidentSetSize of job (KB)
...
006 (202077.086.000) 2025-05-16 11:36:17 Image size of job updated: 11440
	9  -  MemoryUsage of job (MB)
	9116  -  ResidentSetSize of job (KB)
...
005 (202077.086.000) 2025-05-16 11:36:18 Job terminated.
	(1) Normal termination (return value 2)
		Usr 0 00:00:01, Sys 0 00:00:02  -  Run Remote Usage
		Usr 0 00:00:00, Sys 0 00:00:00  -  Run Local Usage
		Usr 0 00:00:01, Sys 0 00:00:02  -  Total Remote Usage
		Usr 0 00:00:00, Sys 0 00:00:00  -  Total Local Usage
	0  -  Run Bytes Sent By Job
	0  -  Run Bytes Received By Job
	0  -  Total Bytes Sent By Job
	0  -  Total Bytes Received By Job
	Partitionable Resources :    Usage  Request Allocated 
	   Cpus                 :     0.01        1         1 
	   Disk (KB)            : 22500       22500     23552 
	   GPUs                 :                           0 
	   Memory (MB)          :     9        3900      3968 
	   TimeExecute (s)      :   131                       
	   TimeSlotBusy (s)     :   132                       

	Job terminated of its own accord at 2025-05-16T02:36:17Z with exit-code 2.
...
000 (202083.086.000) 2025-05-16 11:49:31 Job submitted from host: <172.30.1.200:9618?addrs=172.30.1.200-9618&alias=tamsa2&noUDP&sock=schedd_2464_ad72>
...
001 (202083.086.000) 2025-05-16 11:50:37 Job executing on host: <172.30.1.221:9618?addrs=172.30.1.221-9618&alias=node-w21.localdomain&noUDP&sock=startd_10362_0c71>
	SlotName: slot1_88@node-w21.localdomain
	CondorScratchDir = "/var/lib/condor/execute/dir_428342"
	Cpus = 1
	Disk = 23552
	GPUs = 0
	Memory = 3968
...
006 (202083.086.000) 2025-05-16 11:50:52 Image size of job updated: 9112
	9  -  MemoryUsage of job (MB)
	9112  -  ResidentSetSize of job (KB)
...
006 (202083.086.000) 2025-05-16 11:55:52 Image size of job updated: 85124
	84  -  MemoryUsage of job (MB)
	85124  -  ResidentSetSize of job (KB)
...
006 (202083.086.000) 2025-05-16 13:16:01 Image size of job updated: 89472
	88  -  MemoryUsage of job (MB)
	89472  -  ResidentSetSize of job (KB)
...
006 (202083.086.000) 2025-05-16 13:21:01 Image size of job updated: 90292
	89  -  MemoryUsage of job (MB)
	90292  -  ResidentSetSize of job (KB)
...
006 (202083.086.000) 2025-05-16 15:01:13 Image size of job updated: 92688
	91  -  MemoryUsage of job (MB)
	92688  -  ResidentSetSize of job (KB)
...
006 (202083.086.000) 2025-05-16 15:06:14 Image size of job updated: 114260
	112  -  MemoryUsage of job (MB)
	114260  -  ResidentSetSize of job (KB)
...
005 (202083.086.000) 2025-05-16 18:33:09 Job terminated.
	(1) Normal termination (return value 1)
		Usr 0 06:40:21, Sys 0 00:00:02  -  Run Remote Usage
		Usr 0 00:00:00, Sys 0 00:00:00  -  Run Local Usage
		Usr 0 06:40:21, Sys 0 00:00:02  -  Total Remote Usage
		Usr 0 00:00:00, Sys 0 00:00:00  -  Total Local Usage
	0  -  Run Bytes Sent By Job
	0  -  Run Bytes Received By Job
	0  -  Total Bytes Sent By Job
	0  -  Total Bytes Received By Job
	Partitionable Resources :    Usage  Request Allocated 
	   Cpus                 :     1.00        1         1 
	   Disk (KB)            : 22500       22500     23552 
	   GPUs                 :                           0 
	   Memory (MB)          :   112        3900      3968 
	   TimeExecute (s)      : 24152                       
	   TimeSlotBusy (s)     : 24153                       

	Job terminated of its own accord at 2025-05-16T09:33:09Z with exit-code 1.
...
