000 (202077.124.000) 2025-05-16 11:33:59 Job submitted from host: <172.30.1.200:9618?addrs=172.30.1.200-9618&alias=tamsa2&noUDP&sock=schedd_2464_ad72>
...
001 (202077.124.000) 2025-05-16 11:34:06 Job executing on host: <172.30.1.206:9618?addrs=172.30.1.206-9618&alias=node-w6.localdomain&noUDP&sock=startd_3756_e1cf>
	SlotName: slot1_61@node-w6.localdomain
	CondorScratchDir = "/var/lib/condor/execute/dir_2184273"
	Cpus = 1
	Disk = 23552
	GPUs = 0
	Memory = 3968
...
006 (202077.124.000) 2025-05-16 11:34:20 Image size of job updated: 9112
	9  -  MemoryUsage of job (MB)
	9112  -  ResidentSetSize of job (KB)
...
006 (202077.124.000) 2025-05-16 11:36:17 Image size of job updated: 11500
	9  -  MemoryUsage of job (MB)
	9112  -  ResidentSetSize of job (KB)
...
005 (202077.124.000) 2025-05-16 11:36:18 Job terminated.
	(1) Normal termination (return value 2)
		Usr 0 00:00:00, Sys 0 00:00:01  -  Run Remote Usage
		Usr 0 00:00:00, Sys 0 00:00:00  -  Run Local Usage
		Usr 0 00:00:00, Sys 0 00:00:01  -  Total Remote Usage
		Usr 0 00:00:00, Sys 0 00:00:00  -  Total Local Usage
	0  -  Run Bytes Sent By Job
	0  -  Run Bytes Received By Job
	0  -  Total Bytes Sent By Job
	0  -  Total Bytes Received By Job
	Partitionable Resources :    Usage  Request Allocated 
	   Cpus                 :     0.01        1         1 
	   Disk (KB)            : 22500       22500     23552 
	   GPUs                 :                           0 
	   Memory (MB)          :     9        3900      3968 
	   TimeExecute (s)      :   131                       
	   TimeSlotBusy (s)     :   132                       

	Job terminated of its own accord at 2025-05-16T02:36:17Z with exit-code 2.
...
000 (202083.124.000) 2025-05-16 11:49:31 Job submitted from host: <172.30.1.200:9618?addrs=172.30.1.200-9618&alias=tamsa2&noUDP&sock=schedd_2464_ad72>
...
001 (202083.124.000) 2025-05-16 11:50:33 Job executing on host: <172.30.1.201:9618?addrs=172.30.1.201-9618&alias=node-w1.localdomain&noUDP&sock=startd_3918_0026>
	SlotName: slot1_48@node-w1.localdomain
	CondorScratchDir = "/var/lib/condor/execute/dir_1277189"
	Cpus = 1
	Disk = 23552
	GPUs = 0
	Memory = 3968
...
006 (202083.124.000) 2025-05-16 11:50:47 Image size of job updated: 12948
	2  -  MemoryUsage of job (MB)
	1384  -  ResidentSetSize of job (KB)
...
006 (202083.124.000) 2025-05-16 11:55:48 Image size of job updated: 84356
	83  -  MemoryUsage of job (MB)
	84356  -  ResidentSetSize of job (KB)
...
006 (202083.124.000) 2025-05-16 13:30:58 Image size of job updated: 118024
	116  -  MemoryUsage of job (MB)
	118024  -  ResidentSetSize of job (KB)
...
005 (202083.124.000) 2025-05-17 02:18:24 Job terminated.
	(1) Normal termination (return value 1)
		Usr 0 14:23:34, Sys 0 00:00:01  -  Run Remote Usage
		Usr 0 00:00:00, Sys 0 00:00:00  -  Run Local Usage
		Usr 0 14:23:34, Sys 0 00:00:01  -  Total Remote Usage
		Usr 0 00:00:00, Sys 0 00:00:00  -  Total Local Usage
	0  -  Run Bytes Sent By Job
	0  -  Run Bytes Received By Job
	0  -  Total Bytes Sent By Job
	0  -  Total Bytes Received By Job
	Partitionable Resources :    Usage  Request Allocated 
	   Cpus                 :     1.00        1         1 
	   Disk (KB)            : 22500       22500     23552 
	   GPUs                 :                           0 
	   Memory (MB)          :   116        3900      3968 
	   TimeExecute (s)      : 52071                       
	   TimeSlotBusy (s)     : 52071                       

	Job terminated of its own accord at 2025-05-16T17:18:24Z with exit-code 1.
...
