000 (303213.034.000) 2025-05-21 18:15:53 Job submitted from host: <172.30.1.200:9618?addrs=172.30.1.200-9618&alias=tamsa2&noUDP&sock=schedd_2464_ad72>
...
001 (303213.034.000) 2025-05-21 18:15:56 Job executing on host: <172.30.1.213:9618?addrs=172.30.1.213-9618&alias=node-w13.localdomain&noUDP&sock=startd_3910_8364>
	SlotName: slot1_26@node-w13.localdomain
	CondorScratchDir = "/var/lib/condor/execute/dir_118258"
	Cpus = 1
	Disk = 23552
	GPUs = 0
	Memory = 3968
...
006 (303213.034.000) 2025-05-21 18:16:09 Image size of job updated: 9400
	10  -  MemoryUsage of job (MB)
	9400  -  ResidentSetSize of job (KB)
...
006 (303213.034.000) 2025-05-21 18:21:09 Image size of job updated: 167536
	164  -  MemoryUsage of job (MB)
	167536  -  ResidentSetSize of job (KB)
...
006 (303213.034.000) 2025-05-21 18:46:11 Image size of job updated: 173032
	169  -  MemoryUsage of job (MB)
	173032  -  ResidentSetSize of job (KB)
...
006 (303213.034.000) 2025-05-21 18:51:11 Image size of job updated: 177044
	173  -  MemoryUsage of job (MB)
	177044  -  ResidentSetSize of job (KB)
...
005 (303213.034.000) 2025-05-21 20:05:43 Job terminated.
	(1) Normal termination (return value 1)
		Usr 0 01:46:04, Sys 0 00:00:04  -  Run Remote Usage
		Usr 0 00:00:00, Sys 0 00:00:00  -  Run Local Usage
		Usr 0 01:46:04, Sys 0 00:00:04  -  Total Remote Usage
		Usr 0 00:00:00, Sys 0 00:00:00  -  Total Local Usage
	0  -  Run Bytes Sent By Job
	0  -  Run Bytes Received By Job
	0  -  Total Bytes Sent By Job
	0  -  Total Bytes Received By Job
	Partitionable Resources :    Usage  Request Allocated 
	   Cpus                 :     1.00        1         1 
	   Disk (KB)            : 22500       22500     23552 
	   GPUs                 :                           0 
	   Memory (MB)          :   173        3900      3968 
	   TimeExecute (s)      :  6587                       
	   TimeSlotBusy (s)     :  6587                       

	Job terminated of its own accord at 2025-05-21T11:05:43Z with exit-code 1.
...
