000 (303213.085.000) 2025-05-21 18:15:53 Job submitted from host: <172.30.1.200:9618?addrs=172.30.1.200-9618&alias=tamsa2&noUDP&sock=schedd_2464_ad72>
...
001 (303213.085.000) 2025-05-21 18:16:01 Job executing on host: <172.30.1.218:9618?addrs=172.30.1.218-9618&alias=node-w18.localdomain&noUDP&sock=startd_10356_eedf>
	SlotName: slot1_54@node-w18.localdomain
	CondorScratchDir = "/var/lib/condor/execute/dir_2301245"
	Cpus = 1
	Disk = 23552
	GPUs = 0
	Memory = 3968
...
006 (303213.085.000) 2025-05-21 18:16:16 Image size of job updated: 9404
	10  -  MemoryUsage of job (MB)
	9404  -  ResidentSetSize of job (KB)
...
006 (303213.085.000) 2025-05-21 18:21:17 Image size of job updated: 155588
	152  -  MemoryUsage of job (MB)
	155588  -  ResidentSetSize of job (KB)
...
006 (303213.085.000) 2025-05-21 18:26:18 Image size of job updated: 163088
	160  -  MemoryUsage of job (MB)
	163088  -  ResidentSetSize of job (KB)
...
006 (303213.085.000) 2025-05-21 21:16:29 Image size of job updated: 168540
	165  -  MemoryUsage of job (MB)
	168540  -  ResidentSetSize of job (KB)
...
006 (303213.085.000) 2025-05-21 21:17:12 Image size of job updated: 186552
	165  -  MemoryUsage of job (MB)
	168540  -  ResidentSetSize of job (KB)
...
005 (303213.085.000) 2025-05-21 21:17:12 Job terminated.
	(1) Normal termination (return value 1)
		Usr 0 02:55:52, Sys 0 00:00:05  -  Run Remote Usage
		Usr 0 00:00:00, Sys 0 00:00:00  -  Run Local Usage
		Usr 0 02:55:52, Sys 0 00:00:05  -  Total Remote Usage
		Usr 0 00:00:00, Sys 0 00:00:00  -  Total Local Usage
	0  -  Run Bytes Sent By Job
	0  -  Run Bytes Received By Job
	0  -  Total Bytes Sent By Job
	0  -  Total Bytes Received By Job
	Partitionable Resources :    Usage  Request Allocated 
	   Cpus                 :     1.00        1         1 
	   Disk (KB)            : 22500       22500     23552 
	   GPUs                 :                           0 
	   Memory (MB)          :   165        3900      3968 
	   TimeExecute (s)      : 10871                       
	   TimeSlotBusy (s)     : 10874                       

	Job terminated of its own accord at 2025-05-21T12:17:12Z with exit-code 1.
...
