000 (303213.010.000) 2025-05-21 18:15:53 Job submitted from host: <172.30.1.200:9618?addrs=172.30.1.200-9618&alias=tamsa2&noUDP&sock=schedd_2464_ad72>
...
001 (303213.010.000) 2025-05-21 18:15:55 Job executing on host: <172.30.1.212:9618?addrs=172.30.1.212-9618&alias=node-w12.localdomain&noUDP&sock=startd_3922_be87>
	SlotName: slot1_51@node-w12.localdomain
	CondorScratchDir = "/var/lib/condor/execute/dir_3703439"
	Cpus = 1
	Disk = 23552
	GPUs = 0
	Memory = 3968
...
006 (303213.010.000) 2025-05-21 18:16:09 Image size of job updated: 9400
	10  -  MemoryUsage of job (MB)
	9400  -  ResidentSetSize of job (KB)
...
006 (303213.010.000) 2025-05-21 18:21:10 Image size of job updated: 163052
	160  -  MemoryUsage of job (MB)
	163052  -  ResidentSetSize of job (KB)
...
005 (303213.010.000) 2025-05-21 18:40:58 Job terminated.
	(1) Normal termination (return value 1)
		Usr 0 00:22:10, Sys 0 00:00:02  -  Run Remote Usage
		Usr 0 00:00:00, Sys 0 00:00:00  -  Run Local Usage
		Usr 0 00:22:10, Sys 0 00:00:02  -  Total Remote Usage
		Usr 0 00:00:00, Sys 0 00:00:00  -  Total Local Usage
	0  -  Run Bytes Sent By Job
	0  -  Run Bytes Received By Job
	0  -  Total Bytes Sent By Job
	0  -  Total Bytes Received By Job
	Partitionable Resources :    Usage  Request Allocated 
	   Cpus                 :     0.99        1         1 
	   Disk (KB)            : 22500       22500     23552 
	   GPUs                 :                           0 
	   Memory (MB)          :   160        3900      3968 
	   TimeExecute (s)      :  1503                       
	   TimeSlotBusy (s)     :  1503                       

	Job terminated of its own accord at 2025-05-21T09:40:58Z with exit-code 1.
...
