000 (303213.000.000) 2025-05-21 18:15:53 Job submitted from host: <172.30.1.200:9618?addrs=172.30.1.200-9618&alias=tamsa2&noUDP&sock=schedd_2464_ad72>
...
001 (303213.000.000) 2025-05-21 18:15:55 Job executing on host: <172.30.1.216:9618?addrs=172.30.1.216-9618&alias=node-w16.localdomain&noUDP&sock=startd_3941_c6d4>
	SlotName: slot1_21@node-w16.localdomain
	CondorScratchDir = "/var/lib/condor/execute/dir_3330624"
	Cpus = 1
	Disk = 23552
	GPUs = 0
	Memory = 3968
...
006 (303213.000.000) 2025-05-21 18:16:08 Image size of job updated: 9396
	10  -  MemoryUsage of job (MB)
	9396  -  ResidentSetSize of job (KB)
...
006 (303213.000.000) 2025-05-21 18:21:08 Image size of job updated: 156532
	153  -  MemoryUsage of job (MB)
	156532  -  ResidentSetSize of job (KB)
...
006 (303213.000.000) 2025-05-21 18:26:09 Image size of job updated: 163308
	160  -  MemoryUsage of job (MB)
	163308  -  ResidentSetSize of job (KB)
...
005 (303213.000.000) 2025-05-21 23:49:50 Job terminated.
	(1) Normal termination (return value 1)
		Usr 0 05:29:29, Sys 0 00:00:06  -  Run Remote Usage
		Usr 0 00:00:00, Sys 0 00:00:00  -  Run Local Usage
		Usr 0 05:29:29, Sys 0 00:00:06  -  Total Remote Usage
		Usr 0 00:00:00, Sys 0 00:00:00  -  Total Local Usage
	0  -  Run Bytes Sent By Job
	0  -  Run Bytes Received By Job
	0  -  Total Bytes Sent By Job
	0  -  Total Bytes Received By Job
	Partitionable Resources :    Usage  Request Allocated 
	   Cpus                 :     1.00        1         1 
	   Disk (KB)            : 22500       22500     23552 
	   GPUs                 :                           0 
	   Memory (MB)          :   160        3900      3968 
	   TimeExecute (s)      : 20035                       
	   TimeSlotBusy (s)     : 20035                       

	Job terminated of its own accord at 2025-05-21T14:49:50Z with exit-code 1.
...
