LHAPDF 6.3.0 loading /cvmfs/cms.cern.ch/el9_amd64_gcc12/external/lhapdf/6.4.0-e7c4b9323f96fa15c22775e405ec99ed/share/LHAPDF/NNPDF31_nnlo_as_0118_luxqed/NNPDF31_nnlo_as_0118_luxqed_0000.dat
NNPDF31_nnlo_as_0118_luxqed PDF set, member #0, version 2; LHAPDF ID = 325100
Vegas input parameters:
  ndim 11
  ncomp 1
  epsrel 0
  epsabs 0
  flags 291
  seed 12
  mineval 1
  maxeval 1
  nstart 1000000
  nincrease 500000
  nbatch 1000
  gridno 1
  statefile "vegas_last_iter"

Iteration 1:  1000000 integrand evaluations so far
[1] 809.342 +- 6.97007  	chisq 0 (0 df)

Saving state to vegas_last_iter.
Vegas input parameters:
  ndim 11
  ncomp 1
  epsrel 0
  epsabs 0
  flags 291
  seed 13
  mineval 1
  maxeval 1
  nstart 1000000
  nincrease 500000
  nbatch 1000
  gridno 1
  statefile "vegas_last_iter"

Restoring state from vegas_last_iter.

Iteration 2:  2500000 integrand evaluations so far
[1] 810.42 +- 1.15794  	chisq 0.024598 (1 df)

Saving state to vegas_last_iter.
Vegas input parameters:
  ndim 11
  ncomp 1
  epsrel 0
  epsabs 0
  flags 291
  seed 14
  mineval 1
  maxeval 1
  nstart 1000000
  nincrease 500000
  nbatch 1000
  gridno 1
  statefile "vegas_last_iter"

Restoring state from vegas_last_iter.

Iteration 3:  4500000 integrand evaluations so far
[1] 811.934 +- 0.450149  	chisq 2.03843 (2 df)

Saving state to vegas_last_iter.
Vegas input parameters:
  ndim 11
  ncomp 1
  epsrel 0
  epsabs 0
  flags 291
  seed 15
  mineval 1
  maxeval 1
  nstart 1000000
  nincrease 500000
  nbatch 1000
  gridno 1
  statefile "vegas_last_iter"

Restoring state from vegas_last_iter.

Iteration 4:  7000000 integrand evaluations so far
[1] 811.814 +- 0.263716  	chisq 2.14595 (3 df)

Saving state to vegas_last_iter.
Vegas input parameters:
  ndim 11
  ncomp 1
  epsrel 0
  epsabs 0
  flags 291
  seed 16
  mineval 1
  maxeval 1
  nstart 1000000
  nincrease 500000
  nbatch 1000
  gridno 1
  statefile "vegas_last_iter"

Restoring state from vegas_last_iter.

Iteration 5:  10000000 integrand evaluations so far
[1] 811.68 +- 0.188127  	chisq 2.67703 (4 df)

Saving state to vegas_last_iter.
Vegas input parameters:
  ndim 11
  ncomp 1
  epsrel 0
  epsabs 0
  flags 291
  seed 17
  mineval 1
  maxeval 1
  nstart 1000000
  nincrease 500000
  nbatch 1000
  gridno 1
  statefile "vegas_last_iter"

Restoring state from vegas_last_iter.

Iteration 6:  13500000 integrand evaluations so far
[1] 811.734 +- 0.148308  	chisq 2.89356 (5 df)

Saving state to vegas_last_iter.
Vegas input parameters:
  ndim 11
  ncomp 1
  epsrel 0
  epsabs 0
  flags 291
  seed 18
  mineval 1
  maxeval 1
  nstart 1000000
  nincrease 500000
  nbatch 1000
  gridno 1
  statefile "vegas_last_iter"

Restoring state from vegas_last_iter.

Iteration 7:  17500000 integrand evaluations so far
[1] 811.859 +- 0.123368  	chisq 5.2071 (6 df)

Saving state to vegas_last_iter.
Vegas input parameters:
  ndim 11
  ncomp 1
  epsrel 0
  epsabs 0
  flags 291
  seed 19
  mineval 1
  maxeval 1
  nstart 1000000
  nincrease 500000
  nbatch 1000
  gridno 1
  statefile "vegas_last_iter"

Restoring state from vegas_last_iter.

Iteration 8:  22000000 integrand evaluations so far
[1] 811.878 +- 0.106218  	chisq 5.30081 (7 df)

Saving state to vegas_last_iter.
Vegas input parameters:
  ndim 11
  ncomp 1
  epsrel 0
  epsabs 0
  flags 291
  seed 20
  mineval 1
  maxeval 1
  nstart 1000000
  nincrease 500000
  nbatch 1000
  gridno 1
  statefile "vegas_last_iter"

Restoring state from vegas_last_iter.

Iteration 9:  27000000 integrand evaluations so far
[1] 811.869 +- 0.0935912  	chisq 5.33252 (8 df)

Saving state to vegas_last_iter.
Vegas input parameters:
  ndim 11
  ncomp 1
  epsrel 0
  epsabs 0
  flags 291
  seed 21
  mineval 1
  maxeval 1
  nstart 1000000
  nincrease 500000
  nbatch 1000
  gridno 1
  statefile "vegas_last_iter"

Restoring state from vegas_last_iter.

Iteration 10:  32500000 integrand evaluations so far
[1] 811.787 +- 0.0838172  	chisq 9.24141 (9 df)

Saving state to vegas_last_iter.
Vegas input parameters:
  ndim 11
  ncomp 1
  epsrel 0
  epsabs 0
  flags 291
  seed 22
  mineval 1
  maxeval 1
  nstart 1000000
  nincrease 500000
  nbatch 1000
  gridno 1
  statefile "vegas_last_iter"

Restoring state from vegas_last_iter.

Iteration 11:  38500000 integrand evaluations so far
[1] 811.754 +- 0.0760222  	chisq 10.0817 (10 df)

Saving state to vegas_last_iter.
Vegas input parameters:
  ndim 11
  ncomp 1
  epsrel 0
  epsabs 0
  flags 291
  seed 23
  mineval 1
  maxeval 1
  nstart 1000000
  nincrease 500000
  nbatch 1000
  gridno 1
  statefile "vegas_last_iter"

Restoring state from vegas_last_iter.

Iteration 12:  45000000 integrand evaluations so far
[1] 811.717 +- 0.0696271  	chisq 11.5716 (11 df)

Saving state to vegas_last_iter.
Vegas input parameters:
  ndim 11
  ncomp 1
  epsrel 0
  epsabs 0
  flags 291
  seed 24
  mineval 1
  maxeval 1
  nstart 1000000
  nincrease 500000
  nbatch 1000
  gridno 1
  statefile "vegas_last_iter"

Restoring state from vegas_last_iter.

Iteration 13:  52000000 integrand evaluations so far
[1] 811.748 +- 0.0642439  	chisq 12.8898 (12 df)

Saving state to vegas_last_iter.
Vegas input parameters:
  ndim 11
  ncomp 1
  epsrel 0
  epsabs 0
  flags 291
  seed 25
  mineval 1
  maxeval 1
  nstart 1000000
  nincrease 500000
  nbatch 1000
  gridno 1
  statefile "vegas_last_iter"

Restoring state from vegas_last_iter.

Iteration 14:  59500000 integrand evaluations so far
[1] 811.75 +- 0.0596887  	chisq 12.896 (13 df)

Saving state to vegas_last_iter.
Vegas input parameters:
  ndim 11
  ncomp 1
  epsrel 0
  epsabs 0
  flags 291
  seed 26
  mineval 1
  maxeval 1
  nstart 1000000
  nincrease 500000
  nbatch 1000
  gridno 1
  statefile "vegas_last_iter"

Restoring state from vegas_last_iter.

Iteration 15:  67500000 integrand evaluations so far
[1] 811.735 +- 0.0557662  	chisq 13.3579 (14 df)

Saving state to vegas_last_iter.
Vegas input parameters:
  ndim 11
  ncomp 1
  epsrel 0
  epsabs 0
  flags 291
  seed 27
  mineval 1
  maxeval 1
  nstart 1000000
  nincrease 500000
  nbatch 1000
  gridno 1
  statefile "vegas_last_iter"

Restoring state from vegas_last_iter.

Iteration 16:  76000000 integrand evaluations so far
[1] 811.718 +- 0.0523281  	chisq 14.1455 (15 df)

Saving state to vegas_last_iter.
Vegas input parameters:
  ndim 11
  ncomp 1
  epsrel 0
  epsabs 0
  flags 291
  seed 28
  mineval 1
  maxeval 1
  nstart 1000000
  nincrease 500000
  nbatch 1000
  gridno 1
  statefile "vegas_last_iter"

Restoring state from vegas_last_iter.
